Copyright 1986-2022 Xilinx, Inc. All Rights Reserved. Copyright 2022-2024 Advanced Micro Devices, Inc. All Rights Reserved.
---------------------------------------------------------------------------------------------------------------------------------------------
| Tool Version : Vivado v.2024.1 (win64) Build 5076996 Wed May 22 18:37:14 MDT 2024
| Date         : Sun Oct  6 15:12:41 2024
| Host         : DESKTOP-E0LD1A9 running 64-bit major release  (build 9200)
| Command      : report_clock_utilization -file system_wrapper_clock_utilization_routed.rpt
| Design       : system_wrapper
| Device       : 7k325t-ffv900
| Speed File   : -2  PRODUCTION 1.12 2017-02-17
| Design State : Routed
---------------------------------------------------------------------------------------------------------------------------------------------

Clock Utilization Report

Table of Contents
-----------------
1. Clock Primitive Utilization
2. Global Clock Resources
3. Global Clock Source Details
4. Local Clock Details
5. Clock Regions: Key Resource Utilization
6. Clock Regions : Global Clock Summary
7. Device Cell Placement Summary for Global Clock g0
8. Device Cell Placement Summary for Global Clock g1
9. Device Cell Placement Summary for Global Clock g2
10. Device Cell Placement Summary for Global Clock g3
11. Device Cell Placement Summary for Global Clock g4
12. Device Cell Placement Summary for Global Clock g5
13. Device Cell Placement Summary for Global Clock g6
14. Device Cell Placement Summary for Global Clock g7
15. Device Cell Placement Summary for Global Clock g8
16. Clock Region Cell Placement per Global Clock: Region X0Y0
17. Clock Region Cell Placement per Global Clock: Region X1Y0
18. Clock Region Cell Placement per Global Clock: Region X0Y1
19. Clock Region Cell Placement per Global Clock: Region X1Y1
20. Clock Region Cell Placement per Global Clock: Region X0Y2
21. Clock Region Cell Placement per Global Clock: Region X1Y2
22. Clock Region Cell Placement per Global Clock: Region X0Y3
23. Clock Region Cell Placement per Global Clock: Region X1Y3
24. Clock Region Cell Placement per Global Clock: Region X0Y4
25. Clock Region Cell Placement per Global Clock: Region X1Y4
26. Clock Region Cell Placement per Global Clock: Region X0Y5
27. Clock Region Cell Placement per Global Clock: Region X1Y5
28. Clock Region Cell Placement per Global Clock: Region X0Y6
29. Clock Region Cell Placement per Global Clock: Region X1Y6

1. Clock Primitive Utilization
------------------------------

+----------+------+-----------+-----+--------------+--------+
| Type     | Used | Available | LOC | Clock Region | Pblock |
+----------+------+-----------+-----+--------------+--------+
| BUFGCTRL |    8 |        32 |   0 |            0 |      0 |
| BUFH     |    1 |       168 |   0 |            0 |      0 |
| BUFIO    |    0 |        40 |   0 |            0 |      0 |
| BUFMR    |    0 |        20 |   0 |            0 |      0 |
| BUFR     |    0 |        40 |   0 |            0 |      0 |
| MMCM     |    3 |        10 |   1 |            0 |      0 |
| PLL      |    1 |        10 |   1 |            0 |      0 |
+----------+------+-----------+-----+--------------+--------+


2. Global Clock Resources
-------------------------

+-----------+-----------+-----------------+------------+---------------+--------------+-------------------+-------------+-----------------+--------------+----------------------------------------------------------+------------------------------------------------------------------------------------------------------------------------+--------------------------------------------------------------------------------------------------------------------------+
| Global Id | Source Id | Driver Type/Pin | Constraint | Site          | Clock Region | Load Clock Region | Clock Loads | Non-Clock Loads | Clock Period | Clock                                                    | Driver Pin                                                                                                             | Net                                                                                                                      |
+-----------+-----------+-----------------+------------+---------------+--------------+-------------------+-------------+-----------------+--------------+----------------------------------------------------------+------------------------------------------------------------------------------------------------------------------------+--------------------------------------------------------------------------------------------------------------------------+
| g0        | src0      | BUFG/O          | None       | BUFGCTRL_X0Y0 | n/a          |                14 |       25667 |               0 |       10.000 | clk_out1_system_clk_wiz_0_0                              | system_i/clk_wiz_0/inst/clkout1_buf/O                                                                                  | system_i/clk_wiz_0/inst/clk_out1                                                                                         |
| g1        | src1      | BUFG/O          | None       | BUFGCTRL_X0Y1 | n/a          |                 5 |       10011 |               0 |        5.000 | clk_pll_i                                                | system_i/mig_7series_0/u_system_mig_7series_0_0_mig/u_ddr3_infrastructure/u_bufg_clkdiv0/O                             | system_i/mig_7series_0/u_system_mig_7series_0_0_mig/u_ddr3_infrastructure/u_bufg_clkdiv0_0                               |
| g2        | src2      | BUFG/O          | None       | BUFGCTRL_X0Y4 | n/a          |                 3 |         250 |               0 |       33.333 | system_i/mdm_1/U0/Use_E2.BSCAN_I/Use_E2.BSCANE2_I/DRCK   | system_i/mdm_1/U0/No_Dbg_Reg_Access.BUFG_DRCK/Using_FPGA.Native/O                                                      | system_i/mdm_1/U0/No_Dbg_Reg_Access.BUFG_DRCK/Dbg_Clk_0                                                                  |
| g3        | src3      | BUFG/O          | None       | BUFGCTRL_X0Y5 | n/a          |                 1 |          46 |               0 |        5.000 | SYS_CLK_0_clk_p                                          | system_i/mig_7series_0/u_system_mig_7series_0_0_mig/u_iodelay_ctrl/clk_ref_200.u_bufg_clk_ref/O                        | system_i/mig_7series_0/u_system_mig_7series_0_0_mig/u_iodelay_ctrl/CLK                                                   |
| g4        | src4      | BUFG/O          | None       | BUFGCTRL_X0Y6 | n/a          |                 2 |          40 |               1 |       33.333 | system_i/mdm_1/U0/Use_E2.BSCAN_I/Use_E2.BSCANE2_I/UPDATE | system_i/mdm_1/U0/Use_E2.BSCAN_I/Dbg_Update_0_BUFG_inst/O                                                              | system_i/mdm_1/U0/Use_E2.BSCAN_I/Dbg_Update_0_BUFG                                                                       |
| g5        | src5      | BUFG/O          | None       | BUFGCTRL_X0Y2 | n/a          |                 3 |          22 |               0 |       10.000 | mmcm_ps_clk_bufg_in                                      | system_i/mig_7series_0/u_system_mig_7series_0_0_mig/u_ddr3_infrastructure/gen_mmcm.u_bufg_mmcm_ps_clk/O                | system_i/mig_7series_0/u_system_mig_7series_0_0_mig/u_ddr3_infrastructure/mmcm_ps_clk                                    |
| g6        | src6      | BUFG/O          | None       | BUFGCTRL_X0Y3 | n/a          |                 2 |          17 |               0 |        2.500 | clk_ref_mmcm_400                                         | system_i/mig_7series_0/u_system_mig_7series_0_0_mig/u_iodelay_ctrl/clk_ref_300_400_en.clk_ref_400.u_bufg_clk_ref_400/O | system_i/mig_7series_0/u_system_mig_7series_0_0_mig/u_iodelay_ctrl/clk_ref_300_400_en.clk_ref_400.u_bufg_clk_ref_400_n_0 |
| g7        | src7      | BUFG/O          | None       | BUFGCTRL_X0Y7 | n/a          |                 1 |           1 |               0 |        5.000 | clkfbout_system_clk_wiz_0_0                              | system_i/clk_wiz_0/inst/clkf_buf/O                                                                                     | system_i/clk_wiz_0/inst/clkfbout_buf_system_clk_wiz_0_0                                                                  |
| g8        | src8      | BUFH/O          | None       | BUFHCE_X1Y12  | X1Y1         |                 1 |           1 |               0 |        5.000 | pll_clk3_out                                             | system_i/mig_7series_0/u_system_mig_7series_0_0_mig/u_ddr3_infrastructure/u_bufh_pll_clk3/O                            | system_i/mig_7series_0/u_system_mig_7series_0_0_mig/u_ddr3_infrastructure/pll_clk3                                       |
+-----------+-----------+-----------------+------------+---------------+--------------+-------------------+-------------+-----------------+--------------+----------------------------------------------------------+------------------------------------------------------------------------------------------------------------------------+--------------------------------------------------------------------------------------------------------------------------+
* Clock Loads column represents cell count of net connects that connect to a clock pin. Internal cell leaf pins are not considered
** Non-Clock Loads column represents cell count of non-clock pin loads


3. Global Clock Source Details
------------------------------

+-----------+-----------+---------------------+-----------------+-----------------+--------------+-------------+-----------------+---------------------+----------------------------------------------------------+------------------------------------------------------------------------------------------------------+-----------------------------------------------------------------------------------------------+
| Source Id | Global Id | Driver Type/Pin     | Constraint      | Site            | Clock Region | Clock Loads | Non-Clock Loads | Source Clock Period | Source Clock                                             | Driver Pin                                                                                           | Net                                                                                           |
+-----------+-----------+---------------------+-----------------+-----------------+--------------+-------------+-----------------+---------------------+----------------------------------------------------------+------------------------------------------------------------------------------------------------------+-----------------------------------------------------------------------------------------------+
| src0      | g0        | MMCME2_ADV/CLKOUT0  | None            | MMCME2_ADV_X0Y3 | X0Y3         |           1 |               0 |              10.000 | clk_out1_system_clk_wiz_0_0                              | system_i/clk_wiz_0/inst/mmcm_adv_inst/CLKOUT0                                                        | system_i/clk_wiz_0/inst/clk_out1_system_clk_wiz_0_0                                           |
| src1      | g1        | MMCME2_ADV/CLKFBOUT | MMCME2_ADV_X1Y1 | MMCME2_ADV_X1Y1 | X1Y1         |           1 |               0 |               5.000 | clk_pll_i                                                | system_i/mig_7series_0/u_system_mig_7series_0_0_mig/u_ddr3_infrastructure/gen_mmcm.mmcm_i/CLKFBOUT   | system_i/mig_7series_0/u_system_mig_7series_0_0_mig/u_ddr3_infrastructure/clk_pll_i           |
| src2      | g2        | BSCANE2/DRCK        | None            | BSCAN_X0Y1      | X0Y2         |           1 |               0 |              33.333 | system_i/mdm_1/U0/Use_E2.BSCAN_I/Use_E2.BSCANE2_I/DRCK   | system_i/mdm_1/U0/Use_E2.BSCAN_I/Use_E2.BSCANE2_I/DRCK                                               | system_i/mdm_1/U0/Use_E2.BSCAN_I/DRCK                                                         |
| src3      | g3        | IBUFDS/O            | IOB_X1Y72       | IOB_X1Y72       | X1Y1         |           3 |               0 |               5.000 | SYS_CLK_0_clk_p                                          | system_i/mig_7series_0/u_system_mig_7series_0_0_mig/u_ddr3_clk_ibuf/diff_input_clk.u_ibufg_sys_clk/O | system_i/mig_7series_0/u_system_mig_7series_0_0_mig/u_ddr3_clk_ibuf/sys_clk_ibufg             |
| src4      | g4        | BSCANE2/UPDATE      | None            | BSCAN_X0Y1      | X0Y2         |           1 |               0 |              33.333 | system_i/mdm_1/U0/Use_E2.BSCAN_I/Use_E2.BSCANE2_I/UPDATE | system_i/mdm_1/U0/Use_E2.BSCAN_I/Use_E2.BSCANE2_I/UPDATE                                             | system_i/mdm_1/U0/Use_E2.BSCAN_I/Dbg_Update_0                                                 |
| src5      | g5        | MMCME2_ADV/CLKOUT0  | MMCME2_ADV_X1Y1 | MMCME2_ADV_X1Y1 | X1Y1         |           1 |               0 |              10.000 | mmcm_ps_clk_bufg_in                                      | system_i/mig_7series_0/u_system_mig_7series_0_0_mig/u_ddr3_infrastructure/gen_mmcm.mmcm_i/CLKOUT0    | system_i/mig_7series_0/u_system_mig_7series_0_0_mig/u_ddr3_infrastructure/mmcm_ps_clk_bufg_in |
| src6      | g6        | MMCME2_ADV/CLKOUT1  | None            | MMCME2_ADV_X1Y0 | X1Y0         |           1 |               0 |               2.500 | clk_ref_mmcm_400                                         | system_i/mig_7series_0/u_system_mig_7series_0_0_mig/u_iodelay_ctrl/clk_ref_mmcm_gen.mmcm_i/CLKOUT1   | system_i/mig_7series_0/u_system_mig_7series_0_0_mig/u_iodelay_ctrl/clk_ref_mmcm_400           |
| src7      | g7        | MMCME2_ADV/CLKFBOUT | None            | MMCME2_ADV_X0Y3 | X0Y3         |           1 |               0 |               5.000 | clkfbout_system_clk_wiz_0_0                              | system_i/clk_wiz_0/inst/mmcm_adv_inst/CLKFBOUT                                                       | system_i/clk_wiz_0/inst/clkfbout_system_clk_wiz_0_0                                           |
| src8      | g8        | PLLE2_ADV/CLKOUT3   | PLLE2_ADV_X1Y1  | PLLE2_ADV_X1Y1  | X1Y1         |           1 |               0 |               5.000 | pll_clk3_out                                             | system_i/mig_7series_0/u_system_mig_7series_0_0_mig/u_ddr3_infrastructure/plle2_i/CLKOUT3            | system_i/mig_7series_0/u_system_mig_7series_0_0_mig/u_ddr3_infrastructure/pll_clk3_out        |
+-----------+-----------+---------------------+-----------------+-----------------+--------------+-------------+-----------------+---------------------+----------------------------------------------------------+------------------------------------------------------------------------------------------------------+-----------------------------------------------------------------------------------------------+
* Clock Loads column represents cell count of net connects that connect to a clock pin. Internal cell leaf pins are not considered
** Non-Clock Loads column represents cell count of non-clock pin loads


4. Local Clock Details
----------------------

+----------+----------------------------+----------------------+-------------------------------------+--------------+-------------+-----------------+--------------+----------------+--------------------------------------------------------------------------------------------------------------------------------------------------------------------------------------------------------------------------+-----------------------------------------------------------------------------------------------------------------------------------------------------------------------------------------------------------------------+
| Local Id | Driver Type/Pin            | Constraint           | Site/BEL                            | Clock Region | Clock Loads | Non-Clock Loads | Clock Period | Clock          | Driver Pin                                                                                                                                                                                                               | Net                                                                                                                                                                                                                   |
+----------+----------------------------+----------------------+-------------------------------------+--------------+-------------+-----------------+--------------+----------------+--------------------------------------------------------------------------------------------------------------------------------------------------------------------------------------------------------------------------+-----------------------------------------------------------------------------------------------------------------------------------------------------------------------------------------------------------------------+
| 0        | PLLE2_ADV/CLKOUT0          | PLLE2_ADV_X1Y1       | PLLE2_ADV_X1Y1/PLLE2_ADV            | X1Y1         |          14 |               8 |        1.250 | freq_refclk    | system_i/mig_7series_0/u_system_mig_7series_0_0_mig/u_ddr3_infrastructure/plle2_i/CLKOUT0                                                                                                                                | system_i/mig_7series_0/u_system_mig_7series_0_0_mig/u_ddr3_infrastructure/freq_refclk                                                                                                                                 |
| 1        | PLLE2_ADV/CLKOUT1          | PLLE2_ADV_X1Y1       | PLLE2_ADV_X1Y1/PLLE2_ADV            | X1Y1         |           3 |              19 |        1.250 | mem_refclk     | system_i/mig_7series_0/u_system_mig_7series_0_0_mig/u_ddr3_infrastructure/plle2_i/CLKOUT1                                                                                                                                | system_i/mig_7series_0/u_system_mig_7series_0_0_mig/u_ddr3_infrastructure/mem_refclk                                                                                                                                  |
| 2        | PHASER_OUT_PHY/OCLKDELAYED | PHASER_OUT_PHY_X1Y8  | PHASER_OUT_PHY_X1Y8/PHASER_OUT_PHY  | X1Y2         |           2 |               0 |        1.250 | oserdes_clk    | system_i/mig_7series_0/u_system_mig_7series_0_0_mig/u_memc_ui_top_axi/mem_intfc0/ddr_phy_top0/u_ddr_mc_phy_wrapper/u_ddr_mc_phy/ddr_phy_4lanes_0.u_ddr_phy_4lanes/ddr_byte_lane_A.ddr_byte_lane_A/phaser_out/OCLKDELAYED | system_i/mig_7series_0/u_system_mig_7series_0_0_mig/u_memc_ui_top_axi/mem_intfc0/ddr_phy_top0/u_ddr_mc_phy_wrapper/u_ddr_mc_phy/ddr_phy_4lanes_0.u_ddr_phy_4lanes/ddr_byte_lane_A.ddr_byte_lane_A/oserdes_clk_delayed |
| 3        | PHASER_OUT_PHY/OCLKDELAYED | PHASER_OUT_PHY_X1Y9  | PHASER_OUT_PHY_X1Y9/PHASER_OUT_PHY  | X1Y2         |           2 |               0 |        1.250 | oserdes_clk_1  | system_i/mig_7series_0/u_system_mig_7series_0_0_mig/u_memc_ui_top_axi/mem_intfc0/ddr_phy_top0/u_ddr_mc_phy_wrapper/u_ddr_mc_phy/ddr_phy_4lanes_0.u_ddr_phy_4lanes/ddr_byte_lane_B.ddr_byte_lane_B/phaser_out/OCLKDELAYED | system_i/mig_7series_0/u_system_mig_7series_0_0_mig/u_memc_ui_top_axi/mem_intfc0/ddr_phy_top0/u_ddr_mc_phy_wrapper/u_ddr_mc_phy/ddr_phy_4lanes_0.u_ddr_phy_4lanes/ddr_byte_lane_B.ddr_byte_lane_B/oserdes_clk_delayed |
| 4        | PHASER_OUT_PHY/OCLKDELAYED | PHASER_OUT_PHY_X1Y10 | PHASER_OUT_PHY_X1Y10/PHASER_OUT_PHY | X1Y2         |           2 |               0 |        1.250 | oserdes_clk_2  | system_i/mig_7series_0/u_system_mig_7series_0_0_mig/u_memc_ui_top_axi/mem_intfc0/ddr_phy_top0/u_ddr_mc_phy_wrapper/u_ddr_mc_phy/ddr_phy_4lanes_0.u_ddr_phy_4lanes/ddr_byte_lane_C.ddr_byte_lane_C/phaser_out/OCLKDELAYED | system_i/mig_7series_0/u_system_mig_7series_0_0_mig/u_memc_ui_top_axi/mem_intfc0/ddr_phy_top0/u_ddr_mc_phy_wrapper/u_ddr_mc_phy/ddr_phy_4lanes_0.u_ddr_phy_4lanes/ddr_byte_lane_C.ddr_byte_lane_C/oserdes_clk_delayed |
| 5        | PHASER_OUT_PHY/OCLKDELAYED | PHASER_OUT_PHY_X1Y11 | PHASER_OUT_PHY_X1Y11/PHASER_OUT_PHY | X1Y2         |           2 |               0 |        1.250 | oserdes_clk_3  | system_i/mig_7series_0/u_system_mig_7series_0_0_mig/u_memc_ui_top_axi/mem_intfc0/ddr_phy_top0/u_ddr_mc_phy_wrapper/u_ddr_mc_phy/ddr_phy_4lanes_0.u_ddr_phy_4lanes/ddr_byte_lane_D.ddr_byte_lane_D/phaser_out/OCLKDELAYED | system_i/mig_7series_0/u_system_mig_7series_0_0_mig/u_memc_ui_top_axi/mem_intfc0/ddr_phy_top0/u_ddr_mc_phy_wrapper/u_ddr_mc_phy/ddr_phy_4lanes_0.u_ddr_phy_4lanes/ddr_byte_lane_D.ddr_byte_lane_D/oserdes_clk_delayed |
| 6        | PHASER_OUT_PHY/OCLKDELAYED | PHASER_OUT_PHY_X1Y0  | PHASER_OUT_PHY_X1Y0/PHASER_OUT_PHY  | X1Y0         |           2 |               0 |        1.250 | oserdes_clk_7  | system_i/mig_7series_0/u_system_mig_7series_0_0_mig/u_memc_ui_top_axi/mem_intfc0/ddr_phy_top0/u_ddr_mc_phy_wrapper/u_ddr_mc_phy/ddr_phy_4lanes_2.u_ddr_phy_4lanes/ddr_byte_lane_A.ddr_byte_lane_A/phaser_out/OCLKDELAYED | system_i/mig_7series_0/u_system_mig_7series_0_0_mig/u_memc_ui_top_axi/mem_intfc0/ddr_phy_top0/u_ddr_mc_phy_wrapper/u_ddr_mc_phy/ddr_phy_4lanes_2.u_ddr_phy_4lanes/ddr_byte_lane_A.ddr_byte_lane_A/oserdes_clk_delayed |
| 7        | PHASER_OUT_PHY/OCLKDELAYED | PHASER_OUT_PHY_X1Y1  | PHASER_OUT_PHY_X1Y1/PHASER_OUT_PHY  | X1Y0         |           2 |               0 |        1.250 | oserdes_clk_8  | system_i/mig_7series_0/u_system_mig_7series_0_0_mig/u_memc_ui_top_axi/mem_intfc0/ddr_phy_top0/u_ddr_mc_phy_wrapper/u_ddr_mc_phy/ddr_phy_4lanes_2.u_ddr_phy_4lanes/ddr_byte_lane_B.ddr_byte_lane_B/phaser_out/OCLKDELAYED | system_i/mig_7series_0/u_system_mig_7series_0_0_mig/u_memc_ui_top_axi/mem_intfc0/ddr_phy_top0/u_ddr_mc_phy_wrapper/u_ddr_mc_phy/ddr_phy_4lanes_2.u_ddr_phy_4lanes/ddr_byte_lane_B.ddr_byte_lane_B/oserdes_clk_delayed |
| 8        | PHASER_OUT_PHY/OCLKDELAYED | PHASER_OUT_PHY_X1Y2  | PHASER_OUT_PHY_X1Y2/PHASER_OUT_PHY  | X1Y0         |           2 |               0 |        1.250 | oserdes_clk_9  | system_i/mig_7series_0/u_system_mig_7series_0_0_mig/u_memc_ui_top_axi/mem_intfc0/ddr_phy_top0/u_ddr_mc_phy_wrapper/u_ddr_mc_phy/ddr_phy_4lanes_2.u_ddr_phy_4lanes/ddr_byte_lane_C.ddr_byte_lane_C/phaser_out/OCLKDELAYED | system_i/mig_7series_0/u_system_mig_7series_0_0_mig/u_memc_ui_top_axi/mem_intfc0/ddr_phy_top0/u_ddr_mc_phy_wrapper/u_ddr_mc_phy/ddr_phy_4lanes_2.u_ddr_phy_4lanes/ddr_byte_lane_C.ddr_byte_lane_C/oserdes_clk_delayed |
| 9        | PHASER_OUT_PHY/OCLKDELAYED | PHASER_OUT_PHY_X1Y3  | PHASER_OUT_PHY_X1Y3/PHASER_OUT_PHY  | X1Y0         |           2 |               0 |        1.250 | oserdes_clk_10 | system_i/mig_7series_0/u_system_mig_7series_0_0_mig/u_memc_ui_top_axi/mem_intfc0/ddr_phy_top0/u_ddr_mc_phy_wrapper/u_ddr_mc_phy/ddr_phy_4lanes_2.u_ddr_phy_4lanes/ddr_byte_lane_D.ddr_byte_lane_D/phaser_out/OCLKDELAYED | system_i/mig_7series_0/u_system_mig_7series_0_0_mig/u_memc_ui_top_axi/mem_intfc0/ddr_phy_top0/u_ddr_mc_phy_wrapper/u_ddr_mc_phy/ddr_phy_4lanes_2.u_ddr_phy_4lanes/ddr_byte_lane_D.ddr_byte_lane_D/oserdes_clk_delayed |
+----------+----------------------------+----------------------+-------------------------------------+--------------+-------------+-----------------+--------------+----------------+--------------------------------------------------------------------------------------------------------------------------------------------------------------------------------------------------------------------------+-----------------------------------------------------------------------------------------------------------------------------------------------------------------------------------------------------------------------+
* Local Clocks in this context represents only clocks driven by non-global buffers
** Clock Loads column represents cell count of net connects that connect to a clock pin. Internal cell leaf pins are not considered
*** Non-Clock Loads column represents cell count of non-clock pin loads


5. Clock Regions: Key Resource Utilization
------------------------------------------

+-------------------+--------------+--------------+--------------+--------------+--------------+--------------+--------------+--------------+--------------+--------------+--------------+--------------+--------------+--------------+--------------+
|                   | Global Clock |     BUFRs    |    BUFMRs    |    BUFIOs    |     MMCM     |      PLL     |      GT      |      PCI     |    ILOGIC    |    OLOGIC    |      FF      |     LUTM     |    RAMB18    |    RAMB36    |    DSP48E2   |
+-------------------+------+-------+------+-------+------+-------+------+-------+------+-------+------+-------+------+-------+------+-------+------+-------+------+-------+------+-------+------+-------+------+-------+------+-------+------+-------+
| Clock Region Name | Used | Avail | Used | Avail | Used | Avail | Used | Avail | Used | Avail | Used | Avail | Used | Avail | Used | Avail | Used | Avail | Used | Avail | Used | Avail | Used | Avail | Used | Avail | Used | Avail | Used | Avail |
+-------------------+------+-------+------+-------+------+-------+------+-------+------+-------+------+-------+------+-------+------+-------+------+-------+------+-------+------+-------+------+-------+------+-------+------+-------+------+-------+
| X0Y0              |    1 |    12 |    0 |     4 |    0 |     2 |    0 |     4 |    0 |     1 |    0 |     1 |    0 |     0 |    0 |     0 |    0 |    50 |    0 |    50 | 5385 |  4000 | 1533 |  1150 |    0 |    60 |   30 |    30 |    0 |    60 |
| X1Y0              |    4 |    12 |    0 |     4 |    0 |     2 |    0 |     4 |    0 |     1 |    0 |     1 |    0 |     0 |    0 |     0 |    4 |    50 |    8 |    50 | 7305 |  3700 | 2393 |  1200 |    0 |    80 |   39 |    40 |    0 |    60 |
| X0Y1              |    1 |    12 |    0 |     4 |    0 |     2 |    0 |     4 |    0 |     1 |    0 |     1 |    0 |     0 |    0 |     0 |    0 |    50 |    0 |    50 | 6078 |  4000 | 1840 |  1150 |    1 |    60 |   28 |    30 |    0 |    60 |
| X1Y1              |    5 |    12 |    0 |     4 |    0 |     2 |    0 |     4 |    1 |     1 |    0 |     1 |    0 |     0 |    0 |     0 |    0 |    50 |    0 |    50 | 8719 |  3700 | 2996 |  1200 |    0 |    80 |   40 |    40 |    0 |    60 |
| X0Y2              |    4 |    12 |    0 |     4 |    0 |     2 |    0 |     4 |    0 |     1 |    0 |     1 |    0 |     0 |    0 |     0 |    4 |    50 |    0 |    50 | 1556 |  3400 |  539 |  1150 |    0 |    60 |   30 |    30 |    0 |    60 |
| X1Y2              |    6 |    12 |    0 |     4 |    0 |     2 |    0 |     4 |    0 |     1 |    0 |     1 |    0 |     0 |    0 |     0 |    4 |    50 |    8 |    50 | 4620 |  3700 | 1618 |  1200 |    0 |    80 |   38 |    40 |    0 |    60 |
| X0Y3              |    4 |    12 |    0 |     4 |    0 |     2 |    0 |     4 |    1 |     1 |    0 |     1 |    0 |     0 |    0 |     0 |    0 |    50 |    0 |    50 |   72 |  3400 |   22 |  1150 |    1 |    60 |   29 |    30 |    0 |    60 |
| X1Y3              |    1 |    12 |    0 |     0 |    0 |     0 |    0 |     0 |    0 |     0 |    0 |     0 |    0 |     4 |    0 |     1 |    0 |     0 |    0 |     0 |   13 |  3150 |   13 |  1050 |    0 |    50 |   25 |    25 |    0 |    60 |
| X0Y4              |    1 |    12 |    0 |     4 |    0 |     2 |    0 |     4 |    0 |     1 |    0 |     1 |    0 |     0 |    0 |     0 |    0 |    50 |    0 |    50 |    0 |  4000 |    0 |  1150 |    0 |    60 |   30 |    30 |    0 |    60 |
| X1Y4              |    1 |    12 |    0 |     0 |    0 |     0 |    0 |     0 |    0 |     0 |    0 |     0 |    0 |     4 |    0 |     0 |    0 |     0 |    0 |     0 |    0 |  3300 |    0 |  1100 |    0 |    60 |   30 |    30 |    0 |    60 |
| X0Y5              |    1 |    12 |    0 |     4 |    0 |     2 |    0 |     4 |    0 |     1 |    0 |     1 |    0 |     0 |    0 |     0 |    0 |    50 |    0 |    50 |    0 |  4000 |    0 |  1150 |    0 |    60 |   30 |    30 |    0 |    60 |
| X1Y5              |    1 |    12 |    0 |     0 |    0 |     0 |    0 |     0 |    0 |     0 |    0 |     0 |    0 |     4 |    0 |     0 |    0 |     0 |    0 |     0 |    0 |  3300 |    0 |  1100 |    0 |    60 |   28 |    30 |    0 |    60 |
| X0Y6              |    1 |    12 |    0 |     4 |    0 |     2 |    0 |     4 |    0 |     1 |    0 |     1 |    0 |     0 |    0 |     0 |    0 |    50 |    0 |    50 |    0 |  4000 |    0 |  1150 |    0 |    60 |   11 |    30 |    0 |    60 |
| X1Y6              |    1 |    12 |    0 |     0 |    0 |     0 |    0 |     0 |    0 |     0 |    0 |     0 |    0 |     4 |    0 |     0 |    0 |     0 |    0 |     0 |    0 |  3300 |    0 |  1100 |    0 |    60 |    2 |    30 |    0 |    60 |
+-------------------+------+-------+------+-------+------+-------+------+-------+------+-------+------+-------+------+-------+------+-------+------+-------+------+-------+------+-------+------+-------+------+-------+------+-------+------+-------+
* Global Clock column represents track count; while other columns represents cell counts


6. Clock Regions : Global Clock Summary
---------------------------------------

All Modules
+----+----+----+
|    | X0 | X1 |
+----+----+----+
| Y6 |  0 |  0 |
| Y5 |  0 |  0 |
| Y4 |  0 |  0 |
| Y3 |  0 |  0 |
| Y2 |  0 |  0 |
| Y1 |  0 |  0 |
| Y0 |  0 |  0 |
+----+----+----+


7. Device Cell Placement Summary for Global Clock g0
----------------------------------------------------

+-----------+-----------------+-------------------+-----------------------------+-------------+---------------+-------------+----------+----------------+----------+----------------------------------+
| Global Id | Driver Type/Pin | Driver Region (D) | Clock                       | Period (ns) | Waveform (ns) | Slice Loads | IO Loads | Clocking Loads | GT Loads | Net                              |
+-----------+-----------------+-------------------+-----------------------------+-------------+---------------+-------------+----------+----------------+----------+----------------------------------+
| g0        | BUFG/O          | n/a               | clk_out1_system_clk_wiz_0_0 |      10.000 | {0.000 5.000} |       25447 |        0 |              0 |        0 | system_i/clk_wiz_0/inst/clk_out1 |
+-----------+-----------------+-------------------+-----------------------------+-------------+---------------+-------------+----------+----------------+----------+----------------------------------+
* Slice Loads column represents load cell count of all cell types other than IO, GT and clock resources
** IO Loads column represents load cell count of IO types
*** Clocking Loads column represents load cell count that are clock resources (global clock buffer, MMCM, PLL, etc)
**** GT Loads column represents load cell count of GT types


+----+-------+-------+-----------------------+
|    | X0    | X1    | HORIZONTAL PROG DELAY |
+----+-------+-------+-----------------------+
| Y6 |    11 |     2 |                     0 |
| Y5 |    30 |    28 |                     0 |
| Y4 |    30 |    30 |                     0 |
| Y3 |    35 |    38 |                     0 |
| Y2 |  1423 |  2937 |                     0 |
| Y1 |  6220 |  5274 |                     0 |
| Y0 |  5474 |  3915 |                     0 |
+----+-------+-------+-----------------------+


8. Device Cell Placement Summary for Global Clock g1
----------------------------------------------------

+-----------+-----------------+-------------------+-----------+-------------+---------------+-------------+----------+----------------+----------+--------------------------------------------------------------------------------------------+
| Global Id | Driver Type/Pin | Driver Region (D) | Clock     | Period (ns) | Waveform (ns) | Slice Loads | IO Loads | Clocking Loads | GT Loads | Net                                                                                        |
+-----------+-----------------+-------------------+-----------+-------------+---------------+-------------+----------+----------------+----------+--------------------------------------------------------------------------------------------+
| g1        | BUFG/O          | n/a               | clk_pll_i |       5.000 | {0.000 2.500} |        9609 |        0 |              2 |        0 | system_i/mig_7series_0/u_system_mig_7series_0_0_mig/u_ddr3_infrastructure/u_bufg_clkdiv0_0 |
+-----------+-----------------+-------------------+-----------+-------------+---------------+-------------+----------+----------------+----------+--------------------------------------------------------------------------------------------+
* Slice Loads column represents load cell count of all cell types other than IO, GT and clock resources
** IO Loads column represents load cell count of IO types
*** Clocking Loads column represents load cell count that are clock resources (global clock buffer, MMCM, PLL, etc)
**** GT Loads column represents load cell count of GT types


+----+-----+-------+-----------------------+
|    | X0  | X1    | HORIZONTAL PROG DELAY |
+----+-----+-------+-----------------------+
| Y6 |   0 |     0 |                     - |
| Y5 |   0 |     0 |                     - |
| Y4 |   0 |     0 |                     - |
| Y3 |  24 |     0 |                     0 |
| Y2 |  55 |  1764 |                     0 |
| Y1 |   0 |  4073 |                     0 |
| Y0 |   0 |  3695 |                     0 |
+----+-----+-------+-----------------------+


9. Device Cell Placement Summary for Global Clock g2
----------------------------------------------------

+-----------+-----------------+-------------------+--------------------------------------------------------+-------------+----------------+-------------+----------+----------------+----------+---------------------------------------------------------+
| Global Id | Driver Type/Pin | Driver Region (D) | Clock                                                  | Period (ns) | Waveform (ns)  | Slice Loads | IO Loads | Clocking Loads | GT Loads | Net                                                     |
+-----------+-----------------+-------------------+--------------------------------------------------------+-------------+----------------+-------------+----------+----------------+----------+---------------------------------------------------------+
| g2        | BUFG/O          | n/a               | system_i/mdm_1/U0/Use_E2.BSCAN_I/Use_E2.BSCANE2_I/DRCK |      33.333 | {0.000 16.667} |         250 |        0 |              0 |        0 | system_i/mdm_1/U0/No_Dbg_Reg_Access.BUFG_DRCK/Dbg_Clk_0 |
+-----------+-----------------+-------------------+--------------------------------------------------------+-------------+----------------+-------------+----------+----------------+----------+---------------------------------------------------------+
* Slice Loads column represents load cell count of all cell types other than IO, GT and clock resources
** IO Loads column represents load cell count of IO types
*** Clocking Loads column represents load cell count that are clock resources (global clock buffer, MMCM, PLL, etc)
**** GT Loads column represents load cell count of GT types


+----+-----+------+-----------------------+
|    | X0  | X1   | HORIZONTAL PROG DELAY |
+----+-----+------+-----------------------+
| Y6 |   0 |    0 |                     - |
| Y5 |   0 |    0 |                     - |
| Y4 |   0 |    0 |                     - |
| Y3 |   0 |    0 |                     - |
| Y2 |  81 |  154 |                     0 |
| Y1 |   0 |   15 |                     0 |
| Y0 |   0 |    0 |                     - |
+----+-----+------+-----------------------+


10. Device Cell Placement Summary for Global Clock g3
-----------------------------------------------------

+-----------+-----------------+-------------------+-----------------+-------------+---------------+-------------+----------+----------------+----------+------------------------------------------------------------------------+
| Global Id | Driver Type/Pin | Driver Region (D) | Clock           | Period (ns) | Waveform (ns) | Slice Loads | IO Loads | Clocking Loads | GT Loads | Net                                                                    |
+-----------+-----------------+-------------------+-----------------+-------------+---------------+-------------+----------+----------------+----------+------------------------------------------------------------------------+
| g3        | BUFG/O          | n/a               | SYS_CLK_0_clk_p |       5.000 | {0.000 2.500} |          46 |        0 |              0 |        0 | system_i/mig_7series_0/u_system_mig_7series_0_0_mig/u_iodelay_ctrl/CLK |
+-----------+-----------------+-------------------+-----------------+-------------+---------------+-------------+----------+----------------+----------+------------------------------------------------------------------------+
* Slice Loads column represents load cell count of all cell types other than IO, GT and clock resources
** IO Loads column represents load cell count of IO types
*** Clocking Loads column represents load cell count that are clock resources (global clock buffer, MMCM, PLL, etc)
**** GT Loads column represents load cell count of GT types


+----+-----+----+-----------------------+
|    | X0  | X1 | HORIZONTAL PROG DELAY |
+----+-----+----+-----------------------+
| Y6 |   0 |  0 |                     - |
| Y5 |   0 |  0 |                     - |
| Y4 |   0 |  0 |                     - |
| Y3 |  46 |  0 |                     0 |
| Y2 |   0 |  0 |                     - |
| Y1 |   0 |  0 |                     - |
| Y0 |   0 |  0 |                     - |
+----+-----+----+-----------------------+


11. Device Cell Placement Summary for Global Clock g4
-----------------------------------------------------

+-----------+-----------------+-------------------+----------------------------------------------------------+-------------+----------------+-------------+----------+----------------+----------+----------------------------------------------------+
| Global Id | Driver Type/Pin | Driver Region (D) | Clock                                                    | Period (ns) | Waveform (ns)  | Slice Loads | IO Loads | Clocking Loads | GT Loads | Net                                                |
+-----------+-----------------+-------------------+----------------------------------------------------------+-------------+----------------+-------------+----------+----------------+----------+----------------------------------------------------+
| g4        | BUFG/O          | n/a               | system_i/mdm_1/U0/Use_E2.BSCAN_I/Use_E2.BSCANE2_I/UPDATE |      33.333 | {0.000 16.667} |          41 |        0 |              0 |        0 | system_i/mdm_1/U0/Use_E2.BSCAN_I/Dbg_Update_0_BUFG |
+-----------+-----------------+-------------------+----------------------------------------------------------+-------------+----------------+-------------+----------+----------------+----------+----------------------------------------------------+
* Slice Loads column represents load cell count of all cell types other than IO, GT and clock resources
** IO Loads column represents load cell count of IO types
*** Clocking Loads column represents load cell count that are clock resources (global clock buffer, MMCM, PLL, etc)
**** GT Loads column represents load cell count of GT types


+----+-----+-----+-----------------------+
|    | X0  | X1  | HORIZONTAL PROG DELAY |
+----+-----+-----+-----------------------+
| Y6 |   0 |   0 |                     - |
| Y5 |   0 |   0 |                     - |
| Y4 |   0 |   0 |                     - |
| Y3 |   0 |   0 |                     - |
| Y2 |  30 |  11 |                     0 |
| Y1 |   0 |   0 |                     - |
| Y0 |   0 |   0 |                     - |
+----+-----+-----+-----------------------+


12. Device Cell Placement Summary for Global Clock g5
-----------------------------------------------------

+-----------+-----------------+-------------------+---------------------+-------------+---------------+-------------+----------+----------------+----------+---------------------------------------------------------------------------------------+
| Global Id | Driver Type/Pin | Driver Region (D) | Clock               | Period (ns) | Waveform (ns) | Slice Loads | IO Loads | Clocking Loads | GT Loads | Net                                                                                   |
+-----------+-----------------+-------------------+---------------------+-------------+---------------+-------------+----------+----------------+----------+---------------------------------------------------------------------------------------+
| g5        | BUFG/O          | n/a               | mmcm_ps_clk_bufg_in |      10.000 | {0.000 5.000} |          22 |        0 |              0 |        0 | system_i/mig_7series_0/u_system_mig_7series_0_0_mig/u_ddr3_infrastructure/mmcm_ps_clk |
+-----------+-----------------+-------------------+---------------------+-------------+---------------+-------------+----------+----------------+----------+---------------------------------------------------------------------------------------+
* Slice Loads column represents load cell count of all cell types other than IO, GT and clock resources
** IO Loads column represents load cell count of IO types
*** Clocking Loads column represents load cell count that are clock resources (global clock buffer, MMCM, PLL, etc)
**** GT Loads column represents load cell count of GT types


+----+----+-----+-----------------------+
|    | X0 | X1  | HORIZONTAL PROG DELAY |
+----+----+-----+-----------------------+
| Y6 |  0 |   0 |                     - |
| Y5 |  0 |   0 |                     - |
| Y4 |  0 |   0 |                     - |
| Y3 |  0 |   0 |                     - |
| Y2 |  0 |   4 |                     0 |
| Y1 |  0 |   4 |                     0 |
| Y0 |  0 |  14 |                     0 |
+----+----+-----+-----------------------+


13. Device Cell Placement Summary for Global Clock g6
-----------------------------------------------------

+-----------+-----------------+-------------------+------------------+-------------+---------------+-------------+----------+----------------+----------+--------------------------------------------------------------------------------------------------------------------------+
| Global Id | Driver Type/Pin | Driver Region (D) | Clock            | Period (ns) | Waveform (ns) | Slice Loads | IO Loads | Clocking Loads | GT Loads | Net                                                                                                                      |
+-----------+-----------------+-------------------+------------------+-------------+---------------+-------------+----------+----------------+----------+--------------------------------------------------------------------------------------------------------------------------+
| g6        | BUFG/O          | n/a               | clk_ref_mmcm_400 |       2.500 | {0.000 1.250} |          17 |        0 |              0 |        0 | system_i/mig_7series_0/u_system_mig_7series_0_0_mig/u_iodelay_ctrl/clk_ref_300_400_en.clk_ref_400.u_bufg_clk_ref_400_n_0 |
+-----------+-----------------+-------------------+------------------+-------------+---------------+-------------+----------+----------------+----------+--------------------------------------------------------------------------------------------------------------------------+
* Slice Loads column represents load cell count of all cell types other than IO, GT and clock resources
** IO Loads column represents load cell count of IO types
*** Clocking Loads column represents load cell count that are clock resources (global clock buffer, MMCM, PLL, etc)
**** GT Loads column represents load cell count of GT types


+----+----+-----+-----------------------+
|    | X0 | X1  | HORIZONTAL PROG DELAY |
+----+----+-----+-----------------------+
| Y6 |  0 |   0 |                     - |
| Y5 |  0 |   0 |                     - |
| Y4 |  0 |   0 |                     - |
| Y3 |  0 |   0 |                     - |
| Y2 |  0 |   1 |                     0 |
| Y1 |  0 |   0 |                     - |
| Y0 |  0 |  16 |                     0 |
+----+----+-----+-----------------------+


14. Device Cell Placement Summary for Global Clock g7
-----------------------------------------------------

+-----------+-----------------+-------------------+-----------------------------+-------------+---------------+-------------+----------+----------------+----------+---------------------------------------------------------+
| Global Id | Driver Type/Pin | Driver Region (D) | Clock                       | Period (ns) | Waveform (ns) | Slice Loads | IO Loads | Clocking Loads | GT Loads | Net                                                     |
+-----------+-----------------+-------------------+-----------------------------+-------------+---------------+-------------+----------+----------------+----------+---------------------------------------------------------+
| g7        | BUFG/O          | n/a               | clkfbout_system_clk_wiz_0_0 |       5.000 | {0.000 2.500} |           0 |        0 |              1 |        0 | system_i/clk_wiz_0/inst/clkfbout_buf_system_clk_wiz_0_0 |
+-----------+-----------------+-------------------+-----------------------------+-------------+---------------+-------------+----------+----------------+----------+---------------------------------------------------------+
* Slice Loads column represents load cell count of all cell types other than IO, GT and clock resources
** IO Loads column represents load cell count of IO types
*** Clocking Loads column represents load cell count that are clock resources (global clock buffer, MMCM, PLL, etc)
**** GT Loads column represents load cell count of GT types


+----+----+----+-----------------------+
|    | X0 | X1 | HORIZONTAL PROG DELAY |
+----+----+----+-----------------------+
| Y6 |  0 |  0 |                     - |
| Y5 |  0 |  0 |                     - |
| Y4 |  0 |  0 |                     - |
| Y3 |  1 |  0 |                     0 |
| Y2 |  0 |  0 |                     - |
| Y1 |  0 |  0 |                     - |
| Y0 |  0 |  0 |                     - |
+----+----+----+-----------------------+


15. Device Cell Placement Summary for Global Clock g8
-----------------------------------------------------

+-----------+-----------------+-------------------+--------------+-------------+---------------+-------------+----------+----------------+----------+------------------------------------------------------------------------------------+
| Global Id | Driver Type/Pin | Driver Region (D) | Clock        | Period (ns) | Waveform (ns) | Slice Loads | IO Loads | Clocking Loads | GT Loads | Net                                                                                |
+-----------+-----------------+-------------------+--------------+-------------+---------------+-------------+----------+----------------+----------+------------------------------------------------------------------------------------+
| g8        | BUFH/O          | X1Y1              | pll_clk3_out |       5.000 | {0.000 2.500} |           0 |        0 |              1 |        0 | system_i/mig_7series_0/u_system_mig_7series_0_0_mig/u_ddr3_infrastructure/pll_clk3 |
+-----------+-----------------+-------------------+--------------+-------------+---------------+-------------+----------+----------------+----------+------------------------------------------------------------------------------------+
* Slice Loads column represents load cell count of all cell types other than IO, GT and clock resources
** IO Loads column represents load cell count of IO types
*** Clocking Loads column represents load cell count that are clock resources (global clock buffer, MMCM, PLL, etc)
**** GT Loads column represents load cell count of GT types


+----+----+--------+-----------------------+
|    | X0 | X1     | HORIZONTAL PROG DELAY |
+----+----+--------+-----------------------+
| Y6 |  0 |      0 |                     - |
| Y5 |  0 |      0 |                     - |
| Y4 |  0 |      0 |                     - |
| Y3 |  0 |      0 |                     - |
| Y2 |  0 |      0 |                     - |
| Y1 |  0 |  (D) 1 |                     0 |
| Y0 |  0 |      0 |                     - |
+----+----+--------+-----------------------+


16. Clock Region Cell Placement per Global Clock: Region X0Y0
-------------------------------------------------------------

+-----------+-------+-----------------+------------+-------------+-----------------+------+-------------+------+-----+----+------+-----+---------+----------------------------------+
| Global Id | Track | Driver Type/Pin | Constraint | Clock Loads | Non-Clock Loads | FF   | Memory LUTs | RAMB | DSP | GT | MMCM | PLL | Hard IP | Net                              |
+-----------+-------+-----------------+------------+-------------+-----------------+------+-------------+------+-----+----+------+-----+---------+----------------------------------+
| g0        | n/a   | BUFG/O          | None       |        5474 |               0 | 5385 |          59 |   30 |   0 |  0 |    0 |   0 |       0 | system_i/clk_wiz_0/inst/clk_out1 |
+-----------+-------+-----------------+------------+-------------+-----------------+------+-------------+------+-----+----+------+-----+---------+----------------------------------+
* Clock Loads column represents cell count of net connects that connect to a clock pin. Internal cell leaf pins are not considered
** Non-Clock Loads column represents cell count of non-clock pin loads
*** Columns FF, LUTRAM, RAMB through 'Hard IP' represents load cell counts


17. Clock Region Cell Placement per Global Clock: Region X1Y0
-------------------------------------------------------------

+-----------+-------+-----------------+------------+-------------+-----------------+------+-------------+------+-----+----+------+-----+---------+--------------------------------------------------------------------------------------------------------------------------+
| Global Id | Track | Driver Type/Pin | Constraint | Clock Loads | Non-Clock Loads | FF   | Memory LUTs | RAMB | DSP | GT | MMCM | PLL | Hard IP | Net                                                                                                                      |
+-----------+-------+-----------------+------------+-------------+-----------------+------+-------------+------+-----+----+------+-----+---------+--------------------------------------------------------------------------------------------------------------------------+
| g0        | n/a   | BUFG/O          | None       |        3915 |               0 | 3827 |          49 |   39 |   0 |  0 |    0 |   0 |       0 | system_i/clk_wiz_0/inst/clk_out1                                                                                         |
| g1        | n/a   | BUFG/O          | None       |        3695 |               0 | 3453 |         193 |    0 |   0 |  0 |    0 |   0 |       0 | system_i/mig_7series_0/u_system_mig_7series_0_0_mig/u_ddr3_infrastructure/u_bufg_clkdiv0_0                               |
| g5        | n/a   | BUFG/O          | None       |          14 |               0 |   10 |           0 |    0 |   0 |  0 |    0 |   0 |       0 | system_i/mig_7series_0/u_system_mig_7series_0_0_mig/u_ddr3_infrastructure/mmcm_ps_clk                                    |
| g6        | n/a   | BUFG/O          | None       |          16 |               0 |   15 |           0 |    0 |   0 |  0 |    0 |   0 |       0 | system_i/mig_7series_0/u_system_mig_7series_0_0_mig/u_iodelay_ctrl/clk_ref_300_400_en.clk_ref_400.u_bufg_clk_ref_400_n_0 |
+-----------+-------+-----------------+------------+-------------+-----------------+------+-------------+------+-----+----+------+-----+---------+--------------------------------------------------------------------------------------------------------------------------+
* Clock Loads column represents cell count of net connects that connect to a clock pin. Internal cell leaf pins are not considered
** Non-Clock Loads column represents cell count of non-clock pin loads
*** Columns FF, LUTRAM, RAMB through 'Hard IP' represents load cell counts


18. Clock Region Cell Placement per Global Clock: Region X0Y1
-------------------------------------------------------------

+-----------+-------+-----------------+------------+-------------+-----------------+------+-------------+------+-----+----+------+-----+---------+----------------------------------+
| Global Id | Track | Driver Type/Pin | Constraint | Clock Loads | Non-Clock Loads | FF   | Memory LUTs | RAMB | DSP | GT | MMCM | PLL | Hard IP | Net                              |
+-----------+-------+-----------------+------------+-------------+-----------------+------+-------------+------+-----+----+------+-----+---------+----------------------------------+
| g0        | n/a   | BUFG/O          | None       |        6220 |               0 | 6078 |         112 |   29 |   0 |  0 |    0 |   0 |       0 | system_i/clk_wiz_0/inst/clk_out1 |
+-----------+-------+-----------------+------------+-------------+-----------------+------+-------------+------+-----+----+------+-----+---------+----------------------------------+
* Clock Loads column represents cell count of net connects that connect to a clock pin. Internal cell leaf pins are not considered
** Non-Clock Loads column represents cell count of non-clock pin loads
*** Columns FF, LUTRAM, RAMB through 'Hard IP' represents load cell counts


19. Clock Region Cell Placement per Global Clock: Region X1Y1
-------------------------------------------------------------

+-----------+-------+-----------------+------------+-------------+-----------------+------+-------------+------+-----+----+------+-----+---------+--------------------------------------------------------------------------------------------+
| Global Id | Track | Driver Type/Pin | Constraint | Clock Loads | Non-Clock Loads | FF   | Memory LUTs | RAMB | DSP | GT | MMCM | PLL | Hard IP | Net                                                                                        |
+-----------+-------+-----------------+------------+-------------+-----------------+------+-------------+------+-----+----+------+-----+---------+--------------------------------------------------------------------------------------------+
| g0        | n/a   | BUFG/O          | None       |        5274 |               0 | 4977 |         257 |   40 |   0 |  0 |    0 |   0 |       0 | system_i/clk_wiz_0/inst/clk_out1                                                           |
| g1        | n/a   | BUFG/O          | None       |        4073 |               0 | 3723 |         342 |    0 |   0 |  0 |    1 |   0 |       0 | system_i/mig_7series_0/u_system_mig_7series_0_0_mig/u_ddr3_infrastructure/u_bufg_clkdiv0_0 |
| g2        | n/a   | BUFG/O          | None       |          15 |               0 |   15 |           0 |    0 |   0 |  0 |    0 |   0 |       0 | system_i/mdm_1/U0/No_Dbg_Reg_Access.BUFG_DRCK/Dbg_Clk_0                                    |
| g5        | n/a   | BUFG/O          | None       |           4 |               0 |    4 |           0 |    0 |   0 |  0 |    0 |   0 |       0 | system_i/mig_7series_0/u_system_mig_7series_0_0_mig/u_ddr3_infrastructure/mmcm_ps_clk      |
| g8        | n/a   | BUFH/O          | None       |           1 |               0 |    0 |           0 |    0 |   0 |  0 |    1 |   0 |       0 | system_i/mig_7series_0/u_system_mig_7series_0_0_mig/u_ddr3_infrastructure/pll_clk3         |
+-----------+-------+-----------------+------------+-------------+-----------------+------+-------------+------+-----+----+------+-----+---------+--------------------------------------------------------------------------------------------+
* Clock Loads column represents cell count of net connects that connect to a clock pin. Internal cell leaf pins are not considered
** Non-Clock Loads column represents cell count of non-clock pin loads
*** Columns FF, LUTRAM, RAMB through 'Hard IP' represents load cell counts


20. Clock Region Cell Placement per Global Clock: Region X0Y2
-------------------------------------------------------------

+-----------+-------+-----------------+------------+-------------+-----------------+------+-------------+------+-----+----+------+-----+---------+--------------------------------------------------------------------------------------------+
| Global Id | Track | Driver Type/Pin | Constraint | Clock Loads | Non-Clock Loads | FF   | Memory LUTs | RAMB | DSP | GT | MMCM | PLL | Hard IP | Net                                                                                        |
+-----------+-------+-----------------+------------+-------------+-----------------+------+-------------+------+-----+----+------+-----+---------+--------------------------------------------------------------------------------------------+
| g0        | n/a   | BUFG/O          | None       |        1423 |               0 | 1391 |           1 |   30 |   0 |  0 |    0 |   0 |       0 | system_i/clk_wiz_0/inst/clk_out1                                                           |
| g1        | n/a   | BUFG/O          | None       |          55 |               0 |   55 |           0 |    0 |   0 |  0 |    0 |   0 |       0 | system_i/mig_7series_0/u_system_mig_7series_0_0_mig/u_ddr3_infrastructure/u_bufg_clkdiv0_0 |
| g2        | n/a   | BUFG/O          | None       |          81 |               0 |   81 |           0 |    0 |   0 |  0 |    0 |   0 |       0 | system_i/mdm_1/U0/No_Dbg_Reg_Access.BUFG_DRCK/Dbg_Clk_0                                    |
| g4        | n/a   | BUFG/O          | None       |          29 |               1 |   29 |           0 |    0 |   0 |  0 |    0 |   0 |       0 | system_i/mdm_1/U0/Use_E2.BSCAN_I/Dbg_Update_0_BUFG                                         |
+-----------+-------+-----------------+------------+-------------+-----------------+------+-------------+------+-----+----+------+-----+---------+--------------------------------------------------------------------------------------------+
* Clock Loads column represents cell count of net connects that connect to a clock pin. Internal cell leaf pins are not considered
** Non-Clock Loads column represents cell count of non-clock pin loads
*** Columns FF, LUTRAM, RAMB through 'Hard IP' represents load cell counts


21. Clock Region Cell Placement per Global Clock: Region X1Y2
-------------------------------------------------------------

+-----------+-------+-----------------+------------+-------------+-----------------+------+-------------+------+-----+----+------+-----+---------+--------------------------------------------------------------------------------------------------------------------------+
| Global Id | Track | Driver Type/Pin | Constraint | Clock Loads | Non-Clock Loads | FF   | Memory LUTs | RAMB | DSP | GT | MMCM | PLL | Hard IP | Net                                                                                                                      |
+-----------+-------+-----------------+------------+-------------+-----------------+------+-------------+------+-----+----+------+-----+---------+--------------------------------------------------------------------------------------------------------------------------+
| g0        | n/a   | BUFG/O          | None       |        2937 |               0 | 2765 |         134 |   38 |   0 |  0 |    0 |   0 |       0 | system_i/clk_wiz_0/inst/clk_out1                                                                                         |
| g1        | n/a   | BUFG/O          | None       |        1764 |               0 | 1714 |           1 |    0 |   0 |  0 |    0 |   0 |       0 | system_i/mig_7series_0/u_system_mig_7series_0_0_mig/u_ddr3_infrastructure/u_bufg_clkdiv0_0                               |
| g2        | n/a   | BUFG/O          | None       |         154 |               0 |  130 |          24 |    0 |   0 |  0 |    0 |   0 |       0 | system_i/mdm_1/U0/No_Dbg_Reg_Access.BUFG_DRCK/Dbg_Clk_0                                                                  |
| g4        | n/a   | BUFG/O          | None       |          11 |               0 |   11 |           0 |    0 |   0 |  0 |    0 |   0 |       0 | system_i/mdm_1/U0/Use_E2.BSCAN_I/Dbg_Update_0_BUFG                                                                       |
| g5        | n/a   | BUFG/O          | None       |           4 |               0 |    0 |           0 |    0 |   0 |  0 |    0 |   0 |       0 | system_i/mig_7series_0/u_system_mig_7series_0_0_mig/u_ddr3_infrastructure/mmcm_ps_clk                                    |
| g6        | n/a   | BUFG/O          | None       |           1 |               0 |    0 |           0 |    0 |   0 |  0 |    0 |   0 |       0 | system_i/mig_7series_0/u_system_mig_7series_0_0_mig/u_iodelay_ctrl/clk_ref_300_400_en.clk_ref_400.u_bufg_clk_ref_400_n_0 |
+-----------+-------+-----------------+------------+-------------+-----------------+------+-------------+------+-----+----+------+-----+---------+--------------------------------------------------------------------------------------------------------------------------+
* Clock Loads column represents cell count of net connects that connect to a clock pin. Internal cell leaf pins are not considered
** Non-Clock Loads column represents cell count of non-clock pin loads
*** Columns FF, LUTRAM, RAMB through 'Hard IP' represents load cell counts


22. Clock Region Cell Placement per Global Clock: Region X0Y3
-------------------------------------------------------------

+-----------+-------+-----------------+------------+-------------+-----------------+----+-------------+------+-----+----+------+-----+---------+--------------------------------------------------------------------------------------------+
| Global Id | Track | Driver Type/Pin | Constraint | Clock Loads | Non-Clock Loads | FF | Memory LUTs | RAMB | DSP | GT | MMCM | PLL | Hard IP | Net                                                                                        |
+-----------+-------+-----------------+------------+-------------+-----------------+----+-------------+------+-----+----+------+-----+---------+--------------------------------------------------------------------------------------------+
| g0        | n/a   | BUFG/O          | None       |          35 |               0 |  4 |           0 |   30 |   0 |  0 |    0 |   0 |       0 | system_i/clk_wiz_0/inst/clk_out1                                                           |
| g1        | n/a   | BUFG/O          | None       |          24 |               0 | 23 |           0 |    0 |   0 |  0 |    1 |   0 |       0 | system_i/mig_7series_0/u_system_mig_7series_0_0_mig/u_ddr3_infrastructure/u_bufg_clkdiv0_0 |
| g3        | n/a   | BUFG/O          | None       |          46 |               0 | 45 |           0 |    0 |   0 |  0 |    0 |   0 |       0 | system_i/mig_7series_0/u_system_mig_7series_0_0_mig/u_iodelay_ctrl/CLK                     |
| g7        | n/a   | BUFG/O          | None       |           1 |               0 |  0 |           0 |    0 |   0 |  0 |    1 |   0 |       0 | system_i/clk_wiz_0/inst/clkfbout_buf_system_clk_wiz_0_0                                    |
+-----------+-------+-----------------+------------+-------------+-----------------+----+-------------+------+-----+----+------+-----+---------+--------------------------------------------------------------------------------------------+
* Clock Loads column represents cell count of net connects that connect to a clock pin. Internal cell leaf pins are not considered
** Non-Clock Loads column represents cell count of non-clock pin loads
*** Columns FF, LUTRAM, RAMB through 'Hard IP' represents load cell counts


23. Clock Region Cell Placement per Global Clock: Region X1Y3
-------------------------------------------------------------

+-----------+-------+-----------------+------------+-------------+-----------------+----+-------------+------+-----+----+------+-----+---------+----------------------------------+
| Global Id | Track | Driver Type/Pin | Constraint | Clock Loads | Non-Clock Loads | FF | Memory LUTs | RAMB | DSP | GT | MMCM | PLL | Hard IP | Net                              |
+-----------+-------+-----------------+------------+-------------+-----------------+----+-------------+------+-----+----+------+-----+---------+----------------------------------+
| g0        | n/a   | BUFG/O          | None       |          38 |               0 | 13 |           0 |   25 |   0 |  0 |    0 |   0 |       0 | system_i/clk_wiz_0/inst/clk_out1 |
+-----------+-------+-----------------+------------+-------------+-----------------+----+-------------+------+-----+----+------+-----+---------+----------------------------------+
* Clock Loads column represents cell count of net connects that connect to a clock pin. Internal cell leaf pins are not considered
** Non-Clock Loads column represents cell count of non-clock pin loads
*** Columns FF, LUTRAM, RAMB through 'Hard IP' represents load cell counts


24. Clock Region Cell Placement per Global Clock: Region X0Y4
-------------------------------------------------------------

+-----------+-------+-----------------+------------+-------------+-----------------+----+-------------+------+-----+----+------+-----+---------+----------------------------------+
| Global Id | Track | Driver Type/Pin | Constraint | Clock Loads | Non-Clock Loads | FF | Memory LUTs | RAMB | DSP | GT | MMCM | PLL | Hard IP | Net                              |
+-----------+-------+-----------------+------------+-------------+-----------------+----+-------------+------+-----+----+------+-----+---------+----------------------------------+
| g0        | n/a   | BUFG/O          | None       |          30 |               0 |  0 |           0 |   30 |   0 |  0 |    0 |   0 |       0 | system_i/clk_wiz_0/inst/clk_out1 |
+-----------+-------+-----------------+------------+-------------+-----------------+----+-------------+------+-----+----+------+-----+---------+----------------------------------+
* Clock Loads column represents cell count of net connects that connect to a clock pin. Internal cell leaf pins are not considered
** Non-Clock Loads column represents cell count of non-clock pin loads
*** Columns FF, LUTRAM, RAMB through 'Hard IP' represents load cell counts


25. Clock Region Cell Placement per Global Clock: Region X1Y4
-------------------------------------------------------------

+-----------+-------+-----------------+------------+-------------+-----------------+----+-------------+------+-----+----+------+-----+---------+----------------------------------+
| Global Id | Track | Driver Type/Pin | Constraint | Clock Loads | Non-Clock Loads | FF | Memory LUTs | RAMB | DSP | GT | MMCM | PLL | Hard IP | Net                              |
+-----------+-------+-----------------+------------+-------------+-----------------+----+-------------+------+-----+----+------+-----+---------+----------------------------------+
| g0        | n/a   | BUFG/O          | None       |          30 |               0 |  0 |           0 |   30 |   0 |  0 |    0 |   0 |       0 | system_i/clk_wiz_0/inst/clk_out1 |
+-----------+-------+-----------------+------------+-------------+-----------------+----+-------------+------+-----+----+------+-----+---------+----------------------------------+
* Clock Loads column represents cell count of net connects that connect to a clock pin. Internal cell leaf pins are not considered
** Non-Clock Loads column represents cell count of non-clock pin loads
*** Columns FF, LUTRAM, RAMB through 'Hard IP' represents load cell counts


26. Clock Region Cell Placement per Global Clock: Region X0Y5
-------------------------------------------------------------

+-----------+-------+-----------------+------------+-------------+-----------------+----+-------------+------+-----+----+------+-----+---------+----------------------------------+
| Global Id | Track | Driver Type/Pin | Constraint | Clock Loads | Non-Clock Loads | FF | Memory LUTs | RAMB | DSP | GT | MMCM | PLL | Hard IP | Net                              |
+-----------+-------+-----------------+------------+-------------+-----------------+----+-------------+------+-----+----+------+-----+---------+----------------------------------+
| g0        | n/a   | BUFG/O          | None       |          30 |               0 |  0 |           0 |   30 |   0 |  0 |    0 |   0 |       0 | system_i/clk_wiz_0/inst/clk_out1 |
+-----------+-------+-----------------+------------+-------------+-----------------+----+-------------+------+-----+----+------+-----+---------+----------------------------------+
* Clock Loads column represents cell count of net connects that connect to a clock pin. Internal cell leaf pins are not considered
** Non-Clock Loads column represents cell count of non-clock pin loads
*** Columns FF, LUTRAM, RAMB through 'Hard IP' represents load cell counts


27. Clock Region Cell Placement per Global Clock: Region X1Y5
-------------------------------------------------------------

+-----------+-------+-----------------+------------+-------------+-----------------+----+-------------+------+-----+----+------+-----+---------+----------------------------------+
| Global Id | Track | Driver Type/Pin | Constraint | Clock Loads | Non-Clock Loads | FF | Memory LUTs | RAMB | DSP | GT | MMCM | PLL | Hard IP | Net                              |
+-----------+-------+-----------------+------------+-------------+-----------------+----+-------------+------+-----+----+------+-----+---------+----------------------------------+
| g0        | n/a   | BUFG/O          | None       |          28 |               0 |  0 |           0 |   28 |   0 |  0 |    0 |   0 |       0 | system_i/clk_wiz_0/inst/clk_out1 |
+-----------+-------+-----------------+------------+-------------+-----------------+----+-------------+------+-----+----+------+-----+---------+----------------------------------+
* Clock Loads column represents cell count of net connects that connect to a clock pin. Internal cell leaf pins are not considered
** Non-Clock Loads column represents cell count of non-clock pin loads
*** Columns FF, LUTRAM, RAMB through 'Hard IP' represents load cell counts


28. Clock Region Cell Placement per Global Clock: Region X0Y6
-------------------------------------------------------------

+-----------+-------+-----------------+------------+-------------+-----------------+----+-------------+------+-----+----+------+-----+---------+----------------------------------+
| Global Id | Track | Driver Type/Pin | Constraint | Clock Loads | Non-Clock Loads | FF | Memory LUTs | RAMB | DSP | GT | MMCM | PLL | Hard IP | Net                              |
+-----------+-------+-----------------+------------+-------------+-----------------+----+-------------+------+-----+----+------+-----+---------+----------------------------------+
| g0        | n/a   | BUFG/O          | None       |          11 |               0 |  0 |           0 |   11 |   0 |  0 |    0 |   0 |       0 | system_i/clk_wiz_0/inst/clk_out1 |
+-----------+-------+-----------------+------------+-------------+-----------------+----+-------------+------+-----+----+------+-----+---------+----------------------------------+
* Clock Loads column represents cell count of net connects that connect to a clock pin. Internal cell leaf pins are not considered
** Non-Clock Loads column represents cell count of non-clock pin loads
*** Columns FF, LUTRAM, RAMB through 'Hard IP' represents load cell counts


29. Clock Region Cell Placement per Global Clock: Region X1Y6
-------------------------------------------------------------

+-----------+-------+-----------------+------------+-------------+-----------------+----+-------------+------+-----+----+------+-----+---------+----------------------------------+
| Global Id | Track | Driver Type/Pin | Constraint | Clock Loads | Non-Clock Loads | FF | Memory LUTs | RAMB | DSP | GT | MMCM | PLL | Hard IP | Net                              |
+-----------+-------+-----------------+------------+-------------+-----------------+----+-------------+------+-----+----+------+-----+---------+----------------------------------+
| g0        | n/a   | BUFG/O          | None       |           2 |               0 |  0 |           0 |    2 |   0 |  0 |    0 |   0 |       0 | system_i/clk_wiz_0/inst/clk_out1 |
+-----------+-------+-----------------+------------+-------------+-----------------+----+-------------+------+-----+----+------+-----+---------+----------------------------------+
* Clock Loads column represents cell count of net connects that connect to a clock pin. Internal cell leaf pins are not considered
** Non-Clock Loads column represents cell count of non-clock pin loads
*** Columns FF, LUTRAM, RAMB through 'Hard IP' represents load cell counts



# Location of BUFG Primitives 
set_property LOC BUFGCTRL_X0Y3 [get_cells system_i/mig_7series_0/u_system_mig_7series_0_0_mig/u_iodelay_ctrl/clk_ref_300_400_en.clk_ref_400.u_bufg_clk_ref_400]
set_property LOC BUFGCTRL_X0Y5 [get_cells system_i/mig_7series_0/u_system_mig_7series_0_0_mig/u_iodelay_ctrl/clk_ref_200.u_bufg_clk_ref]
set_property LOC BUFGCTRL_X0Y1 [get_cells system_i/mig_7series_0/u_system_mig_7series_0_0_mig/u_ddr3_infrastructure/u_bufg_clkdiv0]
set_property LOC BUFGCTRL_X0Y2 [get_cells system_i/mig_7series_0/u_system_mig_7series_0_0_mig/u_ddr3_infrastructure/gen_mmcm.u_bufg_mmcm_ps_clk]
set_property LOC BUFGCTRL_X0Y6 [get_cells system_i/mdm_1/U0/Use_E2.BSCAN_I/Dbg_Update_0_BUFG_inst]
set_property LOC BUFGCTRL_X0Y4 [get_cells system_i/mdm_1/U0/No_Dbg_Reg_Access.BUFG_DRCK/Using_FPGA.Native]
set_property LOC BUFGCTRL_X0Y7 [get_cells system_i/clk_wiz_0/inst/clkf_buf]
set_property LOC BUFGCTRL_X0Y0 [get_cells system_i/clk_wiz_0/inst/clkout1_buf]

# Location of BUFH Primitives 
set_property LOC BUFHCE_X1Y12 [get_cells system_i/mig_7series_0/u_system_mig_7series_0_0_mig/u_ddr3_infrastructure/u_bufh_pll_clk3]

# Location of IO Primitives which is load of clock spine

# Location of clock ports
set_property LOC IOB_X1Y71 [get_ports SYS_CLK_0_clk_n]
set_property LOC IOB_X1Y72 [get_ports SYS_CLK_0_clk_p]

# Clock net "system_i/mig_7series_0/u_system_mig_7series_0_0_mig/u_iodelay_ctrl/clk_ref_300_400_en.clk_ref_400.u_bufg_clk_ref_400_n_0" driven by instance "system_i/mig_7series_0/u_system_mig_7series_0_0_mig/u_iodelay_ctrl/clk_ref_300_400_en.clk_ref_400.u_bufg_clk_ref_400" located at site "BUFGCTRL_X0Y3"
#startgroup
create_pblock {CLKAG_system_i/mig_7series_0/u_system_mig_7series_0_0_mig/u_iodelay_ctrl/clk_ref_300_400_en.clk_ref_400.u_bufg_clk_ref_400_n_0}
add_cells_to_pblock [get_pblocks  {CLKAG_system_i/mig_7series_0/u_system_mig_7series_0_0_mig/u_iodelay_ctrl/clk_ref_300_400_en.clk_ref_400.u_bufg_clk_ref_400_n_0}] [get_cells -filter { PRIMITIVE_GROUP != I/O && IS_PRIMITIVE==1 && PRIMITIVE_LEVEL !=INTERNAL } -of_object [get_pins -filter {DIRECTION==IN} -of_objects [get_nets -hierarchical -filter {PARENT=="system_i/mig_7series_0/u_system_mig_7series_0_0_mig/u_iodelay_ctrl/clk_ref_300_400_en.clk_ref_400.u_bufg_clk_ref_400_n_0"}]]]
resize_pblock [get_pblocks {CLKAG_system_i/mig_7series_0/u_system_mig_7series_0_0_mig/u_iodelay_ctrl/clk_ref_300_400_en.clk_ref_400.u_bufg_clk_ref_400_n_0}] -add {CLOCKREGION_X1Y0:CLOCKREGION_X1Y0 CLOCKREGION_X1Y2:CLOCKREGION_X1Y2}
#endgroup

# Clock net "system_i/mig_7series_0/u_system_mig_7series_0_0_mig/u_iodelay_ctrl/CLK" driven by instance "system_i/mig_7series_0/u_system_mig_7series_0_0_mig/u_iodelay_ctrl/clk_ref_200.u_bufg_clk_ref" located at site "BUFGCTRL_X0Y5"
#startgroup
create_pblock {CLKAG_system_i/mig_7series_0/u_system_mig_7series_0_0_mig/u_iodelay_ctrl/CLK}
add_cells_to_pblock [get_pblocks  {CLKAG_system_i/mig_7series_0/u_system_mig_7series_0_0_mig/u_iodelay_ctrl/CLK}] [get_cells -filter { PRIMITIVE_GROUP != I/O && IS_PRIMITIVE==1 && PRIMITIVE_LEVEL !=INTERNAL } -of_object [get_pins -filter {DIRECTION==IN} -of_objects [get_nets -hierarchical -filter {PARENT=="system_i/mig_7series_0/u_system_mig_7series_0_0_mig/u_iodelay_ctrl/CLK"}]]]
resize_pblock [get_pblocks {CLKAG_system_i/mig_7series_0/u_system_mig_7series_0_0_mig/u_iodelay_ctrl/CLK}] -add {CLOCKREGION_X0Y3:CLOCKREGION_X0Y3}
#endgroup

# Clock net "system_i/mig_7series_0/u_system_mig_7series_0_0_mig/u_ddr3_infrastructure/u_bufg_clkdiv0_0" driven by instance "system_i/mig_7series_0/u_system_mig_7series_0_0_mig/u_ddr3_infrastructure/u_bufg_clkdiv0" located at site "BUFGCTRL_X0Y1"
#startgroup
create_pblock {CLKAG_system_i/mig_7series_0/u_system_mig_7series_0_0_mig/u_ddr3_infrastructure/u_bufg_clkdiv0_0}
add_cells_to_pblock [get_pblocks  {CLKAG_system_i/mig_7series_0/u_system_mig_7series_0_0_mig/u_ddr3_infrastructure/u_bufg_clkdiv0_0}] [get_cells -filter { PRIMITIVE_GROUP != I/O && IS_PRIMITIVE==1 && PRIMITIVE_LEVEL !=INTERNAL && NAME!=system_i/mig_7series_0/u_system_mig_7series_0_0_mig/u_ddr3_infrastructure/gen_mmcm.mmcm_i && NAME!=system_i/clk_wiz_0/inst/mmcm_adv_inst} -of_object [get_pins -filter {DIRECTION==IN} -of_objects [get_nets -hierarchical -filter {PARENT=="system_i/mig_7series_0/u_system_mig_7series_0_0_mig/u_ddr3_infrastructure/u_bufg_clkdiv0_0"}]]]
resize_pblock [get_pblocks {CLKAG_system_i/mig_7series_0/u_system_mig_7series_0_0_mig/u_ddr3_infrastructure/u_bufg_clkdiv0_0}] -add {CLOCKREGION_X0Y2:CLOCKREGION_X0Y2 CLOCKREGION_X0Y3:CLOCKREGION_X0Y3 CLOCKREGION_X1Y0:CLOCKREGION_X1Y0 CLOCKREGION_X1Y1:CLOCKREGION_X1Y1 CLOCKREGION_X1Y2:CLOCKREGION_X1Y2}
#endgroup

# Clock net "system_i/mig_7series_0/u_system_mig_7series_0_0_mig/u_ddr3_infrastructure/mmcm_ps_clk" driven by instance "system_i/mig_7series_0/u_system_mig_7series_0_0_mig/u_ddr3_infrastructure/gen_mmcm.u_bufg_mmcm_ps_clk" located at site "BUFGCTRL_X0Y2"
#startgroup
create_pblock {CLKAG_system_i/mig_7series_0/u_system_mig_7series_0_0_mig/u_ddr3_infrastructure/mmcm_ps_clk}
add_cells_to_pblock [get_pblocks  {CLKAG_system_i/mig_7series_0/u_system_mig_7series_0_0_mig/u_ddr3_infrastructure/mmcm_ps_clk}] [get_cells -filter { PRIMITIVE_GROUP != I/O && IS_PRIMITIVE==1 && PRIMITIVE_LEVEL !=INTERNAL } -of_object [get_pins -filter {DIRECTION==IN} -of_objects [get_nets -hierarchical -filter {PARENT=="system_i/mig_7series_0/u_system_mig_7series_0_0_mig/u_ddr3_infrastructure/mmcm_ps_clk"}]]]
resize_pblock [get_pblocks {CLKAG_system_i/mig_7series_0/u_system_mig_7series_0_0_mig/u_ddr3_infrastructure/mmcm_ps_clk}] -add {CLOCKREGION_X1Y0:CLOCKREGION_X1Y0 CLOCKREGION_X1Y1:CLOCKREGION_X1Y1 CLOCKREGION_X1Y2:CLOCKREGION_X1Y2}
#endgroup

# Clock net "system_i/mdm_1/U0/Use_E2.BSCAN_I/Dbg_Update_0_BUFG" driven by instance "system_i/mdm_1/U0/Use_E2.BSCAN_I/Dbg_Update_0_BUFG_inst" located at site "BUFGCTRL_X0Y6"
#startgroup
create_pblock {CLKAG_system_i/mdm_1/U0/Use_E2.BSCAN_I/Dbg_Update_0_BUFG}
add_cells_to_pblock [get_pblocks  {CLKAG_system_i/mdm_1/U0/Use_E2.BSCAN_I/Dbg_Update_0_BUFG}] [get_cells -filter { PRIMITIVE_GROUP != I/O && IS_PRIMITIVE==1 && PRIMITIVE_LEVEL !=INTERNAL } -of_object [get_pins -filter {DIRECTION==IN} -of_objects [get_nets -hierarchical -filter {PARENT=="system_i/mdm_1/U0/Use_E2.BSCAN_I/Dbg_Update_0_BUFG"}]]]
resize_pblock [get_pblocks {CLKAG_system_i/mdm_1/U0/Use_E2.BSCAN_I/Dbg_Update_0_BUFG}] -add {CLOCKREGION_X0Y2:CLOCKREGION_X0Y2 CLOCKREGION_X1Y2:CLOCKREGION_X1Y2}
#endgroup

# Clock net "system_i/mdm_1/U0/No_Dbg_Reg_Access.BUFG_DRCK/Dbg_Clk_0" driven by instance "system_i/mdm_1/U0/No_Dbg_Reg_Access.BUFG_DRCK/Using_FPGA.Native" located at site "BUFGCTRL_X0Y4"
#startgroup
create_pblock {CLKAG_system_i/mdm_1/U0/No_Dbg_Reg_Access.BUFG_DRCK/Dbg_Clk_0}
add_cells_to_pblock [get_pblocks  {CLKAG_system_i/mdm_1/U0/No_Dbg_Reg_Access.BUFG_DRCK/Dbg_Clk_0}] [get_cells -filter { PRIMITIVE_GROUP != I/O && IS_PRIMITIVE==1 && PRIMITIVE_LEVEL !=INTERNAL } -of_object [get_pins -filter {DIRECTION==IN} -of_objects [get_nets -hierarchical -filter {PARENT=="system_i/mdm_1/U0/No_Dbg_Reg_Access.BUFG_DRCK/Dbg_Clk_0"}]]]
resize_pblock [get_pblocks {CLKAG_system_i/mdm_1/U0/No_Dbg_Reg_Access.BUFG_DRCK/Dbg_Clk_0}] -add {CLOCKREGION_X0Y2:CLOCKREGION_X0Y2 CLOCKREGION_X1Y1:CLOCKREGION_X1Y1 CLOCKREGION_X1Y2:CLOCKREGION_X1Y2}
#endgroup

# Clock net "system_i/clk_wiz_0/inst/clk_out1" driven by instance "system_i/clk_wiz_0/inst/clkout1_buf" located at site "BUFGCTRL_X0Y0"
#startgroup
create_pblock {CLKAG_system_i/clk_wiz_0/inst/clk_out1}
add_cells_to_pblock [get_pblocks  {CLKAG_system_i/clk_wiz_0/inst/clk_out1}] [get_cells -filter { PRIMITIVE_GROUP != I/O && IS_PRIMITIVE==1 && PRIMITIVE_LEVEL !=INTERNAL } -of_object [get_pins -filter {DIRECTION==IN} -of_objects [get_nets -hierarchical -filter {PARENT=="system_i/clk_wiz_0/inst/clk_out1"}]]]
resize_pblock [get_pblocks {CLKAG_system_i/clk_wiz_0/inst/clk_out1}] -add {CLOCKREGION_X0Y0:CLOCKREGION_X0Y0 CLOCKREGION_X0Y1:CLOCKREGION_X0Y1 CLOCKREGION_X0Y2:CLOCKREGION_X0Y2 CLOCKREGION_X0Y3:CLOCKREGION_X0Y3 CLOCKREGION_X0Y4:CLOCKREGION_X0Y4 CLOCKREGION_X0Y5:CLOCKREGION_X0Y5 CLOCKREGION_X0Y6:CLOCKREGION_X0Y6 CLOCKREGION_X1Y0:CLOCKREGION_X1Y0 CLOCKREGION_X1Y1:CLOCKREGION_X1Y1 CLOCKREGION_X1Y2:CLOCKREGION_X1Y2 CLOCKREGION_X1Y3:CLOCKREGION_X1Y3 CLOCKREGION_X1Y4:CLOCKREGION_X1Y4 CLOCKREGION_X1Y5:CLOCKREGION_X1Y5 CLOCKREGION_X1Y6:CLOCKREGION_X1Y6}
#endgroup
