21:55:55 DEBUG : Logs will be stored at 'C:/Users/openfpga/Desktop/project/golden/example4_6/vitis_ide_v1/IDE.log'.
21:55:58 INFO  : Launching XSCT server: xsct.bat -n  -interactive C:\Users\openfpga\Desktop\project\golden\example4_6\vitis_ide_v1\temp_xsdb_launch_script.tcl
21:55:58 ERROR : (XSDB Server)'\gnu\microblaze\lin\bin\' 不是内部或外部命令，也不是可运行的程序
或批处理文件。

21:55:58 ERROR : (XSDB Server)'\gnu\microblaze\nt\bin\' 不是内部或外部命令，也不是可运行的程序
或批处理文件。

21:55:58 ERROR : (XSDB Server)'\gnuwin\bin\' 不是内部或外部命令，也不是可运行的程序
或批处理文件。

21:56:00 INFO  : XSCT server has started successfully.
21:56:00 INFO  : Successfully done setting XSCT server connection channel  
21:56:00 INFO  : plnx-install-location is set to ''
21:56:00 INFO  : Successfully done setting workspace for the tool. 
21:56:04 INFO  : Registering command handlers for Vitis TCF services
21:56:04 INFO  : Successfully done query RDI_DATADIR 
21:56:04 INFO  : Platform repository initialization has completed.
21:56:41 INFO  : Result from executing command 'getProjects': 7k325t_platform
21:56:41 INFO  : Result from executing command 'getPlatforms': xilinx_zcu102_base_202410_1|E:/Xilinx/Vitis/2024.1/base_platforms/xilinx_zcu102_base_202410_1/xilinx_zcu102_base_202410_1.xpfm;xilinx_zcu102_base_dfx_202410_1|E:/Xilinx/Vitis/2024.1/base_platforms/xilinx_zcu102_base_dfx_202410_1/xilinx_zcu102_base_dfx_202410_1.xpfm;xilinx_zcu104_base_202410_1|E:/Xilinx/Vitis/2024.1/base_platforms/xilinx_zcu104_base_202410_1/xilinx_zcu104_base_202410_1.xpfm
21:56:53 INFO  : Result from executing command 'getProjects': 7k325t_platform
21:56:53 INFO  : Result from executing command 'getPlatforms': 7k325t_platform|C:/Users/openfpga/Desktop/project/golden/example4_6/vitis_ide_v1/7k325t_platform/export/7k325t_platform/7k325t_platform.xpfm;xilinx_zcu102_base_202410_1|E:/Xilinx/Vitis/2024.1/base_platforms/xilinx_zcu102_base_202410_1/xilinx_zcu102_base_202410_1.xpfm;xilinx_zcu102_base_dfx_202410_1|E:/Xilinx/Vitis/2024.1/base_platforms/xilinx_zcu102_base_dfx_202410_1/xilinx_zcu102_base_dfx_202410_1.xpfm;xilinx_zcu104_base_202410_1|E:/Xilinx/Vitis/2024.1/base_platforms/xilinx_zcu104_base_202410_1/xilinx_zcu104_base_202410_1.xpfm
21:57:32 INFO  : Checking for BSP changes to sync application flags for project 'golden_iprog'...
21:57:46 INFO  : Connected to target on host '127.0.0.1' and port '3121'.
21:57:46 INFO  : Jtag cable 'Digilent JTAG-HS1 210512180081' is selected.
21:57:46 INFO  : 'jtag frequency' command is executed.
21:57:47 INFO  : 'targets -set -filter {jtag_cable_name =~ "Digilent JTAG-HS1 210512180081" && level==0 && jtag_device_ctx=="jsn-JTAG-HS1-210512180081-43651093-0"}' command is executed.
21:57:48 INFO  : Device configured successfully with "C:/Users/openfpga/Desktop/project/golden/example4_6/vitis_ide_v1/golden_iprog/_ide/bitstream/system_wrapper.bit"
21:57:48 INFO  : Context for processor 'microblaze_0' is selected.
21:57:48 INFO  : Hardware design and registers information is loaded from 'C:/Users/openfpga/Desktop/project/golden/example4_6/vitis_ide_v1/7k325t_platform/export/7k325t_platform/hw/system_wrapper.xsa'.
21:57:48 INFO  : 'configparams mdm-detect-bscan-mask 2' command is executed.
21:57:48 INFO  : Context for processor 'microblaze_0' is selected.
21:57:48 INFO  : System reset is completed.
21:57:51 INFO  : 'after 3000' command is executed.
21:57:51 INFO  : Context for processor 'microblaze_0' is selected.
21:57:51 INFO  : The application 'C:/Users/openfpga/Desktop/project/golden/example4_6/vitis_ide_v1/golden_iprog/Debug/golden_iprog.elf' is downloaded to processor 'microblaze_0'.
21:57:51 INFO  : ----------------XSDB Script----------------
connect -url tcp:127.0.0.1:3121
targets -set -filter {jtag_cable_name =~ "Digilent JTAG-HS1 210512180081" && level==0 && jtag_device_ctx=="jsn-JTAG-HS1-210512180081-43651093-0"}
fpga -file C:/Users/openfpga/Desktop/project/golden/example4_6/vitis_ide_v1/golden_iprog/_ide/bitstream/system_wrapper.bit
targets -set -nocase -filter {name =~ "*microblaze*#0" && bscan=="USER2" }
loadhw -hw C:/Users/openfpga/Desktop/project/golden/example4_6/vitis_ide_v1/7k325t_platform/export/7k325t_platform/hw/system_wrapper.xsa -regs
configparams mdm-detect-bscan-mask 2
targets -set -nocase -filter {name =~ "*microblaze*#0" && bscan=="USER2" }
rst -system
after 3000
targets -set -nocase -filter {name =~ "*microblaze*#0" && bscan=="USER2" }
dow C:/Users/openfpga/Desktop/project/golden/example4_6/vitis_ide_v1/golden_iprog/Debug/golden_iprog.elf
----------------End of Script----------------

21:57:51 INFO  : Context for processor 'microblaze_0' is selected.
21:57:51 INFO  : 'con' command is executed.
21:57:51 INFO  : ----------------XSDB Script (After Launch)----------------
targets -set -nocase -filter {name =~ "*microblaze*#0" && bscan=="USER2" }
con
----------------End of Script----------------

21:57:51 INFO  : Launch script is exported to file 'C:\Users\openfpga\Desktop\project\golden\example4_6\vitis_ide_v1\golden_iprog_system\_ide\scripts\debugger_golden_iprog-default.tcl'
21:59:02 INFO  : Disconnected from the channel tcfchan#2.
21:59:03 INFO  : Connected to target on host '127.0.0.1' and port '3121'.
21:59:03 INFO  : Jtag cable 'Digilent JTAG-HS1 210512180081' is selected.
21:59:03 INFO  : 'jtag frequency' command is executed.
21:59:03 INFO  : 'targets -set -filter {jtag_cable_name =~ "Digilent JTAG-HS1 210512180081" && level==0 && jtag_device_ctx=="jsn-JTAG-HS1-210512180081-43651093-0"}' command is executed.
21:59:05 INFO  : Device configured successfully with "C:/Users/openfpga/Desktop/project/golden/example4_6/vitis_ide_v1/golden_iprog/_ide/bitstream/system_wrapper.bit"
21:59:05 INFO  : Context for processor 'microblaze_0' is selected.
21:59:05 INFO  : Hardware design and registers information is loaded from 'C:/Users/openfpga/Desktop/project/golden/example4_6/vitis_ide_v1/7k325t_platform/export/7k325t_platform/hw/system_wrapper.xsa'.
21:59:05 INFO  : 'configparams mdm-detect-bscan-mask 2' command is executed.
21:59:05 INFO  : Context for processor 'microblaze_0' is selected.
21:59:05 INFO  : System reset is completed.
21:59:08 INFO  : 'after 3000' command is executed.
21:59:08 INFO  : Context for processor 'microblaze_0' is selected.
21:59:08 INFO  : The application 'C:/Users/openfpga/Desktop/project/golden/example4_6/vitis_ide_v1/golden_iprog/Debug/golden_iprog.elf' is downloaded to processor 'microblaze_0'.
21:59:08 INFO  : ----------------XSDB Script----------------
connect -url tcp:127.0.0.1:3121
targets -set -filter {jtag_cable_name =~ "Digilent JTAG-HS1 210512180081" && level==0 && jtag_device_ctx=="jsn-JTAG-HS1-210512180081-43651093-0"}
fpga -file C:/Users/openfpga/Desktop/project/golden/example4_6/vitis_ide_v1/golden_iprog/_ide/bitstream/system_wrapper.bit
targets -set -nocase -filter {name =~ "*microblaze*#0" && bscan=="USER2" }
loadhw -hw C:/Users/openfpga/Desktop/project/golden/example4_6/vitis_ide_v1/7k325t_platform/export/7k325t_platform/hw/system_wrapper.xsa -regs
configparams mdm-detect-bscan-mask 2
targets -set -nocase -filter {name =~ "*microblaze*#0" && bscan=="USER2" }
rst -system
after 3000
targets -set -nocase -filter {name =~ "*microblaze*#0" && bscan=="USER2" }
dow C:/Users/openfpga/Desktop/project/golden/example4_6/vitis_ide_v1/golden_iprog/Debug/golden_iprog.elf
----------------End of Script----------------

21:59:08 INFO  : Context for processor 'microblaze_0' is selected.
21:59:08 INFO  : 'con' command is executed.
21:59:08 INFO  : ----------------XSDB Script (After Launch)----------------
targets -set -nocase -filter {name =~ "*microblaze*#0" && bscan=="USER2" }
con
----------------End of Script----------------

21:59:08 INFO  : Launch script is exported to file 'C:\Users\openfpga\Desktop\project\golden\example4_6\vitis_ide_v1\golden_iprog_system\_ide\scripts\debugger_golden_iprog-default.tcl'
22:04:40 INFO  : Disconnected from the channel tcfchan#3.
22:04:41 INFO  : Connected to target on host '127.0.0.1' and port '3121'.
22:04:42 INFO  : Jtag cable 'Digilent JTAG-HS1 210512180081' is selected.
22:04:42 INFO  : 'jtag frequency' command is executed.
22:04:42 INFO  : 'targets -set -filter {jtag_cable_name =~ "Digilent JTAG-HS1 210512180081" && level==0 && jtag_device_ctx=="jsn-JTAG-HS1-210512180081-43651093-0"}' command is executed.
22:04:43 INFO  : Device configured successfully with "C:/Users/openfpga/Desktop/project/golden/example4_6/vitis_ide_v1/golden_iprog/_ide/bitstream/system_wrapper.bit"
22:04:43 INFO  : Context for processor 'microblaze_0' is selected.
22:04:43 INFO  : Hardware design and registers information is loaded from 'C:/Users/openfpga/Desktop/project/golden/example4_6/vitis_ide_v1/7k325t_platform/export/7k325t_platform/hw/system_wrapper.xsa'.
22:04:43 INFO  : 'configparams mdm-detect-bscan-mask 2' command is executed.
22:04:43 INFO  : Context for processor 'microblaze_0' is selected.
22:04:43 INFO  : System reset is completed.
22:04:46 INFO  : 'after 3000' command is executed.
22:04:46 INFO  : Context for processor 'microblaze_0' is selected.
22:04:46 INFO  : The application 'C:/Users/openfpga/Desktop/project/golden/example4_6/vitis_ide_v1/golden_iprog/Debug/golden_iprog.elf' is downloaded to processor 'microblaze_0'.
22:04:46 INFO  : ----------------XSDB Script----------------
connect -url tcp:127.0.0.1:3121
targets -set -filter {jtag_cable_name =~ "Digilent JTAG-HS1 210512180081" && level==0 && jtag_device_ctx=="jsn-JTAG-HS1-210512180081-43651093-0"}
fpga -file C:/Users/openfpga/Desktop/project/golden/example4_6/vitis_ide_v1/golden_iprog/_ide/bitstream/system_wrapper.bit
targets -set -nocase -filter {name =~ "*microblaze*#0" && bscan=="USER2" }
loadhw -hw C:/Users/openfpga/Desktop/project/golden/example4_6/vitis_ide_v1/7k325t_platform/export/7k325t_platform/hw/system_wrapper.xsa -regs
configparams mdm-detect-bscan-mask 2
targets -set -nocase -filter {name =~ "*microblaze*#0" && bscan=="USER2" }
rst -system
after 3000
targets -set -nocase -filter {name =~ "*microblaze*#0" && bscan=="USER2" }
dow C:/Users/openfpga/Desktop/project/golden/example4_6/vitis_ide_v1/golden_iprog/Debug/golden_iprog.elf
----------------End of Script----------------

22:04:46 INFO  : Context for processor 'microblaze_0' is selected.
22:04:46 INFO  : 'con' command is executed.
22:04:46 INFO  : ----------------XSDB Script (After Launch)----------------
targets -set -nocase -filter {name =~ "*microblaze*#0" && bscan=="USER2" }
con
----------------End of Script----------------

22:04:46 INFO  : Launch script is exported to file 'C:\Users\openfpga\Desktop\project\golden\example4_6\vitis_ide_v1\golden_iprog_system\_ide\scripts\debugger_golden_iprog-default.tcl'
22:07:07 INFO  : Checking for BSP changes to sync application flags for project 'golden_iprog'...
22:07:11 INFO  : Disconnected from the channel tcfchan#4.
22:07:12 INFO  : Connected to target on host '127.0.0.1' and port '3121'.
22:07:12 INFO  : Jtag cable 'Digilent JTAG-HS1 210512180081' is selected.
22:07:12 INFO  : 'jtag frequency' command is executed.
22:07:12 INFO  : 'targets -set -filter {jtag_cable_name =~ "Digilent JTAG-HS1 210512180081" && level==0 && jtag_device_ctx=="jsn-JTAG-HS1-210512180081-43651093-0"}' command is executed.
22:07:13 INFO  : Device configured successfully with "C:/Users/openfpga/Desktop/project/golden/example4_6/vitis_ide_v1/golden_iprog/_ide/bitstream/system_wrapper.bit"
22:07:13 INFO  : Context for processor 'microblaze_0' is selected.
22:07:13 INFO  : Hardware design and registers information is loaded from 'C:/Users/openfpga/Desktop/project/golden/example4_6/vitis_ide_v1/7k325t_platform/export/7k325t_platform/hw/system_wrapper.xsa'.
22:07:13 INFO  : 'configparams mdm-detect-bscan-mask 2' command is executed.
22:07:13 INFO  : Context for processor 'microblaze_0' is selected.
22:07:13 INFO  : System reset is completed.
22:07:16 INFO  : 'after 3000' command is executed.
22:07:16 INFO  : Context for processor 'microblaze_0' is selected.
22:07:16 INFO  : The application 'C:/Users/openfpga/Desktop/project/golden/example4_6/vitis_ide_v1/golden_iprog/Debug/golden_iprog.elf' is downloaded to processor 'microblaze_0'.
22:07:16 INFO  : ----------------XSDB Script----------------
connect -url tcp:127.0.0.1:3121
targets -set -filter {jtag_cable_name =~ "Digilent JTAG-HS1 210512180081" && level==0 && jtag_device_ctx=="jsn-JTAG-HS1-210512180081-43651093-0"}
fpga -file C:/Users/openfpga/Desktop/project/golden/example4_6/vitis_ide_v1/golden_iprog/_ide/bitstream/system_wrapper.bit
targets -set -nocase -filter {name =~ "*microblaze*#0" && bscan=="USER2" }
loadhw -hw C:/Users/openfpga/Desktop/project/golden/example4_6/vitis_ide_v1/7k325t_platform/export/7k325t_platform/hw/system_wrapper.xsa -regs
configparams mdm-detect-bscan-mask 2
targets -set -nocase -filter {name =~ "*microblaze*#0" && bscan=="USER2" }
rst -system
after 3000
targets -set -nocase -filter {name =~ "*microblaze*#0" && bscan=="USER2" }
dow C:/Users/openfpga/Desktop/project/golden/example4_6/vitis_ide_v1/golden_iprog/Debug/golden_iprog.elf
----------------End of Script----------------

22:07:16 INFO  : Context for processor 'microblaze_0' is selected.
22:07:16 INFO  : 'con' command is executed.
22:07:16 INFO  : ----------------XSDB Script (After Launch)----------------
targets -set -nocase -filter {name =~ "*microblaze*#0" && bscan=="USER2" }
con
----------------End of Script----------------

22:07:16 INFO  : Launch script is exported to file 'C:\Users\openfpga\Desktop\project\golden\example4_6\vitis_ide_v1\golden_iprog_system\_ide\scripts\debugger_golden_iprog-default.tcl'
22:09:06 INFO  : Checking for BSP changes to sync application flags for project 'golden_iprog'...
22:09:10 INFO  : Disconnected from the channel tcfchan#5.
22:09:11 INFO  : Connected to target on host '127.0.0.1' and port '3121'.
22:09:11 INFO  : Jtag cable 'Digilent JTAG-HS1 210512180081' is selected.
22:09:11 INFO  : 'jtag frequency' command is executed.
22:09:11 INFO  : 'targets -set -filter {jtag_cable_name =~ "Digilent JTAG-HS1 210512180081" && level==0 && jtag_device_ctx=="jsn-JTAG-HS1-210512180081-43651093-0"}' command is executed.
22:09:13 INFO  : Device configured successfully with "C:/Users/openfpga/Desktop/project/golden/example4_6/vitis_ide_v1/golden_iprog/_ide/bitstream/system_wrapper.bit"
22:09:13 INFO  : Context for processor 'microblaze_0' is selected.
22:09:13 INFO  : Hardware design and registers information is loaded from 'C:/Users/openfpga/Desktop/project/golden/example4_6/vitis_ide_v1/7k325t_platform/export/7k325t_platform/hw/system_wrapper.xsa'.
22:09:13 INFO  : 'configparams mdm-detect-bscan-mask 2' command is executed.
22:09:13 INFO  : Context for processor 'microblaze_0' is selected.
22:09:13 INFO  : System reset is completed.
22:09:16 INFO  : 'after 3000' command is executed.
22:09:16 INFO  : Context for processor 'microblaze_0' is selected.
22:09:16 INFO  : The application 'C:/Users/openfpga/Desktop/project/golden/example4_6/vitis_ide_v1/golden_iprog/Debug/golden_iprog.elf' is downloaded to processor 'microblaze_0'.
22:09:16 INFO  : ----------------XSDB Script----------------
connect -url tcp:127.0.0.1:3121
targets -set -filter {jtag_cable_name =~ "Digilent JTAG-HS1 210512180081" && level==0 && jtag_device_ctx=="jsn-JTAG-HS1-210512180081-43651093-0"}
fpga -file C:/Users/openfpga/Desktop/project/golden/example4_6/vitis_ide_v1/golden_iprog/_ide/bitstream/system_wrapper.bit
targets -set -nocase -filter {name =~ "*microblaze*#0" && bscan=="USER2" }
loadhw -hw C:/Users/openfpga/Desktop/project/golden/example4_6/vitis_ide_v1/7k325t_platform/export/7k325t_platform/hw/system_wrapper.xsa -regs
configparams mdm-detect-bscan-mask 2
targets -set -nocase -filter {name =~ "*microblaze*#0" && bscan=="USER2" }
rst -system
after 3000
targets -set -nocase -filter {name =~ "*microblaze*#0" && bscan=="USER2" }
dow C:/Users/openfpga/Desktop/project/golden/example4_6/vitis_ide_v1/golden_iprog/Debug/golden_iprog.elf
----------------End of Script----------------

22:09:16 INFO  : Context for processor 'microblaze_0' is selected.
22:09:16 INFO  : 'con' command is executed.
22:09:16 INFO  : ----------------XSDB Script (After Launch)----------------
targets -set -nocase -filter {name =~ "*microblaze*#0" && bscan=="USER2" }
con
----------------End of Script----------------

22:09:16 INFO  : Launch script is exported to file 'C:\Users\openfpga\Desktop\project\golden\example4_6\vitis_ide_v1\golden_iprog_system\_ide\scripts\debugger_golden_iprog-default.tcl'
22:11:07 INFO  : Checking for BSP changes to sync application flags for project 'golden_iprog'...
22:11:33 INFO  : Bit file 'C:/Users/openfpga/Desktop/project/golden/example4_6/vitis_ide_v1/golden_iprog/_ide/bitstream/download.bit' is generated.
22:24:50 INFO  : Checking for BSP changes to sync application flags for project 'golden_iprog'...
22:25:49 INFO  : Bit file 'C:/Users/openfpga/Desktop/project/golden/example4_6/vitis_ide_v1/golden_iprog/_ide/bitstream/download.bit' is generated.
22:36:16 INFO  : Checking for BSP changes to sync application flags for project 'golden_iprog'...
22:36:40 INFO  : Bit file 'C:/Users/openfpga/Desktop/project/golden/example4_6/vitis_ide_v1/golden_iprog/_ide/bitstream/download.bit' is generated.
22:37:45 INFO  : Disconnected from the channel tcfchan#6.
19:14:31 DEBUG : Logs will be stored at 'C:/Users/openfpga/Desktop/project/golden/example4_6/vitis_ide_v1/IDE.log'.
19:14:31 INFO  : Launching XSCT server: xsct.bat -n  -interactive C:\Users\openfpga\Desktop\project\golden\example4_6\vitis_ide_v1\temp_xsdb_launch_script.tcl
19:14:31 ERROR : (XSDB Server)'\gnu\microblaze\lin\bin\' 不是内部或外部命令，也不是可运行的程序
或批处理文件。

19:14:31 ERROR : (XSDB Server)'\gnu\microblaze\nt\bin\' 不是内部或外部命令，也不是可运行的程序
或批处理文件。

19:14:31 ERROR : (XSDB Server)'\gnuwin\bin\' 不是内部或外部命令，也不是可运行的程序
或批处理文件。

19:14:34 INFO  : XSCT server has started successfully.
19:14:34 INFO  : plnx-install-location is set to ''
19:14:34 INFO  : Successfully done setting XSCT server connection channel  
19:14:34 INFO  : Successfully done setting workspace for the tool. 
19:14:34 INFO  : Registering command handlers for Vitis TCF services
19:14:34 INFO  : Platform repository initialization has completed.
19:14:37 INFO  : Successfully done query RDI_DATADIR 
19:17:36 INFO  : Checking for BSP changes to sync application flags for project 'golden_iprog'...
19:17:45 INFO  : Checking for BSP changes to sync application flags for project 'golden_iprog'...
19:18:08 INFO  : Bit file 'C:/Users/openfpga/Desktop/project/golden/example4_6/vitis_ide_v1/golden_iprog/_ide/bitstream/download.bit' is generated.
19:19:18 INFO  : Connected to target on host '127.0.0.1' and port '3121'.
19:19:19 INFO  : Jtag cable 'Digilent JTAG-HS1 210512180081' is selected.
19:19:19 INFO  : 'jtag frequency' command is executed.
19:19:20 INFO  : 'targets -set -filter {jtag_cable_name =~ "Digilent JTAG-HS1 210512180081" && level==0 && jtag_device_ctx=="jsn-JTAG-HS1-210512180081-43651093-0"}' command is executed.
19:19:21 INFO  : Device configured successfully with "C:/Users/openfpga/Desktop/project/golden/example4_6/vitis_ide_v1/golden_iprog/_ide/bitstream/system_wrapper.bit"
19:19:21 INFO  : Context for processor 'microblaze_0' is selected.
19:19:21 INFO  : Hardware design and registers information is loaded from 'C:/Users/openfpga/Desktop/project/golden/example4_6/vitis_ide_v1/7k325t_platform/export/7k325t_platform/hw/system_wrapper.xsa'.
19:19:21 INFO  : 'configparams mdm-detect-bscan-mask 2' command is executed.
19:19:21 INFO  : Context for processor 'microblaze_0' is selected.
19:19:21 INFO  : System reset is completed.
19:19:24 INFO  : 'after 3000' command is executed.
19:19:24 INFO  : Context for processor 'microblaze_0' is selected.
19:19:24 INFO  : The application 'C:/Users/openfpga/Desktop/project/golden/example4_6/vitis_ide_v1/golden_iprog/Debug/golden_iprog.elf' is downloaded to processor 'microblaze_0'.
19:19:24 INFO  : ----------------XSDB Script----------------
connect -url tcp:127.0.0.1:3121
targets -set -filter {jtag_cable_name =~ "Digilent JTAG-HS1 210512180081" && level==0 && jtag_device_ctx=="jsn-JTAG-HS1-210512180081-43651093-0"}
fpga -file C:/Users/openfpga/Desktop/project/golden/example4_6/vitis_ide_v1/golden_iprog/_ide/bitstream/system_wrapper.bit
targets -set -nocase -filter {name =~ "*microblaze*#0" && bscan=="USER2" }
loadhw -hw C:/Users/openfpga/Desktop/project/golden/example4_6/vitis_ide_v1/7k325t_platform/export/7k325t_platform/hw/system_wrapper.xsa -regs
configparams mdm-detect-bscan-mask 2
targets -set -nocase -filter {name =~ "*microblaze*#0" && bscan=="USER2" }
rst -system
after 3000
targets -set -nocase -filter {name =~ "*microblaze*#0" && bscan=="USER2" }
dow C:/Users/openfpga/Desktop/project/golden/example4_6/vitis_ide_v1/golden_iprog/Debug/golden_iprog.elf
----------------End of Script----------------

19:19:24 INFO  : Context for processor 'microblaze_0' is selected.
19:19:24 INFO  : 'con' command is executed.
19:19:24 INFO  : ----------------XSDB Script (After Launch)----------------
targets -set -nocase -filter {name =~ "*microblaze*#0" && bscan=="USER2" }
con
----------------End of Script----------------

19:19:24 INFO  : Launch script is exported to file 'C:\Users\openfpga\Desktop\project\golden\example4_6\vitis_ide_v1\golden_iprog_system\_ide\scripts\debugger_golden_iprog-default.tcl'
19:22:31 INFO  : Checking for BSP changes to sync application flags for project 'golden_iprog'...
19:22:34 INFO  : Disconnected from the channel tcfchan#1.
19:22:35 INFO  : Connected to target on host '127.0.0.1' and port '3121'.
19:22:44 INFO  : ----------------XSDB Script----------------
connect -url tcp:127.0.0.1:3121
----------------End of Script----------------

19:22:44 ERROR : Could not find FPGA device on the board for connection 'Local'.


Troubleshooting hints:
1. Check whether board is connected to system properly.
2. In case of zynq board, check whether Digilent/Xilinx cable switch settings are correct.
3. If you are using Xilinx Platform Cable USB, ensure that status LED is green.
19:23:21 INFO  : Connected to target on host '127.0.0.1' and port '3121'.
19:23:21 INFO  : Jtag cable 'Digilent JTAG-HS1 210512180081' is selected.
19:23:21 INFO  : 'jtag frequency' command is executed.
19:23:21 INFO  : 'targets -set -filter {jtag_cable_name =~ "Digilent JTAG-HS1 210512180081" && level==0 && jtag_device_ctx=="jsn-JTAG-HS1-210512180081-43651093-0"}' command is executed.
19:23:22 INFO  : Device configured successfully with "C:/Users/openfpga/Desktop/project/golden/example4_6/vitis_ide_v1/golden_iprog/_ide/bitstream/system_wrapper.bit"
19:23:22 INFO  : Context for processor 'microblaze_0' is selected.
19:23:23 INFO  : Hardware design and registers information is loaded from 'C:/Users/openfpga/Desktop/project/golden/example4_6/vitis_ide_v1/7k325t_platform/export/7k325t_platform/hw/system_wrapper.xsa'.
19:23:23 INFO  : 'configparams mdm-detect-bscan-mask 2' command is executed.
19:23:23 INFO  : Context for processor 'microblaze_0' is selected.
19:23:23 INFO  : System reset is completed.
19:23:26 INFO  : 'after 3000' command is executed.
19:23:26 INFO  : Context for processor 'microblaze_0' is selected.
19:23:26 INFO  : The application 'C:/Users/openfpga/Desktop/project/golden/example4_6/vitis_ide_v1/golden_iprog/Debug/golden_iprog.elf' is downloaded to processor 'microblaze_0'.
19:23:26 INFO  : ----------------XSDB Script----------------
connect -url tcp:127.0.0.1:3121
targets -set -filter {jtag_cable_name =~ "Digilent JTAG-HS1 210512180081" && level==0 && jtag_device_ctx=="jsn-JTAG-HS1-210512180081-43651093-0"}
fpga -file C:/Users/openfpga/Desktop/project/golden/example4_6/vitis_ide_v1/golden_iprog/_ide/bitstream/system_wrapper.bit
targets -set -nocase -filter {name =~ "*microblaze*#0" && bscan=="USER2" }
loadhw -hw C:/Users/openfpga/Desktop/project/golden/example4_6/vitis_ide_v1/7k325t_platform/export/7k325t_platform/hw/system_wrapper.xsa -regs
configparams mdm-detect-bscan-mask 2
targets -set -nocase -filter {name =~ "*microblaze*#0" && bscan=="USER2" }
rst -system
after 3000
targets -set -nocase -filter {name =~ "*microblaze*#0" && bscan=="USER2" }
dow C:/Users/openfpga/Desktop/project/golden/example4_6/vitis_ide_v1/golden_iprog/Debug/golden_iprog.elf
----------------End of Script----------------

19:23:26 INFO  : Context for processor 'microblaze_0' is selected.
19:23:26 INFO  : 'con' command is executed.
19:23:26 INFO  : ----------------XSDB Script (After Launch)----------------
targets -set -nocase -filter {name =~ "*microblaze*#0" && bscan=="USER2" }
con
----------------End of Script----------------

19:23:26 INFO  : Launch script is exported to file 'C:\Users\openfpga\Desktop\project\golden\example4_6\vitis_ide_v1\golden_iprog_system\_ide\scripts\debugger_golden_iprog-default.tcl'
19:25:13 INFO  : Checking for BSP changes to sync application flags for project 'golden_iprog'...
19:25:16 INFO  : Disconnected from the channel tcfchan#2.
19:25:17 INFO  : Connected to target on host '127.0.0.1' and port '3121'.
19:25:26 INFO  : ----------------XSDB Script----------------
connect -url tcp:127.0.0.1:3121
----------------End of Script----------------

19:25:26 ERROR : Could not find FPGA device on the board for connection 'Local'.


Troubleshooting hints:
1. Check whether board is connected to system properly.
2. In case of zynq board, check whether Digilent/Xilinx cable switch settings are correct.
3. If you are using Xilinx Platform Cable USB, ensure that status LED is green.
19:28:24 INFO  : Connected to target on host '127.0.0.1' and port '3121'.
19:28:24 INFO  : Jtag cable 'Digilent JTAG-HS1 210512180081' is selected.
19:28:24 INFO  : 'jtag frequency' command is executed.
19:28:24 INFO  : 'targets -set -filter {jtag_cable_name =~ "Digilent JTAG-HS1 210512180081" && level==0 && jtag_device_ctx=="jsn-JTAG-HS1-210512180081-43651093-0"}' command is executed.
19:28:25 INFO  : Device configured successfully with "C:/Users/openfpga/Desktop/project/golden/example4_6/vitis_ide_v1/golden_iprog/_ide/bitstream/system_wrapper.bit"
19:28:25 INFO  : Context for processor 'microblaze_0' is selected.
19:28:26 INFO  : Hardware design and registers information is loaded from 'C:/Users/openfpga/Desktop/project/golden/example4_6/vitis_ide_v1/7k325t_platform/export/7k325t_platform/hw/system_wrapper.xsa'.
19:28:26 INFO  : 'configparams mdm-detect-bscan-mask 2' command is executed.
19:28:26 INFO  : Context for processor 'microblaze_0' is selected.
19:28:26 INFO  : System reset is completed.
19:28:29 INFO  : 'after 3000' command is executed.
19:28:29 INFO  : Context for processor 'microblaze_0' is selected.
19:28:29 INFO  : The application 'C:/Users/openfpga/Desktop/project/golden/example4_6/vitis_ide_v1/golden_iprog/Debug/golden_iprog.elf' is downloaded to processor 'microblaze_0'.
19:28:29 INFO  : ----------------XSDB Script----------------
connect -url tcp:127.0.0.1:3121
targets -set -filter {jtag_cable_name =~ "Digilent JTAG-HS1 210512180081" && level==0 && jtag_device_ctx=="jsn-JTAG-HS1-210512180081-43651093-0"}
fpga -file C:/Users/openfpga/Desktop/project/golden/example4_6/vitis_ide_v1/golden_iprog/_ide/bitstream/system_wrapper.bit
targets -set -nocase -filter {name =~ "*microblaze*#0" && bscan=="USER2" }
loadhw -hw C:/Users/openfpga/Desktop/project/golden/example4_6/vitis_ide_v1/7k325t_platform/export/7k325t_platform/hw/system_wrapper.xsa -regs
configparams mdm-detect-bscan-mask 2
targets -set -nocase -filter {name =~ "*microblaze*#0" && bscan=="USER2" }
rst -system
after 3000
targets -set -nocase -filter {name =~ "*microblaze*#0" && bscan=="USER2" }
dow C:/Users/openfpga/Desktop/project/golden/example4_6/vitis_ide_v1/golden_iprog/Debug/golden_iprog.elf
----------------End of Script----------------

19:28:29 INFO  : Context for processor 'microblaze_0' is selected.
19:28:29 INFO  : 'con' command is executed.
19:28:29 INFO  : ----------------XSDB Script (After Launch)----------------
targets -set -nocase -filter {name =~ "*microblaze*#0" && bscan=="USER2" }
con
----------------End of Script----------------

19:28:29 INFO  : Launch script is exported to file 'C:\Users\openfpga\Desktop\project\golden\example4_6\vitis_ide_v1\golden_iprog_system\_ide\scripts\debugger_golden_iprog-default.tcl'
19:36:33 INFO  : Checking for BSP changes to sync application flags for project 'golden_iprog'...
19:36:37 INFO  : Disconnected from the channel tcfchan#3.
19:36:38 INFO  : Connected to target on host '127.0.0.1' and port '3121'.
19:36:38 INFO  : Jtag cable 'Digilent JTAG-HS1 210512180081' is selected.
19:36:38 INFO  : 'jtag frequency' command is executed.
19:36:38 INFO  : 'targets -set -filter {jtag_cable_name =~ "Digilent JTAG-HS1 210512180081" && level==0 && jtag_device_ctx=="jsn-JTAG-HS1-210512180081-43651093-0"}' command is executed.
19:36:39 INFO  : Device configured successfully with "C:/Users/openfpga/Desktop/project/golden/example4_6/vitis_ide_v1/golden_iprog/_ide/bitstream/system_wrapper.bit"
19:36:39 INFO  : Context for processor 'microblaze_0' is selected.
19:36:40 INFO  : Hardware design and registers information is loaded from 'C:/Users/openfpga/Desktop/project/golden/example4_6/vitis_ide_v1/7k325t_platform/export/7k325t_platform/hw/system_wrapper.xsa'.
19:36:40 INFO  : 'configparams mdm-detect-bscan-mask 2' command is executed.
19:36:40 INFO  : Context for processor 'microblaze_0' is selected.
19:36:40 INFO  : System reset is completed.
19:36:43 INFO  : 'after 3000' command is executed.
19:36:43 INFO  : Context for processor 'microblaze_0' is selected.
19:36:43 INFO  : The application 'C:/Users/openfpga/Desktop/project/golden/example4_6/vitis_ide_v1/golden_iprog/Debug/golden_iprog.elf' is downloaded to processor 'microblaze_0'.
19:36:43 INFO  : ----------------XSDB Script----------------
connect -url tcp:127.0.0.1:3121
targets -set -filter {jtag_cable_name =~ "Digilent JTAG-HS1 210512180081" && level==0 && jtag_device_ctx=="jsn-JTAG-HS1-210512180081-43651093-0"}
fpga -file C:/Users/openfpga/Desktop/project/golden/example4_6/vitis_ide_v1/golden_iprog/_ide/bitstream/system_wrapper.bit
targets -set -nocase -filter {name =~ "*microblaze*#0" && bscan=="USER2" }
loadhw -hw C:/Users/openfpga/Desktop/project/golden/example4_6/vitis_ide_v1/7k325t_platform/export/7k325t_platform/hw/system_wrapper.xsa -regs
configparams mdm-detect-bscan-mask 2
targets -set -nocase -filter {name =~ "*microblaze*#0" && bscan=="USER2" }
rst -system
after 3000
targets -set -nocase -filter {name =~ "*microblaze*#0" && bscan=="USER2" }
dow C:/Users/openfpga/Desktop/project/golden/example4_6/vitis_ide_v1/golden_iprog/Debug/golden_iprog.elf
----------------End of Script----------------

19:36:43 INFO  : Context for processor 'microblaze_0' is selected.
19:36:43 INFO  : 'con' command is executed.
19:36:43 INFO  : ----------------XSDB Script (After Launch)----------------
targets -set -nocase -filter {name =~ "*microblaze*#0" && bscan=="USER2" }
con
----------------End of Script----------------

19:36:43 INFO  : Launch script is exported to file 'C:\Users\openfpga\Desktop\project\golden\example4_6\vitis_ide_v1\golden_iprog_system\_ide\scripts\debugger_golden_iprog-default.tcl'
19:40:29 INFO  : Disconnected from the channel tcfchan#4.
19:40:30 INFO  : Connected to target on host '127.0.0.1' and port '3121'.
19:40:39 INFO  : ----------------XSDB Script----------------
connect -url tcp:127.0.0.1:3121
----------------End of Script----------------

19:40:39 ERROR : Could not find FPGA device on the board for connection 'Local'.


Troubleshooting hints:
1. Check whether board is connected to system properly.
2. In case of zynq board, check whether Digilent/Xilinx cable switch settings are correct.
3. If you are using Xilinx Platform Cable USB, ensure that status LED is green.
19:40:53 INFO  : Connected to target on host '127.0.0.1' and port '3121'.
19:40:53 INFO  : Jtag cable 'Digilent JTAG-HS1 210512180081' is selected.
19:40:53 INFO  : 'jtag frequency' command is executed.
19:40:53 INFO  : 'targets -set -filter {jtag_cable_name =~ "Digilent JTAG-HS1 210512180081" && level==0 && jtag_device_ctx=="jsn-JTAG-HS1-210512180081-43651093-0"}' command is executed.
19:40:55 INFO  : Device configured successfully with "C:/Users/openfpga/Desktop/project/golden/example4_6/vitis_ide_v1/golden_iprog/_ide/bitstream/system_wrapper.bit"
19:40:55 INFO  : Context for processor 'microblaze_0' is selected.
19:40:55 INFO  : Hardware design and registers information is loaded from 'C:/Users/openfpga/Desktop/project/golden/example4_6/vitis_ide_v1/7k325t_platform/export/7k325t_platform/hw/system_wrapper.xsa'.
19:40:55 INFO  : 'configparams mdm-detect-bscan-mask 2' command is executed.
19:40:55 INFO  : Context for processor 'microblaze_0' is selected.
19:40:55 INFO  : System reset is completed.
19:40:58 INFO  : 'after 3000' command is executed.
19:40:58 INFO  : Context for processor 'microblaze_0' is selected.
19:40:58 INFO  : The application 'C:/Users/openfpga/Desktop/project/golden/example4_6/vitis_ide_v1/golden_iprog/Debug/golden_iprog.elf' is downloaded to processor 'microblaze_0'.
19:40:58 INFO  : ----------------XSDB Script----------------
connect -url tcp:127.0.0.1:3121
targets -set -filter {jtag_cable_name =~ "Digilent JTAG-HS1 210512180081" && level==0 && jtag_device_ctx=="jsn-JTAG-HS1-210512180081-43651093-0"}
fpga -file C:/Users/openfpga/Desktop/project/golden/example4_6/vitis_ide_v1/golden_iprog/_ide/bitstream/system_wrapper.bit
targets -set -nocase -filter {name =~ "*microblaze*#0" && bscan=="USER2" }
loadhw -hw C:/Users/openfpga/Desktop/project/golden/example4_6/vitis_ide_v1/7k325t_platform/export/7k325t_platform/hw/system_wrapper.xsa -regs
configparams mdm-detect-bscan-mask 2
targets -set -nocase -filter {name =~ "*microblaze*#0" && bscan=="USER2" }
rst -system
after 3000
targets -set -nocase -filter {name =~ "*microblaze*#0" && bscan=="USER2" }
dow C:/Users/openfpga/Desktop/project/golden/example4_6/vitis_ide_v1/golden_iprog/Debug/golden_iprog.elf
----------------End of Script----------------

19:40:58 INFO  : Context for processor 'microblaze_0' is selected.
19:40:58 INFO  : 'con' command is executed.
19:40:58 INFO  : ----------------XSDB Script (After Launch)----------------
targets -set -nocase -filter {name =~ "*microblaze*#0" && bscan=="USER2" }
con
----------------End of Script----------------

19:40:58 INFO  : Launch script is exported to file 'C:\Users\openfpga\Desktop\project\golden\example4_6\vitis_ide_v1\golden_iprog_system\_ide\scripts\debugger_golden_iprog-default.tcl'
19:44:26 INFO  : Checking for BSP changes to sync application flags for project 'golden_iprog'...
19:44:30 INFO  : Disconnected from the channel tcfchan#5.
19:44:31 INFO  : Connected to target on host '127.0.0.1' and port '3121'.
19:44:40 INFO  : ----------------XSDB Script----------------
connect -url tcp:127.0.0.1:3121
----------------End of Script----------------

19:44:40 ERROR : Could not find FPGA device on the board for connection 'Local'.


Troubleshooting hints:
1. Check whether board is connected to system properly.
2. In case of zynq board, check whether Digilent/Xilinx cable switch settings are correct.
3. If you are using Xilinx Platform Cable USB, ensure that status LED is green.
19:44:55 INFO  : Connected to target on host '127.0.0.1' and port '3121'.
19:44:55 INFO  : Jtag cable 'Digilent JTAG-HS1 210512180081' is selected.
19:44:55 INFO  : 'jtag frequency' command is executed.
19:44:55 INFO  : 'targets -set -filter {jtag_cable_name =~ "Digilent JTAG-HS1 210512180081" && level==0 && jtag_device_ctx=="jsn-JTAG-HS1-210512180081-43651093-0"}' command is executed.
19:44:56 INFO  : Device configured successfully with "C:/Users/openfpga/Desktop/project/golden/example4_6/vitis_ide_v1/golden_iprog/_ide/bitstream/system_wrapper.bit"
19:44:56 INFO  : Context for processor 'microblaze_0' is selected.
19:44:56 INFO  : Hardware design and registers information is loaded from 'C:/Users/openfpga/Desktop/project/golden/example4_6/vitis_ide_v1/7k325t_platform/export/7k325t_platform/hw/system_wrapper.xsa'.
19:44:56 INFO  : 'configparams mdm-detect-bscan-mask 2' command is executed.
19:44:56 INFO  : Context for processor 'microblaze_0' is selected.
19:44:56 INFO  : System reset is completed.
19:44:59 INFO  : 'after 3000' command is executed.
19:44:59 INFO  : Context for processor 'microblaze_0' is selected.
19:44:59 INFO  : The application 'C:/Users/openfpga/Desktop/project/golden/example4_6/vitis_ide_v1/golden_iprog/Debug/golden_iprog.elf' is downloaded to processor 'microblaze_0'.
19:44:59 INFO  : ----------------XSDB Script----------------
connect -url tcp:127.0.0.1:3121
targets -set -filter {jtag_cable_name =~ "Digilent JTAG-HS1 210512180081" && level==0 && jtag_device_ctx=="jsn-JTAG-HS1-210512180081-43651093-0"}
fpga -file C:/Users/openfpga/Desktop/project/golden/example4_6/vitis_ide_v1/golden_iprog/_ide/bitstream/system_wrapper.bit
targets -set -nocase -filter {name =~ "*microblaze*#0" && bscan=="USER2" }
loadhw -hw C:/Users/openfpga/Desktop/project/golden/example4_6/vitis_ide_v1/7k325t_platform/export/7k325t_platform/hw/system_wrapper.xsa -regs
configparams mdm-detect-bscan-mask 2
targets -set -nocase -filter {name =~ "*microblaze*#0" && bscan=="USER2" }
rst -system
after 3000
targets -set -nocase -filter {name =~ "*microblaze*#0" && bscan=="USER2" }
dow C:/Users/openfpga/Desktop/project/golden/example4_6/vitis_ide_v1/golden_iprog/Debug/golden_iprog.elf
----------------End of Script----------------

19:45:00 INFO  : Context for processor 'microblaze_0' is selected.
19:45:00 INFO  : 'con' command is executed.
19:45:00 INFO  : ----------------XSDB Script (After Launch)----------------
targets -set -nocase -filter {name =~ "*microblaze*#0" && bscan=="USER2" }
con
----------------End of Script----------------

19:45:00 INFO  : Launch script is exported to file 'C:\Users\openfpga\Desktop\project\golden\example4_6\vitis_ide_v1\golden_iprog_system\_ide\scripts\debugger_golden_iprog-default.tcl'
19:46:56 INFO  : Checking for BSP changes to sync application flags for project 'golden_iprog'...
19:47:00 INFO  : Disconnected from the channel tcfchan#6.
19:47:01 INFO  : Connected to target on host '127.0.0.1' and port '3121'.
19:47:10 INFO  : ----------------XSDB Script----------------
connect -url tcp:127.0.0.1:3121
----------------End of Script----------------

19:47:10 ERROR : Could not find FPGA device on the board for connection 'Local'.


Troubleshooting hints:
1. Check whether board is connected to system properly.
2. In case of zynq board, check whether Digilent/Xilinx cable switch settings are correct.
3. If you are using Xilinx Platform Cable USB, ensure that status LED is green.
19:47:33 INFO  : Connected to target on host '127.0.0.1' and port '3121'.
19:47:33 INFO  : Jtag cable 'Digilent JTAG-HS1 210512180081' is selected.
19:47:33 INFO  : 'jtag frequency' command is executed.
19:47:33 INFO  : 'targets -set -filter {jtag_cable_name =~ "Digilent JTAG-HS1 210512180081" && level==0 && jtag_device_ctx=="jsn-JTAG-HS1-210512180081-43651093-0"}' command is executed.
19:47:34 INFO  : Device configured successfully with "C:/Users/openfpga/Desktop/project/golden/example4_6/vitis_ide_v1/golden_iprog/_ide/bitstream/system_wrapper.bit"
19:47:34 INFO  : Context for processor 'microblaze_0' is selected.
19:47:35 INFO  : Hardware design and registers information is loaded from 'C:/Users/openfpga/Desktop/project/golden/example4_6/vitis_ide_v1/7k325t_platform/export/7k325t_platform/hw/system_wrapper.xsa'.
19:47:35 INFO  : 'configparams mdm-detect-bscan-mask 2' command is executed.
19:47:35 INFO  : Context for processor 'microblaze_0' is selected.
19:47:35 INFO  : System reset is completed.
19:47:38 INFO  : 'after 3000' command is executed.
19:47:38 INFO  : Context for processor 'microblaze_0' is selected.
19:47:38 INFO  : The application 'C:/Users/openfpga/Desktop/project/golden/example4_6/vitis_ide_v1/golden_iprog/Debug/golden_iprog.elf' is downloaded to processor 'microblaze_0'.
19:47:38 INFO  : ----------------XSDB Script----------------
connect -url tcp:127.0.0.1:3121
targets -set -filter {jtag_cable_name =~ "Digilent JTAG-HS1 210512180081" && level==0 && jtag_device_ctx=="jsn-JTAG-HS1-210512180081-43651093-0"}
fpga -file C:/Users/openfpga/Desktop/project/golden/example4_6/vitis_ide_v1/golden_iprog/_ide/bitstream/system_wrapper.bit
targets -set -nocase -filter {name =~ "*microblaze*#0" && bscan=="USER2" }
loadhw -hw C:/Users/openfpga/Desktop/project/golden/example4_6/vitis_ide_v1/7k325t_platform/export/7k325t_platform/hw/system_wrapper.xsa -regs
configparams mdm-detect-bscan-mask 2
targets -set -nocase -filter {name =~ "*microblaze*#0" && bscan=="USER2" }
rst -system
after 3000
targets -set -nocase -filter {name =~ "*microblaze*#0" && bscan=="USER2" }
dow C:/Users/openfpga/Desktop/project/golden/example4_6/vitis_ide_v1/golden_iprog/Debug/golden_iprog.elf
----------------End of Script----------------

19:47:38 INFO  : Context for processor 'microblaze_0' is selected.
19:47:38 INFO  : 'con' command is executed.
19:47:38 INFO  : ----------------XSDB Script (After Launch)----------------
targets -set -nocase -filter {name =~ "*microblaze*#0" && bscan=="USER2" }
con
----------------End of Script----------------

19:47:38 INFO  : Launch script is exported to file 'C:\Users\openfpga\Desktop\project\golden\example4_6\vitis_ide_v1\golden_iprog_system\_ide\scripts\debugger_golden_iprog-default.tcl'
20:22:34 INFO  : Checking for BSP changes to sync application flags for project 'golden_iprog'...
20:22:38 INFO  : Disconnected from the channel tcfchan#7.
20:22:39 INFO  : Connected to target on host '127.0.0.1' and port '3121'.
20:22:48 INFO  : ----------------XSDB Script----------------
connect -url tcp:127.0.0.1:3121
----------------End of Script----------------

20:22:48 ERROR : Could not find FPGA device on the board for connection 'Local'.


Troubleshooting hints:
1. Check whether board is connected to system properly.
2. In case of zynq board, check whether Digilent/Xilinx cable switch settings are correct.
3. If you are using Xilinx Platform Cable USB, ensure that status LED is green.
20:22:58 INFO  : Connected to target on host '127.0.0.1' and port '3121'.
20:22:58 INFO  : Jtag cable 'Digilent JTAG-HS1 210512180081' is selected.
20:22:58 INFO  : 'jtag frequency' command is executed.
20:22:58 INFO  : 'targets -set -filter {jtag_cable_name =~ "Digilent JTAG-HS1 210512180081" && level==0 && jtag_device_ctx=="jsn-JTAG-HS1-210512180081-43651093-0"}' command is executed.
20:22:59 INFO  : Device configured successfully with "C:/Users/openfpga/Desktop/project/golden/example4_6/vitis_ide_v1/golden_iprog/_ide/bitstream/system_wrapper.bit"
20:22:59 INFO  : Context for processor 'microblaze_0' is selected.
20:22:59 INFO  : Hardware design and registers information is loaded from 'C:/Users/openfpga/Desktop/project/golden/example4_6/vitis_ide_v1/7k325t_platform/export/7k325t_platform/hw/system_wrapper.xsa'.
20:22:59 INFO  : 'configparams mdm-detect-bscan-mask 2' command is executed.
20:22:59 INFO  : Context for processor 'microblaze_0' is selected.
20:22:59 INFO  : System reset is completed.
20:23:02 INFO  : 'after 3000' command is executed.
20:23:02 INFO  : Context for processor 'microblaze_0' is selected.
20:23:03 INFO  : The application 'C:/Users/openfpga/Desktop/project/golden/example4_6/vitis_ide_v1/golden_iprog/Debug/golden_iprog.elf' is downloaded to processor 'microblaze_0'.
20:23:03 INFO  : ----------------XSDB Script----------------
connect -url tcp:127.0.0.1:3121
targets -set -filter {jtag_cable_name =~ "Digilent JTAG-HS1 210512180081" && level==0 && jtag_device_ctx=="jsn-JTAG-HS1-210512180081-43651093-0"}
fpga -file C:/Users/openfpga/Desktop/project/golden/example4_6/vitis_ide_v1/golden_iprog/_ide/bitstream/system_wrapper.bit
targets -set -nocase -filter {name =~ "*microblaze*#0" && bscan=="USER2" }
loadhw -hw C:/Users/openfpga/Desktop/project/golden/example4_6/vitis_ide_v1/7k325t_platform/export/7k325t_platform/hw/system_wrapper.xsa -regs
configparams mdm-detect-bscan-mask 2
targets -set -nocase -filter {name =~ "*microblaze*#0" && bscan=="USER2" }
rst -system
after 3000
targets -set -nocase -filter {name =~ "*microblaze*#0" && bscan=="USER2" }
dow C:/Users/openfpga/Desktop/project/golden/example4_6/vitis_ide_v1/golden_iprog/Debug/golden_iprog.elf
----------------End of Script----------------

20:23:03 INFO  : Context for processor 'microblaze_0' is selected.
20:23:03 INFO  : 'con' command is executed.
20:23:03 INFO  : ----------------XSDB Script (After Launch)----------------
targets -set -nocase -filter {name =~ "*microblaze*#0" && bscan=="USER2" }
con
----------------End of Script----------------

20:23:03 INFO  : Launch script is exported to file 'C:\Users\openfpga\Desktop\project\golden\example4_6\vitis_ide_v1\golden_iprog_system\_ide\scripts\debugger_golden_iprog-default.tcl'
20:24:34 INFO  : Checking for BSP changes to sync application flags for project 'golden_iprog'...
20:24:51 INFO  : Bit file 'C:/Users/openfpga/Desktop/project/golden/example4_6/vitis_ide_v1/golden_iprog/_ide/bitstream/download.bit' is generated.
22:01:58 INFO  : Disconnected from the channel tcfchan#8.
