
*** Running vivado
    with args -log system_ilmb_bram_if_cntlr_1.vds -m64 -product Vivado -mode batch -messageDb vivado.pb -notrace -source system_ilmb_bram_if_cntlr_1.tcl



****** Vivado v2024.1 (64-bit)
  **** SW Build 5076996 on Wed May 22 18:37:14 MDT 2024
  **** IP Build 5075265 on Wed May 22 21:45:21 MDT 2024
  **** SharedData Build 5076995 on Wed May 22 18:29:18 MDT 2024
  **** Start of session at: Sat Oct  5 17:03:32 2024
    ** Copyright 1986-2022 Xilinx, Inc. All Rights Reserved.
    ** Copyright 2022-2024 Advanced Micro Devices, Inc. All Rights Reserved.

source system_ilmb_bram_if_cntlr_1.tcl -notrace
create_project: Time (s): cpu = 00:00:06 ; elapsed = 00:00:06 . Memory (MB): peak = 550.551 ; gain = 198.031
INFO: [IP_Flow 19-6924] IPCACHE: Running cache check for IP inst: system_ilmb_bram_if_cntlr_1
INFO: [IP_Flow 19-6922] IPCACHE: Exporting cached entry 3587ab1a664e0c67 to dir: C:/Users/openfpga/Desktop/project/golden/example9_4/project_1.runs/system_ilmb_bram_if_cntlr_1_synth_1
INFO: [IP_Flow 19-6928] IPCACHE: copied cached file c:/Users/openfpga/Desktop/project/golden/example9_4/project_1.cache/ip/2024.1/3/5/3587ab1a664e0c67/system_dlmb_bram_if_cntlr_1.dcp to C:/Users/openfpga/Desktop/project/golden/example9_4/project_1.runs/system_ilmb_bram_if_cntlr_1_synth_1/system_ilmb_bram_if_cntlr_1.dcp.
INFO: [IP_Flow 19-6928] IPCACHE: copied cached file c:/Users/openfpga/Desktop/project/golden/example9_4/project_1.cache/ip/2024.1/3/5/3587ab1a664e0c67/system_dlmb_bram_if_cntlr_1_sim_netlist.v to C:/Users/openfpga/Desktop/project/golden/example9_4/project_1.runs/system_ilmb_bram_if_cntlr_1_synth_1/system_ilmb_bram_if_cntlr_1_sim_netlist.v.
INFO: [IP_Flow 19-6928] IPCACHE: copied cached file c:/Users/openfpga/Desktop/project/golden/example9_4/project_1.cache/ip/2024.1/3/5/3587ab1a664e0c67/system_dlmb_bram_if_cntlr_1_sim_netlist.vhdl to C:/Users/openfpga/Desktop/project/golden/example9_4/project_1.runs/system_ilmb_bram_if_cntlr_1_synth_1/system_ilmb_bram_if_cntlr_1_sim_netlist.vhdl.
INFO: [IP_Flow 19-6928] IPCACHE: copied cached file c:/Users/openfpga/Desktop/project/golden/example9_4/project_1.cache/ip/2024.1/3/5/3587ab1a664e0c67/system_dlmb_bram_if_cntlr_1_stub.v to C:/Users/openfpga/Desktop/project/golden/example9_4/project_1.runs/system_ilmb_bram_if_cntlr_1_synth_1/system_ilmb_bram_if_cntlr_1_stub.v.
INFO: [IP_Flow 19-6928] IPCACHE: copied cached file c:/Users/openfpga/Desktop/project/golden/example9_4/project_1.cache/ip/2024.1/3/5/3587ab1a664e0c67/system_dlmb_bram_if_cntlr_1_stub.vhdl to C:/Users/openfpga/Desktop/project/golden/example9_4/project_1.runs/system_ilmb_bram_if_cntlr_1_synth_1/system_ilmb_bram_if_cntlr_1_stub.vhdl.
INFO: [IP_Flow 19-4838] Using cached IP synthesis design for IP system_ilmb_bram_if_cntlr_1, cache-ID = 3587ab1a664e0c67.
INFO: [Common 17-206] Exiting Vivado at Sat Oct  5 17:03:40 2024...

*** Running vivado
    with args -log system_ilmb_bram_if_cntlr_1.vds -m64 -product Vivado -mode batch -messageDb vivado.pb -notrace -source system_ilmb_bram_if_cntlr_1.tcl



****** Vivado v2024.1 (64-bit)
  **** SW Build 5076996 on Wed May 22 18:37:14 MDT 2024
  **** IP Build 5075265 on Wed May 22 21:45:21 MDT 2024
  **** SharedData Build 5076995 on Wed May 22 18:29:18 MDT 2024
  **** Start of session at: Sun Oct  6 11:34:10 2024
    ** Copyright 1986-2022 Xilinx, Inc. All Rights Reserved.
    ** Copyright 2022-2024 Advanced Micro Devices, Inc. All Rights Reserved.

source system_ilmb_bram_if_cntlr_1.tcl -notrace
INFO: [IP_Flow 19-6924] IPCACHE: Running cache check for IP inst: system_ilmb_bram_if_cntlr_1
INFO: [IP_Flow 19-6922] IPCACHE: Exporting cached entry 5b29c7efb250ea07 to dir: C:/Users/openfpga/Desktop/project/golden/example9_4/project_1.runs/system_ilmb_bram_if_cntlr_1_synth_1
INFO: [IP_Flow 19-6928] IPCACHE: copied cached file c:/Users/openfpga/Desktop/project/golden/example9_4/project_1.cache/ip/2024.1/5/b/5b29c7efb250ea07/system_dlmb_bram_if_cntlr_1.dcp to C:/Users/openfpga/Desktop/project/golden/example9_4/project_1.runs/system_ilmb_bram_if_cntlr_1_synth_1/system_ilmb_bram_if_cntlr_1.dcp.
INFO: [IP_Flow 19-6928] IPCACHE: copied cached file c:/Users/openfpga/Desktop/project/golden/example9_4/project_1.cache/ip/2024.1/5/b/5b29c7efb250ea07/system_dlmb_bram_if_cntlr_1_sim_netlist.v to C:/Users/openfpga/Desktop/project/golden/example9_4/project_1.runs/system_ilmb_bram_if_cntlr_1_synth_1/system_ilmb_bram_if_cntlr_1_sim_netlist.v.
INFO: [IP_Flow 19-6928] IPCACHE: copied cached file c:/Users/openfpga/Desktop/project/golden/example9_4/project_1.cache/ip/2024.1/5/b/5b29c7efb250ea07/system_dlmb_bram_if_cntlr_1_sim_netlist.vhdl to C:/Users/openfpga/Desktop/project/golden/example9_4/project_1.runs/system_ilmb_bram_if_cntlr_1_synth_1/system_ilmb_bram_if_cntlr_1_sim_netlist.vhdl.
INFO: [IP_Flow 19-6928] IPCACHE: copied cached file c:/Users/openfpga/Desktop/project/golden/example9_4/project_1.cache/ip/2024.1/5/b/5b29c7efb250ea07/system_dlmb_bram_if_cntlr_1_stub.v to C:/Users/openfpga/Desktop/project/golden/example9_4/project_1.runs/system_ilmb_bram_if_cntlr_1_synth_1/system_ilmb_bram_if_cntlr_1_stub.v.
INFO: [IP_Flow 19-6928] IPCACHE: copied cached file c:/Users/openfpga/Desktop/project/golden/example9_4/project_1.cache/ip/2024.1/5/b/5b29c7efb250ea07/system_dlmb_bram_if_cntlr_1_stub.vhdl to C:/Users/openfpga/Desktop/project/golden/example9_4/project_1.runs/system_ilmb_bram_if_cntlr_1_synth_1/system_ilmb_bram_if_cntlr_1_stub.vhdl.
INFO: [IP_Flow 19-4838] Using cached IP synthesis design for IP system_ilmb_bram_if_cntlr_1, cache-ID = 5b29c7efb250ea07.
INFO: [Common 17-206] Exiting Vivado at Sun Oct  6 11:34:17 2024...

*** Running vivado
    with args -log system_ilmb_bram_if_cntlr_1.vds -m64 -product Vivado -mode batch -messageDb vivado.pb -notrace -source system_ilmb_bram_if_cntlr_1.tcl



****** Vivado v2024.1 (64-bit)
  **** SW Build 5076996 on Wed May 22 18:37:14 MDT 2024
  **** IP Build 5075265 on Wed May 22 21:45:21 MDT 2024
  **** SharedData Build 5076995 on Wed May 22 18:29:18 MDT 2024
  **** Start of session at: Sun Oct  6 12:06:42 2024
    ** Copyright 1986-2022 Xilinx, Inc. All Rights Reserved.
    ** Copyright 2022-2024 Advanced Micro Devices, Inc. All Rights Reserved.

source system_ilmb_bram_if_cntlr_1.tcl -notrace
INFO: [IP_Flow 19-6924] IPCACHE: Running cache check for IP inst: system_ilmb_bram_if_cntlr_1
INFO: [IP_Flow 19-6922] IPCACHE: Exporting cached entry c546a8716d80d1a8 to dir: C:/Users/openfpga/Desktop/project/golden/example9_4/project_1.runs/system_ilmb_bram_if_cntlr_1_synth_1
INFO: [IP_Flow 19-6928] IPCACHE: copied cached file c:/Users/openfpga/Desktop/project/golden/example9_4/project_1.cache/ip/2024.1/c/5/c546a8716d80d1a8/system_dlmb_bram_if_cntlr_1.dcp to C:/Users/openfpga/Desktop/project/golden/example9_4/project_1.runs/system_ilmb_bram_if_cntlr_1_synth_1/system_ilmb_bram_if_cntlr_1.dcp.
INFO: [IP_Flow 19-6928] IPCACHE: copied cached file c:/Users/openfpga/Desktop/project/golden/example9_4/project_1.cache/ip/2024.1/c/5/c546a8716d80d1a8/system_dlmb_bram_if_cntlr_1_sim_netlist.v to C:/Users/openfpga/Desktop/project/golden/example9_4/project_1.runs/system_ilmb_bram_if_cntlr_1_synth_1/system_ilmb_bram_if_cntlr_1_sim_netlist.v.
INFO: [IP_Flow 19-6928] IPCACHE: copied cached file c:/Users/openfpga/Desktop/project/golden/example9_4/project_1.cache/ip/2024.1/c/5/c546a8716d80d1a8/system_dlmb_bram_if_cntlr_1_sim_netlist.vhdl to C:/Users/openfpga/Desktop/project/golden/example9_4/project_1.runs/system_ilmb_bram_if_cntlr_1_synth_1/system_ilmb_bram_if_cntlr_1_sim_netlist.vhdl.
INFO: [IP_Flow 19-6928] IPCACHE: copied cached file c:/Users/openfpga/Desktop/project/golden/example9_4/project_1.cache/ip/2024.1/c/5/c546a8716d80d1a8/system_dlmb_bram_if_cntlr_1_stub.v to C:/Users/openfpga/Desktop/project/golden/example9_4/project_1.runs/system_ilmb_bram_if_cntlr_1_synth_1/system_ilmb_bram_if_cntlr_1_stub.v.
INFO: [IP_Flow 19-6928] IPCACHE: copied cached file c:/Users/openfpga/Desktop/project/golden/example9_4/project_1.cache/ip/2024.1/c/5/c546a8716d80d1a8/system_dlmb_bram_if_cntlr_1_stub.vhdl to C:/Users/openfpga/Desktop/project/golden/example9_4/project_1.runs/system_ilmb_bram_if_cntlr_1_synth_1/system_ilmb_bram_if_cntlr_1_stub.vhdl.
INFO: [IP_Flow 19-4838] Using cached IP synthesis design for IP system_ilmb_bram_if_cntlr_1, cache-ID = c546a8716d80d1a8.
INFO: [Common 17-206] Exiting Vivado at Sun Oct  6 12:06:48 2024...
