
*** Running vivado
    with args -log system_axi_gpio_0_0.vds -m64 -product Vivado -mode batch -messageDb vivado.pb -notrace -source system_axi_gpio_0_0.tcl



****** Vivado v2024.1 (64-bit)
  **** SW Build 5076996 on Wed May 22 18:37:14 MDT 2024
  **** IP Build 5075265 on Wed May 22 21:45:21 MDT 2024
  **** SharedData Build 5076995 on Wed May 22 18:29:18 MDT 2024
  **** Start of session at: Mon Sep 16 20:16:10 2024
    ** Copyright 1986-2022 Xilinx, Inc. All Rights Reserved.
    ** Copyright 2022-2024 Advanced Micro Devices, Inc. All Rights Reserved.

source system_axi_gpio_0_0.tcl -notrace
create_project: Time (s): cpu = 00:00:05 ; elapsed = 00:00:05 . Memory (MB): peak = 552.582 ; gain = 201.859
INFO: [IP_Flow 19-6924] IPCACHE: Running cache check for IP inst: system_axi_gpio_0_0
INFO: [IP_Flow 19-6922] IPCACHE: Exporting cached entry 43ae84ef3baf5053 to dir: C:/Users/openfpga/Desktop/project/golden/example3/project_1.runs/system_axi_gpio_0_0_synth_1
INFO: [IP_Flow 19-6928] IPCACHE: copied cached file c:/Users/openfpga/Desktop/project/golden/example3/project_1.cache/ip/2024.1/4/3/43ae84ef3baf5053/system_axi_gpio_1_0.dcp to C:/Users/openfpga/Desktop/project/golden/example3/project_1.runs/system_axi_gpio_0_0_synth_1/system_axi_gpio_0_0.dcp.
INFO: [IP_Flow 19-6928] IPCACHE: copied cached file c:/Users/openfpga/Desktop/project/golden/example3/project_1.cache/ip/2024.1/4/3/43ae84ef3baf5053/system_axi_gpio_1_0_sim_netlist.v to C:/Users/openfpga/Desktop/project/golden/example3/project_1.runs/system_axi_gpio_0_0_synth_1/system_axi_gpio_0_0_sim_netlist.v.
INFO: [IP_Flow 19-6928] IPCACHE: copied cached file c:/Users/openfpga/Desktop/project/golden/example3/project_1.cache/ip/2024.1/4/3/43ae84ef3baf5053/system_axi_gpio_1_0_sim_netlist.vhdl to C:/Users/openfpga/Desktop/project/golden/example3/project_1.runs/system_axi_gpio_0_0_synth_1/system_axi_gpio_0_0_sim_netlist.vhdl.
INFO: [IP_Flow 19-6928] IPCACHE: copied cached file c:/Users/openfpga/Desktop/project/golden/example3/project_1.cache/ip/2024.1/4/3/43ae84ef3baf5053/system_axi_gpio_1_0_stub.v to C:/Users/openfpga/Desktop/project/golden/example3/project_1.runs/system_axi_gpio_0_0_synth_1/system_axi_gpio_0_0_stub.v.
INFO: [IP_Flow 19-6928] IPCACHE: copied cached file c:/Users/openfpga/Desktop/project/golden/example3/project_1.cache/ip/2024.1/4/3/43ae84ef3baf5053/system_axi_gpio_1_0_stub.vhdl to C:/Users/openfpga/Desktop/project/golden/example3/project_1.runs/system_axi_gpio_0_0_synth_1/system_axi_gpio_0_0_stub.vhdl.
INFO: [IP_Flow 19-4838] Using cached IP synthesis design for IP system_axi_gpio_0_0, cache-ID = 43ae84ef3baf5053.
INFO: [Common 17-206] Exiting Vivado at Mon Sep 16 20:16:17 2024...
