
*** Running vivado
    with args -log icape2_ctrl_0.vds -m64 -product Vivado -mode batch -messageDb vivado.pb -notrace -source icape2_ctrl_0.tcl



****** Vivado v2024.1 (64-bit)
  **** SW Build 5076996 on Wed May 22 18:37:14 MDT 2024
  **** IP Build 5075265 on Wed May 22 21:45:21 MDT 2024
  **** SharedData Build 5076995 on Wed May 22 18:29:18 MDT 2024
  **** Start of session at: Sat Sep 21 14:01:19 2024
    ** Copyright 1986-2022 Xilinx, Inc. All Rights Reserved.
    ** Copyright 2022-2024 Advanced Micro Devices, Inc. All Rights Reserved.

source icape2_ctrl_0.tcl -notrace
INFO: [IP_Flow 19-234] Refreshing IP repositories
INFO: [IP_Flow 19-1700] Loaded user IP repository 'c:/Users/openfpga/Desktop/project/ip/icape2_ctrl_v1.0'.
INFO: [IP_Flow 19-2313] Loaded Vivado IP repository 'E:/Xilinx/Vivado/2024.1/data/ip'.
INFO: [IP_Flow 19-6924] IPCACHE: Running cache check for IP inst: icape2_ctrl_0
INFO: [IP_Flow 19-6922] IPCACHE: Exporting cached entry 9d52844dbfbcdcd9 to dir: C:/Users/openfpga/Desktop/project/multiboot/example4_idcode/project_1.runs/icape2_ctrl_0_synth_1
INFO: [IP_Flow 19-6928] IPCACHE: copied cached file c:/Users/openfpga/Desktop/project/multiboot/example4_idcode/project_1.cache/ip/2024.1/9/d/9d52844dbfbcdcd9/icape2_ctrl_0.dcp to C:/Users/openfpga/Desktop/project/multiboot/example4_idcode/project_1.runs/icape2_ctrl_0_synth_1/icape2_ctrl_0.dcp.
INFO: [IP_Flow 19-6928] IPCACHE: copied cached file c:/Users/openfpga/Desktop/project/multiboot/example4_idcode/project_1.cache/ip/2024.1/9/d/9d52844dbfbcdcd9/icape2_ctrl_0_sim_netlist.v to C:/Users/openfpga/Desktop/project/multiboot/example4_idcode/project_1.runs/icape2_ctrl_0_synth_1/icape2_ctrl_0_sim_netlist.v.
INFO: [IP_Flow 19-6928] IPCACHE: copied cached file c:/Users/openfpga/Desktop/project/multiboot/example4_idcode/project_1.cache/ip/2024.1/9/d/9d52844dbfbcdcd9/icape2_ctrl_0_sim_netlist.vhdl to C:/Users/openfpga/Desktop/project/multiboot/example4_idcode/project_1.runs/icape2_ctrl_0_synth_1/icape2_ctrl_0_sim_netlist.vhdl.
INFO: [IP_Flow 19-6928] IPCACHE: copied cached file c:/Users/openfpga/Desktop/project/multiboot/example4_idcode/project_1.cache/ip/2024.1/9/d/9d52844dbfbcdcd9/icape2_ctrl_0_stub.v to C:/Users/openfpga/Desktop/project/multiboot/example4_idcode/project_1.runs/icape2_ctrl_0_synth_1/icape2_ctrl_0_stub.v.
INFO: [IP_Flow 19-6928] IPCACHE: copied cached file c:/Users/openfpga/Desktop/project/multiboot/example4_idcode/project_1.cache/ip/2024.1/9/d/9d52844dbfbcdcd9/icape2_ctrl_0_stub.vhdl to C:/Users/openfpga/Desktop/project/multiboot/example4_idcode/project_1.runs/icape2_ctrl_0_synth_1/icape2_ctrl_0_stub.vhdl.
INFO: [IP_Flow 19-4838] Using cached IP synthesis design for IP icape2_ctrl_0, cache-ID = 9d52844dbfbcdcd9.
INFO: [Common 17-206] Exiting Vivado at Sat Sep 21 14:01:25 2024...
