TRACE::2024-09-16.20:43:36::SCWPlatform::Trying to open the hw design at C:/Users/openfpga/Desktop/project/golden/example3/vitis_ide_v1/7k325t_platform/hw/system_wrapper.xsa
TRACE::2024-09-16.20:43:36::SCWPlatform::DSA given C:/Users/openfpga/Desktop/project/golden/example3/vitis_ide_v1/7k325t_platform/hw/system_wrapper.xsa
TRACE::2024-09-16.20:43:36::SCWPlatform::DSA absoulate path C:/Users/openfpga/Desktop/project/golden/example3/vitis_ide_v1/7k325t_platform/hw/system_wrapper.xsa
TRACE::2024-09-16.20:43:36::SCWPlatform::DSA directory C:/Users/openfpga/Desktop/project/golden/example3/vitis_ide_v1/7k325t_platform/hw
TRACE::2024-09-16.20:43:36::SCWPlatform:: Platform Path C:/Users/openfpga/Desktop/project/golden/example3/vitis_ide_v1/7k325t_platform/hw/system_wrapper.xsa
TRACE::2024-09-16.20:43:36::SCWPlatform:: Unique name xilinx:::0.0
TRACE::2024-09-16.20:43:36::SCWPlatform::Do not have an existing db opened. 
TRACE::2024-09-16.20:43:36::SCWPlatform::Opened new HwDB with name system_wrapper_0
TRACE::2024-09-16.20:43:36::SCWWriter::formatted JSON is {
	"platformName":	"7k325t_platform",
	"sprVersion":	"2.0",
	"mode":	"gui",
	"dsaType":	"Fixed",
	"platformDesc":	"7k325t_platform",
	"platHandOff":	"C:/Users/openfpga/Desktop/project/golden/example3/vitis_ide_v1/system_wrapper.xsa",
	"platIntHandOff":	"<platformDir>/hw/system_wrapper.xsa",
	"deviceType":	"FPGA",
	"platIsPrebuiltAutogen":	"false",
	"platIsNoBootBsp":	"false",
	"hasFsblMakeHasChanges":	"false",
	"hasPmufwMakeHasChanges":	"false",
	"platPreBuiltFlag":	false,
	"platformSamplesDir":	""
}
TRACE::2024-09-16.20:43:36::SCWWriter::formatted JSON is {
	"platformName":	"7k325t_platform",
	"sprVersion":	"2.0",
	"mode":	"gui",
	"dsaType":	"Fixed",
	"platformDesc":	"7k325t_platform",
	"platHandOff":	"C:/Users/openfpga/Desktop/project/golden/example3/vitis_ide_v1/system_wrapper.xsa",
	"platIntHandOff":	"<platformDir>/hw/system_wrapper.xsa",
	"deviceType":	"FPGA",
	"platIsPrebuiltAutogen":	"false",
	"platIsNoBootBsp":	"false",
	"hasFsblMakeHasChanges":	"false",
	"hasPmufwMakeHasChanges":	"false",
	"platPreBuiltFlag":	false,
	"platformSamplesDir":	"",
	"platActiveSys":	"7k325t_platform",
	"systems":	[{
			"systemName":	"7k325t_platform",
			"systemDesc":	"7k325t_platform",
			"sysIsBootAutoGen":	"true",
			"systemDispName":	"7k325t_platform"
		}]
}
TRACE::2024-09-16.20:43:36::SCWPlatform::Boot application domains not present, creating them
TRACE::2024-09-16.20:43:36::SCWPlatform::Pure FPGA device, no boot application will be created.
TRACE::2024-09-16.20:43:36::SCWWriter::formatted JSON is {
	"platformName":	"7k325t_platform",
	"sprVersion":	"2.0",
	"mode":	"gui",
	"dsaType":	"Fixed",
	"platformDesc":	"7k325t_platform",
	"platHandOff":	"C:/Users/openfpga/Desktop/project/golden/example3/vitis_ide_v1/system_wrapper.xsa",
	"platIntHandOff":	"<platformDir>/hw/system_wrapper.xsa",
	"deviceType":	"FPGA",
	"platIsPrebuiltAutogen":	"false",
	"platIsNoBootBsp":	"false",
	"hasFsblMakeHasChanges":	"false",
	"hasPmufwMakeHasChanges":	"false",
	"platPreBuiltFlag":	false,
	"platformSamplesDir":	"",
	"platActiveSys":	"7k325t_platform",
	"systems":	[{
			"systemName":	"7k325t_platform",
			"systemDesc":	"7k325t_platform",
			"sysIsBootAutoGen":	"true",
			"systemDispName":	"7k325t_platform"
		}]
}
TRACE::2024-09-16.20:43:36::SCWPlatform::Trying to open the hw design at C:/Users/openfpga/Desktop/project/golden/example3/vitis_ide_v1/7k325t_platform/hw/system_wrapper.xsa
TRACE::2024-09-16.20:43:36::SCWPlatform::DSA given C:/Users/openfpga/Desktop/project/golden/example3/vitis_ide_v1/7k325t_platform/hw/system_wrapper.xsa
TRACE::2024-09-16.20:43:36::SCWPlatform::DSA absoulate path C:/Users/openfpga/Desktop/project/golden/example3/vitis_ide_v1/7k325t_platform/hw/system_wrapper.xsa
TRACE::2024-09-16.20:43:36::SCWPlatform::DSA directory C:/Users/openfpga/Desktop/project/golden/example3/vitis_ide_v1/7k325t_platform/hw
TRACE::2024-09-16.20:43:36::SCWPlatform:: Platform Path C:/Users/openfpga/Desktop/project/golden/example3/vitis_ide_v1/7k325t_platform/hw/system_wrapper.xsa
TRACE::2024-09-16.20:43:36::SCWPlatform:: Unique name xilinx:::0.0
TRACE::2024-09-16.20:43:36::SCWPlatform::Trying to set the existing hwdb with name system_wrapper_0
TRACE::2024-09-16.20:43:36::SCWPlatform::Opened existing hwdb system_wrapper_0
TRACE::2024-09-16.20:43:36::SCWPlatform::Found the Hw Db part of the input DSA
TRACE::2024-09-16.20:43:36::SCWPlatform::Trying to open the hw design at C:/Users/openfpga/Desktop/project/golden/example3/vitis_ide_v1/7k325t_platform/hw/system_wrapper.xsa
TRACE::2024-09-16.20:43:36::SCWPlatform::DSA given C:/Users/openfpga/Desktop/project/golden/example3/vitis_ide_v1/7k325t_platform/hw/system_wrapper.xsa
TRACE::2024-09-16.20:43:36::SCWPlatform::DSA absoulate path C:/Users/openfpga/Desktop/project/golden/example3/vitis_ide_v1/7k325t_platform/hw/system_wrapper.xsa
TRACE::2024-09-16.20:43:36::SCWPlatform::DSA directory C:/Users/openfpga/Desktop/project/golden/example3/vitis_ide_v1/7k325t_platform/hw
TRACE::2024-09-16.20:43:36::SCWPlatform:: Platform Path C:/Users/openfpga/Desktop/project/golden/example3/vitis_ide_v1/7k325t_platform/hw/system_wrapper.xsa
TRACE::2024-09-16.20:43:36::SCWPlatform:: Unique name xilinx:::0.0
TRACE::2024-09-16.20:43:36::SCWPlatform::Trying to set the existing hwdb with name system_wrapper_0
TRACE::2024-09-16.20:43:36::SCWPlatform::Opened existing hwdb system_wrapper_0
TRACE::2024-09-16.20:43:36::SCWPlatform::Found the Hw Db part of the input DSA
TRACE::2024-09-16.20:43:36::SCWPlatform::Trying to open the hw design at C:/Users/openfpga/Desktop/project/golden/example3/vitis_ide_v1/7k325t_platform/hw/system_wrapper.xsa
TRACE::2024-09-16.20:43:36::SCWPlatform::DSA given C:/Users/openfpga/Desktop/project/golden/example3/vitis_ide_v1/7k325t_platform/hw/system_wrapper.xsa
TRACE::2024-09-16.20:43:36::SCWPlatform::DSA absoulate path C:/Users/openfpga/Desktop/project/golden/example3/vitis_ide_v1/7k325t_platform/hw/system_wrapper.xsa
TRACE::2024-09-16.20:43:36::SCWPlatform::DSA directory C:/Users/openfpga/Desktop/project/golden/example3/vitis_ide_v1/7k325t_platform/hw
TRACE::2024-09-16.20:43:36::SCWPlatform:: Platform Path C:/Users/openfpga/Desktop/project/golden/example3/vitis_ide_v1/7k325t_platform/hw/system_wrapper.xsa
TRACE::2024-09-16.20:43:36::SCWPlatform:: Unique name xilinx:::0.0
TRACE::2024-09-16.20:43:36::SCWPlatform::Trying to set the existing hwdb with name system_wrapper_0
TRACE::2024-09-16.20:43:36::SCWPlatform::Opened existing hwdb system_wrapper_0
TRACE::2024-09-16.20:43:36::SCWPlatform::Found the Hw Db part of the input DSA
TRACE::2024-09-16.20:43:36::SCWDomain::checking for install qemu data   : 
TRACE::2024-09-16.20:43:36::SCWPlatform::Trying to open the hw design at C:/Users/openfpga/Desktop/project/golden/example3/vitis_ide_v1/7k325t_platform/hw/system_wrapper.xsa
TRACE::2024-09-16.20:43:36::SCWPlatform::DSA given C:/Users/openfpga/Desktop/project/golden/example3/vitis_ide_v1/7k325t_platform/hw/system_wrapper.xsa
TRACE::2024-09-16.20:43:36::SCWPlatform::DSA absoulate path C:/Users/openfpga/Desktop/project/golden/example3/vitis_ide_v1/7k325t_platform/hw/system_wrapper.xsa
TRACE::2024-09-16.20:43:36::SCWPlatform::DSA directory C:/Users/openfpga/Desktop/project/golden/example3/vitis_ide_v1/7k325t_platform/hw
TRACE::2024-09-16.20:43:36::SCWPlatform:: Platform Path C:/Users/openfpga/Desktop/project/golden/example3/vitis_ide_v1/7k325t_platform/hw/system_wrapper.xsa
TRACE::2024-09-16.20:43:36::SCWPlatform:: Unique name xilinx:::0.0
TRACE::2024-09-16.20:43:36::SCWPlatform::Trying to set the existing hwdb with name system_wrapper_0
TRACE::2024-09-16.20:43:36::SCWPlatform::Opened existing hwdb system_wrapper_0
TRACE::2024-09-16.20:43:36::SCWPlatform::Found the Hw Db part of the input DSA
TRACE::2024-09-16.20:43:36::SCWPlatform::Trying to open the hw design at C:/Users/openfpga/Desktop/project/golden/example3/vitis_ide_v1/7k325t_platform/hw/system_wrapper.xsa
TRACE::2024-09-16.20:43:36::SCWPlatform::DSA given C:/Users/openfpga/Desktop/project/golden/example3/vitis_ide_v1/7k325t_platform/hw/system_wrapper.xsa
TRACE::2024-09-16.20:43:36::SCWPlatform::DSA absoulate path C:/Users/openfpga/Desktop/project/golden/example3/vitis_ide_v1/7k325t_platform/hw/system_wrapper.xsa
TRACE::2024-09-16.20:43:36::SCWPlatform::DSA directory C:/Users/openfpga/Desktop/project/golden/example3/vitis_ide_v1/7k325t_platform/hw
TRACE::2024-09-16.20:43:36::SCWPlatform:: Platform Path C:/Users/openfpga/Desktop/project/golden/example3/vitis_ide_v1/7k325t_platform/hw/system_wrapper.xsa
TRACE::2024-09-16.20:43:36::SCWPlatform:: Unique name xilinx:::0.0
TRACE::2024-09-16.20:43:36::SCWPlatform::Trying to set the existing hwdb with name system_wrapper_0
TRACE::2024-09-16.20:43:36::SCWPlatform::Opened existing hwdb system_wrapper_0
TRACE::2024-09-16.20:43:36::SCWPlatform::Found the Hw Db part of the input DSA
TRACE::2024-09-16.20:43:36::SCWPlatform::Trying to open the hw design at C:/Users/openfpga/Desktop/project/golden/example3/vitis_ide_v1/7k325t_platform/hw/system_wrapper.xsa
TRACE::2024-09-16.20:43:36::SCWPlatform::DSA given C:/Users/openfpga/Desktop/project/golden/example3/vitis_ide_v1/7k325t_platform/hw/system_wrapper.xsa
TRACE::2024-09-16.20:43:36::SCWPlatform::DSA absoulate path C:/Users/openfpga/Desktop/project/golden/example3/vitis_ide_v1/7k325t_platform/hw/system_wrapper.xsa
TRACE::2024-09-16.20:43:36::SCWPlatform::DSA directory C:/Users/openfpga/Desktop/project/golden/example3/vitis_ide_v1/7k325t_platform/hw
TRACE::2024-09-16.20:43:36::SCWPlatform:: Platform Path C:/Users/openfpga/Desktop/project/golden/example3/vitis_ide_v1/7k325t_platform/hw/system_wrapper.xsa
TRACE::2024-09-16.20:43:36::SCWPlatform:: Unique name xilinx:::0.0
TRACE::2024-09-16.20:43:36::SCWPlatform::Trying to set the existing hwdb with name system_wrapper_0
TRACE::2024-09-16.20:43:36::SCWPlatform::Opened existing hwdb system_wrapper_0
TRACE::2024-09-16.20:43:36::SCWPlatform::Found the Hw Db part of the input DSA
TRACE::2024-09-16.20:43:36::SCWMssOS::Checking the sw design at  C:/Users/openfpga/Desktop/project/golden/example3/vitis_ide_v1/7k325t_platform/microblaze_0/standalone_domain/bsp/system.mss
TRACE::2024-09-16.20:43:36::SCWMssOS::DEBUG:  swdes dump  
TRACE::2024-09-16.20:43:36::SCWMssOS::No sw design opened at  C:/Users/openfpga/Desktop/project/golden/example3/vitis_ide_v1/7k325t_platform/microblaze_0/standalone_domain/bsp/system.mss
TRACE::2024-09-16.20:43:36::SCWMssOS::mss does not exists at C:/Users/openfpga/Desktop/project/golden/example3/vitis_ide_v1/7k325t_platform/microblaze_0/standalone_domain/bsp/system.mss
TRACE::2024-09-16.20:43:36::SCWMssOS::Creating sw design at  C:/Users/openfpga/Desktop/project/golden/example3/vitis_ide_v1/7k325t_platform/microblaze_0/standalone_domain/bsp/system.mss
TRACE::2024-09-16.20:43:36::SCWMssOS::Adding the swdes entry, created swdb C:/Users/openfpga/Desktop/project/golden/example3/vitis_ide_v1/7k325t_platform/microblaze_0/standalone_domain/bsp/system.mss with des name C:/Users/openfpga/Desktop/project/golden/example3/vitis_ide_v1/7k325t_platform/microblaze_0/standalone_domain/bsp/system.mss
TRACE::2024-09-16.20:43:36::SCWMssOS::updating the scw layer changes to swdes at   C:/Users/openfpga/Desktop/project/golden/example3/vitis_ide_v1/7k325t_platform/microblaze_0/standalone_domain/bsp/system.mss
TRACE::2024-09-16.20:43:36::SCWMssOS::Writing mss at C:/Users/openfpga/Desktop/project/golden/example3/vitis_ide_v1/7k325t_platform/microblaze_0/standalone_domain/bsp/system.mss
TRACE::2024-09-16.20:43:36::SCWMssOS::Completed writing the mss file at C:/Users/openfpga/Desktop/project/golden/example3/vitis_ide_v1/7k325t_platform/microblaze_0/standalone_domain/bsp
TRACE::2024-09-16.20:43:36::SCWMssOS::Picking up changes from newly written mss file into SCW Layer. 
TRACE::2024-09-16.20:43:36::SCWMssOS::Updated the changes from newly written mss file into SCW Layer. 
TRACE::2024-09-16.20:43:36::SCWMssOS::Completed writing the mss file at C:/Users/openfpga/Desktop/project/golden/example3/vitis_ide_v1/7k325t_platform/microblaze_0/standalone_domain/bsp
TRACE::2024-09-16.20:43:36::SCWMssOS::Forcing BSP Sources regeneration.
TRACE::2024-09-16.20:43:37::SCWMssOS::Saving the mss changes C:/Users/openfpga/Desktop/project/golden/example3/vitis_ide_v1/7k325t_platform/microblaze_0/standalone_domain/bsp/system.mss
TRACE::2024-09-16.20:43:37::SCWMssOS::Adding the swdes entry, mss present, able to open swdb C:/Users/openfpga/Desktop/project/golden/example3/vitis_ide_v1/7k325t_platform/microblaze_0/standalone_domain/bsp/system.mss with des name system
TRACE::2024-09-16.20:43:37::SCWMssOS::Writing the mss file completed C:/Users/openfpga/Desktop/project/golden/example3/vitis_ide_v1/7k325t_platform/microblaze_0/standalone_domain/bsp/system.mss
TRACE::2024-09-16.20:43:37::SCWMssOS::Commit changes completed.
TRACE::2024-09-16.20:43:37::SCWPlatform::Trying to open the hw design at C:/Users/openfpga/Desktop/project/golden/example3/vitis_ide_v1/7k325t_platform/hw/system_wrapper.xsa
TRACE::2024-09-16.20:43:37::SCWPlatform::DSA given C:/Users/openfpga/Desktop/project/golden/example3/vitis_ide_v1/7k325t_platform/hw/system_wrapper.xsa
TRACE::2024-09-16.20:43:37::SCWPlatform::DSA absoulate path C:/Users/openfpga/Desktop/project/golden/example3/vitis_ide_v1/7k325t_platform/hw/system_wrapper.xsa
TRACE::2024-09-16.20:43:37::SCWPlatform::DSA directory C:/Users/openfpga/Desktop/project/golden/example3/vitis_ide_v1/7k325t_platform/hw
TRACE::2024-09-16.20:43:37::SCWPlatform:: Platform Path C:/Users/openfpga/Desktop/project/golden/example3/vitis_ide_v1/7k325t_platform/hw/system_wrapper.xsa
TRACE::2024-09-16.20:43:37::SCWPlatform:: Unique name xilinx:::0.0
TRACE::2024-09-16.20:43:37::SCWPlatform::Trying to set the existing hwdb with name system_wrapper_0
TRACE::2024-09-16.20:43:37::SCWPlatform::Opened existing hwdb system_wrapper_0
TRACE::2024-09-16.20:43:37::SCWPlatform::Found the Hw Db part of the input DSA
TRACE::2024-09-16.20:43:37::SCWMssOS::Checking the sw design at  C:/Users/openfpga/Desktop/project/golden/example3/vitis_ide_v1/7k325t_platform/microblaze_0/standalone_domain/bsp/system.mss
TRACE::2024-09-16.20:43:37::SCWMssOS::DEBUG:  swdes dump  C:/Users/openfpga/Desktop/project/golden/example3/vitis_ide_v1/7k325t_platform/microblaze_0/standalone_domain/bsp/system.mss|system||

TRACE::2024-09-16.20:43:37::SCWMssOS::Sw design exists and opened at  C:/Users/openfpga/Desktop/project/golden/example3/vitis_ide_v1/7k325t_platform/microblaze_0/standalone_domain/bsp/system.mss
TRACE::2024-09-16.20:43:37::SCWPlatform::Trying to open the hw design at C:/Users/openfpga/Desktop/project/golden/example3/vitis_ide_v1/7k325t_platform/hw/system_wrapper.xsa
TRACE::2024-09-16.20:43:37::SCWPlatform::DSA given C:/Users/openfpga/Desktop/project/golden/example3/vitis_ide_v1/7k325t_platform/hw/system_wrapper.xsa
TRACE::2024-09-16.20:43:37::SCWPlatform::DSA absoulate path C:/Users/openfpga/Desktop/project/golden/example3/vitis_ide_v1/7k325t_platform/hw/system_wrapper.xsa
TRACE::2024-09-16.20:43:37::SCWPlatform::DSA directory C:/Users/openfpga/Desktop/project/golden/example3/vitis_ide_v1/7k325t_platform/hw
TRACE::2024-09-16.20:43:37::SCWPlatform:: Platform Path C:/Users/openfpga/Desktop/project/golden/example3/vitis_ide_v1/7k325t_platform/hw/system_wrapper.xsa
TRACE::2024-09-16.20:43:37::SCWPlatform:: Unique name xilinx:::0.0
TRACE::2024-09-16.20:43:37::SCWPlatform::Trying to set the existing hwdb with name system_wrapper_0
TRACE::2024-09-16.20:43:37::SCWPlatform::Opened existing hwdb system_wrapper_0
TRACE::2024-09-16.20:43:37::SCWPlatform::Found the Hw Db part of the input DSA
TRACE::2024-09-16.20:43:37::SCWMssOS::Checking the sw design at  C:/Users/openfpga/Desktop/project/golden/example3/vitis_ide_v1/7k325t_platform/microblaze_0/standalone_domain/bsp/system.mss
TRACE::2024-09-16.20:43:37::SCWMssOS::DEBUG:  swdes dump  C:/Users/openfpga/Desktop/project/golden/example3/vitis_ide_v1/7k325t_platform/microblaze_0/standalone_domain/bsp/system.mss|system||

TRACE::2024-09-16.20:43:37::SCWMssOS::Sw design exists and opened at  C:/Users/openfpga/Desktop/project/golden/example3/vitis_ide_v1/7k325t_platform/microblaze_0/standalone_domain/bsp/system.mss
TRACE::2024-09-16.20:43:37::SCWPlatform::Trying to open the hw design at C:/Users/openfpga/Desktop/project/golden/example3/vitis_ide_v1/7k325t_platform/hw/system_wrapper.xsa
TRACE::2024-09-16.20:43:37::SCWPlatform::DSA given C:/Users/openfpga/Desktop/project/golden/example3/vitis_ide_v1/7k325t_platform/hw/system_wrapper.xsa
TRACE::2024-09-16.20:43:37::SCWPlatform::DSA absoulate path C:/Users/openfpga/Desktop/project/golden/example3/vitis_ide_v1/7k325t_platform/hw/system_wrapper.xsa
TRACE::2024-09-16.20:43:37::SCWPlatform::DSA directory C:/Users/openfpga/Desktop/project/golden/example3/vitis_ide_v1/7k325t_platform/hw
TRACE::2024-09-16.20:43:37::SCWPlatform:: Platform Path C:/Users/openfpga/Desktop/project/golden/example3/vitis_ide_v1/7k325t_platform/hw/system_wrapper.xsa
TRACE::2024-09-16.20:43:37::SCWPlatform:: Unique name xilinx:::0.0
TRACE::2024-09-16.20:43:37::SCWPlatform::Trying to set the existing hwdb with name system_wrapper_0
TRACE::2024-09-16.20:43:37::SCWPlatform::Opened existing hwdb system_wrapper_0
TRACE::2024-09-16.20:43:37::SCWPlatform::Found the Hw Db part of the input DSA
TRACE::2024-09-16.20:43:37::SCWMssOS::Checking the sw design at  C:/Users/openfpga/Desktop/project/golden/example3/vitis_ide_v1/7k325t_platform/microblaze_0/standalone_domain/bsp/system.mss
TRACE::2024-09-16.20:43:37::SCWMssOS::DEBUG:  swdes dump  C:/Users/openfpga/Desktop/project/golden/example3/vitis_ide_v1/7k325t_platform/microblaze_0/standalone_domain/bsp/system.mss|system||

TRACE::2024-09-16.20:43:37::SCWMssOS::Sw design exists and opened at  C:/Users/openfpga/Desktop/project/golden/example3/vitis_ide_v1/7k325t_platform/microblaze_0/standalone_domain/bsp/system.mss
TRACE::2024-09-16.20:43:37::SCWWriter::formatted JSON is {
	"platformName":	"7k325t_platform",
	"sprVersion":	"2.0",
	"mode":	"gui",
	"dsaType":	"Fixed",
	"platformDesc":	"7k325t_platform",
	"platHandOff":	"C:/Users/openfpga/Desktop/project/golden/example3/vitis_ide_v1/system_wrapper.xsa",
	"platIntHandOff":	"<platformDir>/hw/system_wrapper.xsa",
	"deviceType":	"FPGA",
	"platIsPrebuiltAutogen":	"false",
	"platIsNoBootBsp":	"false",
	"hasFsblMakeHasChanges":	"false",
	"hasPmufwMakeHasChanges":	"false",
	"platPreBuiltFlag":	false,
	"platformSamplesDir":	"",
	"platActiveSys":	"7k325t_platform",
	"systems":	[{
			"systemName":	"7k325t_platform",
			"systemDesc":	"7k325t_platform",
			"sysIsBootAutoGen":	"true",
			"systemDispName":	"7k325t_platform",
			"sysActiveDom":	"standalone_domain",
			"sysDefaultDom":	"standalone_domain",
			"domains":	[{
					"domainName":	"standalone_domain",
					"domainDispName":	"standalone_domain",
					"domainDesc":	"standalone_domain",
					"processors":	"microblaze_0",
					"os":	"standalone",
					"sdxOs":	"standalone",
					"debugEnable":	"False",
					"domRuntimes":	["cpp"],
					"swRepo":	"",
					"mssOsVer":	"9.1",
					"mssFile":	"",
					"md5Digest":	"c15e7256e97ae32fab444175d626eb6f",
					"compatibleApp":	"",
					"domType":	"mssDomain",
					"arch":	"32-bit",
					"appSettings":	{
						"appCompilerFlags":	"",
						"appLinkerFlags":	""
					},
					"addedLibs":	[],
					"libOptions":	{
						"libsContainingOptions":	[]
					},
					"prebuiltLibs":	{
						"prebuiltIncPath":	[],
						"prebuiltLibPath":	[]
					},
					"isolation":	{
					}
				}]
		}]
}
LOG::2024-09-16.20:43:37::SCWPlatform::Started generating the artifacts platform 7k325t_platform
TRACE::2024-09-16.20:43:37::SCWPlatform::Sanity checking of platform is completed
LOG::2024-09-16.20:43:37::SCWPlatform::Started generating the artifacts for system configuration 7k325t_platform
LOG::2024-09-16.20:43:37::SCWSystem::Checking the domain standalone_domain
LOG::2024-09-16.20:43:37::SCWSystem::Not a boot domain 
LOG::2024-09-16.20:43:37::SCWSystem::Started Processing the domain standalone_domain
TRACE::2024-09-16.20:43:37::SCWDomain::Generating domain artifcats
TRACE::2024-09-16.20:43:37::SCWMssOS::Generating standalone artifcats
TRACE::2024-09-16.20:43:37::SCWMssOS:: Copying the user libraries. 
TRACE::2024-09-16.20:43:37::SCWPlatform::Trying to open the hw design at C:/Users/openfpga/Desktop/project/golden/example3/vitis_ide_v1/7k325t_platform/hw/system_wrapper.xsa
TRACE::2024-09-16.20:43:37::SCWPlatform::DSA given C:/Users/openfpga/Desktop/project/golden/example3/vitis_ide_v1/7k325t_platform/hw/system_wrapper.xsa
TRACE::2024-09-16.20:43:37::SCWPlatform::DSA absoulate path C:/Users/openfpga/Desktop/project/golden/example3/vitis_ide_v1/7k325t_platform/hw/system_wrapper.xsa
TRACE::2024-09-16.20:43:37::SCWPlatform::DSA directory C:/Users/openfpga/Desktop/project/golden/example3/vitis_ide_v1/7k325t_platform/hw
TRACE::2024-09-16.20:43:37::SCWPlatform:: Platform Path C:/Users/openfpga/Desktop/project/golden/example3/vitis_ide_v1/7k325t_platform/hw/system_wrapper.xsa
TRACE::2024-09-16.20:43:37::SCWPlatform:: Unique name xilinx:::0.0
TRACE::2024-09-16.20:43:37::SCWPlatform::Trying to set the existing hwdb with name system_wrapper_0
TRACE::2024-09-16.20:43:37::SCWPlatform::Opened existing hwdb system_wrapper_0
TRACE::2024-09-16.20:43:37::SCWPlatform::Found the Hw Db part of the input DSA
TRACE::2024-09-16.20:43:37::SCWMssOS::Checking the sw design at  C:/Users/openfpga/Desktop/project/golden/example3/vitis_ide_v1/7k325t_platform/microblaze_0/standalone_domain/bsp/system.mss
TRACE::2024-09-16.20:43:37::SCWMssOS::DEBUG:  swdes dump  C:/Users/openfpga/Desktop/project/golden/example3/vitis_ide_v1/7k325t_platform/microblaze_0/standalone_domain/bsp/system.mss|system||

TRACE::2024-09-16.20:43:37::SCWMssOS::Sw design exists and opened at  C:/Users/openfpga/Desktop/project/golden/example3/vitis_ide_v1/7k325t_platform/microblaze_0/standalone_domain/bsp/system.mss
TRACE::2024-09-16.20:43:37::SCWMssOS::Completed writing the mss file at C:/Users/openfpga/Desktop/project/golden/example3/vitis_ide_v1/7k325t_platform/microblaze_0/standalone_domain/bsp
TRACE::2024-09-16.20:43:37::SCWMssOS::Mss edits present, copying mssfile into export location C:/Users/openfpga/Desktop/project/golden/example3/vitis_ide_v1/7k325t_platform/microblaze_0/standalone_domain/bsp/system.mss
TRACE::2024-09-16.20:43:37::SCWMssOS::bsp generated is upto date with the mss file. Skipping bsp generation.
TRACE::2024-09-16.20:43:37::SCWMssOS::BSP is already built. skipping the bsp build ... 
TRACE::2024-09-16.20:43:37::SCWDomain::Skipping the build for domain :  standalone_domain
TRACE::2024-09-16.20:43:37::SCWMssOS::skipping the bsp build ... 
TRACE::2024-09-16.20:43:37::SCWMssOS::Copying to export directory.
TRACE::2024-09-16.20:43:37::SCWMssOS:: Checking if to create the Supporting Applications
TRACE::2024-09-16.20:43:37::SCWMssOS:: No Linux domain exists, trying to generate FSBL 
LOG::2024-09-16.20:43:37::SCWSystem::Completed Processing the domain standalone_domain
LOG::2024-09-16.20:43:37::SCWSystem::Completed Processing the sysconfig 7k325t_platform
LOG::2024-09-16.20:43:37::SCWPlatform::Completed generating the artifacts for system configuration 7k325t_platform
TRACE::2024-09-16.20:43:37::SCWPlatform::Started preparing the platform 
TRACE::2024-09-16.20:43:37::SCWSystem::Writing the bif file for system config 7k325t_platform
TRACE::2024-09-16.20:43:37::SCWSystem::dir created 
TRACE::2024-09-16.20:43:37::SCWSystem::Writing the bif 
TRACE::2024-09-16.20:43:37::SCWPlatform::Started writing the spfm file 
TRACE::2024-09-16.20:43:37::SCWPlatform::Started writing the xpfm file 
TRACE::2024-09-16.20:43:37::SCWPlatform::Completed generating the platform
TRACE::2024-09-16.20:43:37::SCWMssOS::Saving the mss changes C:/Users/openfpga/Desktop/project/golden/example3/vitis_ide_v1/7k325t_platform/microblaze_0/standalone_domain/bsp/system.mss
TRACE::2024-09-16.20:43:37::SCWMssOS::Found a swdesign opened with the mssfile.
TRACE::2024-09-16.20:43:37::SCWMssOS::Completed writemss as part of save.
TRACE::2024-09-16.20:43:37::SCWMssOS::Commit changes completed.
TRACE::2024-09-16.20:43:37::SCWPlatform::Trying to open the hw design at C:/Users/openfpga/Desktop/project/golden/example3/vitis_ide_v1/7k325t_platform/hw/system_wrapper.xsa
TRACE::2024-09-16.20:43:37::SCWPlatform::DSA given C:/Users/openfpga/Desktop/project/golden/example3/vitis_ide_v1/7k325t_platform/hw/system_wrapper.xsa
TRACE::2024-09-16.20:43:37::SCWPlatform::DSA absoulate path C:/Users/openfpga/Desktop/project/golden/example3/vitis_ide_v1/7k325t_platform/hw/system_wrapper.xsa
TRACE::2024-09-16.20:43:37::SCWPlatform::DSA directory C:/Users/openfpga/Desktop/project/golden/example3/vitis_ide_v1/7k325t_platform/hw
TRACE::2024-09-16.20:43:37::SCWPlatform:: Platform Path C:/Users/openfpga/Desktop/project/golden/example3/vitis_ide_v1/7k325t_platform/hw/system_wrapper.xsa
TRACE::2024-09-16.20:43:37::SCWPlatform:: Unique name xilinx:::0.0
TRACE::2024-09-16.20:43:37::SCWPlatform::Trying to set the existing hwdb with name system_wrapper_0
TRACE::2024-09-16.20:43:37::SCWPlatform::Opened existing hwdb system_wrapper_0
TRACE::2024-09-16.20:43:37::SCWPlatform::Found the Hw Db part of the input DSA
TRACE::2024-09-16.20:43:37::SCWMssOS::Checking the sw design at  C:/Users/openfpga/Desktop/project/golden/example3/vitis_ide_v1/7k325t_platform/microblaze_0/standalone_domain/bsp/system.mss
TRACE::2024-09-16.20:43:37::SCWMssOS::DEBUG:  swdes dump  C:/Users/openfpga/Desktop/project/golden/example3/vitis_ide_v1/7k325t_platform/microblaze_0/standalone_domain/bsp/system.mss|system||

TRACE::2024-09-16.20:43:37::SCWMssOS::Sw design exists and opened at  C:/Users/openfpga/Desktop/project/golden/example3/vitis_ide_v1/7k325t_platform/microblaze_0/standalone_domain/bsp/system.mss
TRACE::2024-09-16.20:43:37::SCWPlatform::Trying to open the hw design at C:/Users/openfpga/Desktop/project/golden/example3/vitis_ide_v1/7k325t_platform/hw/system_wrapper.xsa
TRACE::2024-09-16.20:43:37::SCWPlatform::DSA given C:/Users/openfpga/Desktop/project/golden/example3/vitis_ide_v1/7k325t_platform/hw/system_wrapper.xsa
TRACE::2024-09-16.20:43:37::SCWPlatform::DSA absoulate path C:/Users/openfpga/Desktop/project/golden/example3/vitis_ide_v1/7k325t_platform/hw/system_wrapper.xsa
TRACE::2024-09-16.20:43:37::SCWPlatform::DSA directory C:/Users/openfpga/Desktop/project/golden/example3/vitis_ide_v1/7k325t_platform/hw
TRACE::2024-09-16.20:43:37::SCWPlatform:: Platform Path C:/Users/openfpga/Desktop/project/golden/example3/vitis_ide_v1/7k325t_platform/hw/system_wrapper.xsa
TRACE::2024-09-16.20:43:37::SCWPlatform:: Unique name xilinx:::0.0
TRACE::2024-09-16.20:43:37::SCWPlatform::Trying to set the existing hwdb with name system_wrapper_0
TRACE::2024-09-16.20:43:37::SCWPlatform::Opened existing hwdb system_wrapper_0
TRACE::2024-09-16.20:43:37::SCWPlatform::Found the Hw Db part of the input DSA
TRACE::2024-09-16.20:43:37::SCWMssOS::Checking the sw design at  C:/Users/openfpga/Desktop/project/golden/example3/vitis_ide_v1/7k325t_platform/microblaze_0/standalone_domain/bsp/system.mss
TRACE::2024-09-16.20:43:37::SCWMssOS::DEBUG:  swdes dump  C:/Users/openfpga/Desktop/project/golden/example3/vitis_ide_v1/7k325t_platform/microblaze_0/standalone_domain/bsp/system.mss|system||

TRACE::2024-09-16.20:43:37::SCWMssOS::Sw design exists and opened at  C:/Users/openfpga/Desktop/project/golden/example3/vitis_ide_v1/7k325t_platform/microblaze_0/standalone_domain/bsp/system.mss
TRACE::2024-09-16.20:43:37::SCWPlatform::Trying to open the hw design at C:/Users/openfpga/Desktop/project/golden/example3/vitis_ide_v1/7k325t_platform/hw/system_wrapper.xsa
TRACE::2024-09-16.20:43:37::SCWPlatform::DSA given C:/Users/openfpga/Desktop/project/golden/example3/vitis_ide_v1/7k325t_platform/hw/system_wrapper.xsa
TRACE::2024-09-16.20:43:37::SCWPlatform::DSA absoulate path C:/Users/openfpga/Desktop/project/golden/example3/vitis_ide_v1/7k325t_platform/hw/system_wrapper.xsa
TRACE::2024-09-16.20:43:37::SCWPlatform::DSA directory C:/Users/openfpga/Desktop/project/golden/example3/vitis_ide_v1/7k325t_platform/hw
TRACE::2024-09-16.20:43:37::SCWPlatform:: Platform Path C:/Users/openfpga/Desktop/project/golden/example3/vitis_ide_v1/7k325t_platform/hw/system_wrapper.xsa
TRACE::2024-09-16.20:43:37::SCWPlatform:: Unique name xilinx:::0.0
TRACE::2024-09-16.20:43:37::SCWPlatform::Trying to set the existing hwdb with name system_wrapper_0
TRACE::2024-09-16.20:43:37::SCWPlatform::Opened existing hwdb system_wrapper_0
TRACE::2024-09-16.20:43:37::SCWPlatform::Found the Hw Db part of the input DSA
TRACE::2024-09-16.20:43:37::SCWMssOS::Checking the sw design at  C:/Users/openfpga/Desktop/project/golden/example3/vitis_ide_v1/7k325t_platform/microblaze_0/standalone_domain/bsp/system.mss
TRACE::2024-09-16.20:43:37::SCWMssOS::DEBUG:  swdes dump  C:/Users/openfpga/Desktop/project/golden/example3/vitis_ide_v1/7k325t_platform/microblaze_0/standalone_domain/bsp/system.mss|system||

TRACE::2024-09-16.20:43:37::SCWMssOS::Sw design exists and opened at  C:/Users/openfpga/Desktop/project/golden/example3/vitis_ide_v1/7k325t_platform/microblaze_0/standalone_domain/bsp/system.mss
TRACE::2024-09-16.20:43:37::SCWWriter::formatted JSON is {
	"platformName":	"7k325t_platform",
	"sprVersion":	"2.0",
	"mode":	"gui",
	"dsaType":	"Fixed",
	"platformDesc":	"7k325t_platform",
	"platHandOff":	"C:/Users/openfpga/Desktop/project/golden/example3/vitis_ide_v1/system_wrapper.xsa",
	"platIntHandOff":	"<platformDir>/hw/system_wrapper.xsa",
	"deviceType":	"FPGA",
	"platIsPrebuiltAutogen":	"false",
	"platIsNoBootBsp":	"false",
	"hasFsblMakeHasChanges":	"false",
	"hasPmufwMakeHasChanges":	"false",
	"platPreBuiltFlag":	false,
	"platformSamplesDir":	"",
	"platActiveSys":	"7k325t_platform",
	"systems":	[{
			"systemName":	"7k325t_platform",
			"systemDesc":	"7k325t_platform",
			"sysIsBootAutoGen":	"true",
			"systemDispName":	"7k325t_platform",
			"sysActiveDom":	"standalone_domain",
			"sysDefaultDom":	"standalone_domain",
			"domains":	[{
					"domainName":	"standalone_domain",
					"domainDispName":	"standalone_domain",
					"domainDesc":	"standalone_domain",
					"processors":	"microblaze_0",
					"os":	"standalone",
					"sdxOs":	"standalone",
					"debugEnable":	"False",
					"domRuntimes":	["cpp"],
					"swRepo":	"",
					"mssOsVer":	"9.1",
					"mssFile":	"",
					"md5Digest":	"c15e7256e97ae32fab444175d626eb6f",
					"compatibleApp":	"",
					"domType":	"mssDomain",
					"arch":	"32-bit",
					"appSettings":	{
						"appCompilerFlags":	"",
						"appLinkerFlags":	""
					},
					"addedLibs":	[],
					"libOptions":	{
						"libsContainingOptions":	[]
					},
					"prebuiltLibs":	{
						"prebuiltIncPath":	[],
						"prebuiltLibPath":	[]
					},
					"isolation":	{
					}
				}]
		}]
}
KEYINFO::2024-09-16.20:43:37::SCWPlatform::updated the xpfm file.
TRACE::2024-09-16.20:43:37::SCWPlatform::Trying to open the hw design at C:/Users/openfpga/Desktop/project/golden/example3/vitis_ide_v1/7k325t_platform/hw/system_wrapper.xsa
TRACE::2024-09-16.20:43:37::SCWPlatform::DSA given C:/Users/openfpga/Desktop/project/golden/example3/vitis_ide_v1/7k325t_platform/hw/system_wrapper.xsa
TRACE::2024-09-16.20:43:37::SCWPlatform::DSA absoulate path C:/Users/openfpga/Desktop/project/golden/example3/vitis_ide_v1/7k325t_platform/hw/system_wrapper.xsa
TRACE::2024-09-16.20:43:37::SCWPlatform::DSA directory C:/Users/openfpga/Desktop/project/golden/example3/vitis_ide_v1/7k325t_platform/hw
TRACE::2024-09-16.20:43:37::SCWPlatform:: Platform Path C:/Users/openfpga/Desktop/project/golden/example3/vitis_ide_v1/7k325t_platform/hw/system_wrapper.xsa
TRACE::2024-09-16.20:43:37::SCWPlatform:: Unique name xilinx:::0.0
TRACE::2024-09-16.20:43:37::SCWPlatform::Trying to set the existing hwdb with name system_wrapper_0
TRACE::2024-09-16.20:43:37::SCWPlatform::Opened existing hwdb system_wrapper_0
TRACE::2024-09-16.20:43:37::SCWPlatform::Found the Hw Db part of the input DSA
TRACE::2024-09-16.20:43:37::SCWMssOS::Checking the sw design at  C:/Users/openfpga/Desktop/project/golden/example3/vitis_ide_v1/7k325t_platform/microblaze_0/standalone_domain/bsp/system.mss
TRACE::2024-09-16.20:43:37::SCWMssOS::DEBUG:  swdes dump  C:/Users/openfpga/Desktop/project/golden/example3/vitis_ide_v1/7k325t_platform/microblaze_0/standalone_domain/bsp/system.mss|system||

TRACE::2024-09-16.20:43:37::SCWMssOS::Sw design exists and opened at  C:/Users/openfpga/Desktop/project/golden/example3/vitis_ide_v1/7k325t_platform/microblaze_0/standalone_domain/bsp/system.mss
TRACE::2024-09-16.20:43:37::SCWMssOS::Saving the mss changes C:/Users/openfpga/Desktop/project/golden/example3/vitis_ide_v1/7k325t_platform/microblaze_0/standalone_domain/bsp/system.mss
TRACE::2024-09-16.20:43:37::SCWMssOS::Found a swdesign opened with the mssfile.
TRACE::2024-09-16.20:43:37::SCWMssOS::Completed writemss as part of save.
TRACE::2024-09-16.20:43:37::SCWMssOS::Commit changes completed.
TRACE::2024-09-16.20:43:37::SCWPlatform::Trying to open the hw design at C:/Users/openfpga/Desktop/project/golden/example3/vitis_ide_v1/7k325t_platform/hw/system_wrapper.xsa
TRACE::2024-09-16.20:43:37::SCWPlatform::DSA given C:/Users/openfpga/Desktop/project/golden/example3/vitis_ide_v1/7k325t_platform/hw/system_wrapper.xsa
TRACE::2024-09-16.20:43:37::SCWPlatform::DSA absoulate path C:/Users/openfpga/Desktop/project/golden/example3/vitis_ide_v1/7k325t_platform/hw/system_wrapper.xsa
TRACE::2024-09-16.20:43:37::SCWPlatform::DSA directory C:/Users/openfpga/Desktop/project/golden/example3/vitis_ide_v1/7k325t_platform/hw
TRACE::2024-09-16.20:43:37::SCWPlatform:: Platform Path C:/Users/openfpga/Desktop/project/golden/example3/vitis_ide_v1/7k325t_platform/hw/system_wrapper.xsa
TRACE::2024-09-16.20:43:37::SCWPlatform:: Unique name xilinx:::0.0
TRACE::2024-09-16.20:43:37::SCWPlatform::Trying to set the existing hwdb with name system_wrapper_0
TRACE::2024-09-16.20:43:37::SCWPlatform::Opened existing hwdb system_wrapper_0
TRACE::2024-09-16.20:43:37::SCWPlatform::Found the Hw Db part of the input DSA
TRACE::2024-09-16.20:43:37::SCWMssOS::Checking the sw design at  C:/Users/openfpga/Desktop/project/golden/example3/vitis_ide_v1/7k325t_platform/microblaze_0/standalone_domain/bsp/system.mss
TRACE::2024-09-16.20:43:37::SCWMssOS::DEBUG:  swdes dump  C:/Users/openfpga/Desktop/project/golden/example3/vitis_ide_v1/7k325t_platform/microblaze_0/standalone_domain/bsp/system.mss|system||

TRACE::2024-09-16.20:43:37::SCWMssOS::Sw design exists and opened at  C:/Users/openfpga/Desktop/project/golden/example3/vitis_ide_v1/7k325t_platform/microblaze_0/standalone_domain/bsp/system.mss
TRACE::2024-09-16.20:43:37::SCWPlatform::Trying to open the hw design at C:/Users/openfpga/Desktop/project/golden/example3/vitis_ide_v1/7k325t_platform/hw/system_wrapper.xsa
TRACE::2024-09-16.20:43:37::SCWPlatform::DSA given C:/Users/openfpga/Desktop/project/golden/example3/vitis_ide_v1/7k325t_platform/hw/system_wrapper.xsa
TRACE::2024-09-16.20:43:37::SCWPlatform::DSA absoulate path C:/Users/openfpga/Desktop/project/golden/example3/vitis_ide_v1/7k325t_platform/hw/system_wrapper.xsa
TRACE::2024-09-16.20:43:37::SCWPlatform::DSA directory C:/Users/openfpga/Desktop/project/golden/example3/vitis_ide_v1/7k325t_platform/hw
TRACE::2024-09-16.20:43:37::SCWPlatform:: Platform Path C:/Users/openfpga/Desktop/project/golden/example3/vitis_ide_v1/7k325t_platform/hw/system_wrapper.xsa
TRACE::2024-09-16.20:43:37::SCWPlatform:: Unique name xilinx:::0.0
TRACE::2024-09-16.20:43:37::SCWPlatform::Trying to set the existing hwdb with name system_wrapper_0
TRACE::2024-09-16.20:43:37::SCWPlatform::Opened existing hwdb system_wrapper_0
TRACE::2024-09-16.20:43:37::SCWPlatform::Found the Hw Db part of the input DSA
TRACE::2024-09-16.20:43:37::SCWMssOS::Checking the sw design at  C:/Users/openfpga/Desktop/project/golden/example3/vitis_ide_v1/7k325t_platform/microblaze_0/standalone_domain/bsp/system.mss
TRACE::2024-09-16.20:43:37::SCWMssOS::DEBUG:  swdes dump  C:/Users/openfpga/Desktop/project/golden/example3/vitis_ide_v1/7k325t_platform/microblaze_0/standalone_domain/bsp/system.mss|system||

TRACE::2024-09-16.20:43:37::SCWMssOS::Sw design exists and opened at  C:/Users/openfpga/Desktop/project/golden/example3/vitis_ide_v1/7k325t_platform/microblaze_0/standalone_domain/bsp/system.mss
TRACE::2024-09-16.20:43:37::SCWPlatform::Trying to open the hw design at C:/Users/openfpga/Desktop/project/golden/example3/vitis_ide_v1/7k325t_platform/hw/system_wrapper.xsa
TRACE::2024-09-16.20:43:37::SCWPlatform::DSA given C:/Users/openfpga/Desktop/project/golden/example3/vitis_ide_v1/7k325t_platform/hw/system_wrapper.xsa
TRACE::2024-09-16.20:43:37::SCWPlatform::DSA absoulate path C:/Users/openfpga/Desktop/project/golden/example3/vitis_ide_v1/7k325t_platform/hw/system_wrapper.xsa
TRACE::2024-09-16.20:43:37::SCWPlatform::DSA directory C:/Users/openfpga/Desktop/project/golden/example3/vitis_ide_v1/7k325t_platform/hw
TRACE::2024-09-16.20:43:37::SCWPlatform:: Platform Path C:/Users/openfpga/Desktop/project/golden/example3/vitis_ide_v1/7k325t_platform/hw/system_wrapper.xsa
TRACE::2024-09-16.20:43:37::SCWPlatform:: Unique name xilinx:::0.0
TRACE::2024-09-16.20:43:37::SCWPlatform::Trying to set the existing hwdb with name system_wrapper_0
TRACE::2024-09-16.20:43:37::SCWPlatform::Opened existing hwdb system_wrapper_0
TRACE::2024-09-16.20:43:37::SCWPlatform::Found the Hw Db part of the input DSA
TRACE::2024-09-16.20:43:37::SCWMssOS::Checking the sw design at  C:/Users/openfpga/Desktop/project/golden/example3/vitis_ide_v1/7k325t_platform/microblaze_0/standalone_domain/bsp/system.mss
TRACE::2024-09-16.20:43:37::SCWMssOS::DEBUG:  swdes dump  C:/Users/openfpga/Desktop/project/golden/example3/vitis_ide_v1/7k325t_platform/microblaze_0/standalone_domain/bsp/system.mss|system||

TRACE::2024-09-16.20:43:37::SCWMssOS::Sw design exists and opened at  C:/Users/openfpga/Desktop/project/golden/example3/vitis_ide_v1/7k325t_platform/microblaze_0/standalone_domain/bsp/system.mss
TRACE::2024-09-16.20:43:37::SCWWriter::formatted JSON is {
	"platformName":	"7k325t_platform",
	"sprVersion":	"2.0",
	"mode":	"gui",
	"dsaType":	"Fixed",
	"platformDesc":	"7k325t_platform",
	"platHandOff":	"C:/Users/openfpga/Desktop/project/golden/example3/vitis_ide_v1/system_wrapper.xsa",
	"platIntHandOff":	"<platformDir>/hw/system_wrapper.xsa",
	"deviceType":	"FPGA",
	"platIsPrebuiltAutogen":	"false",
	"platIsNoBootBsp":	"false",
	"hasFsblMakeHasChanges":	"false",
	"hasPmufwMakeHasChanges":	"false",
	"platPreBuiltFlag":	false,
	"platformSamplesDir":	"",
	"platActiveSys":	"7k325t_platform",
	"systems":	[{
			"systemName":	"7k325t_platform",
			"systemDesc":	"7k325t_platform",
			"sysIsBootAutoGen":	"true",
			"systemDispName":	"7k325t_platform",
			"sysActiveDom":	"standalone_domain",
			"sysDefaultDom":	"standalone_domain",
			"domains":	[{
					"domainName":	"standalone_domain",
					"domainDispName":	"standalone_domain",
					"domainDesc":	"standalone_domain",
					"processors":	"microblaze_0",
					"os":	"standalone",
					"sdxOs":	"standalone",
					"debugEnable":	"False",
					"domRuntimes":	["cpp"],
					"swRepo":	"",
					"mssOsVer":	"9.1",
					"mssFile":	"",
					"md5Digest":	"c15e7256e97ae32fab444175d626eb6f",
					"compatibleApp":	"",
					"domType":	"mssDomain",
					"arch":	"32-bit",
					"appSettings":	{
						"appCompilerFlags":	"",
						"appLinkerFlags":	""
					},
					"addedLibs":	[],
					"libOptions":	{
						"libsContainingOptions":	[]
					},
					"prebuiltLibs":	{
						"prebuiltIncPath":	[],
						"prebuiltLibPath":	[]
					},
					"isolation":	{
					}
				}]
		}]
}
TRACE::2024-09-16.20:43:37::SCWPlatform::Trying to open the hw design at C:/Users/openfpga/Desktop/project/golden/example3/vitis_ide_v1/7k325t_platform/hw/system_wrapper.xsa
TRACE::2024-09-16.20:43:37::SCWPlatform::DSA given C:/Users/openfpga/Desktop/project/golden/example3/vitis_ide_v1/7k325t_platform/hw/system_wrapper.xsa
TRACE::2024-09-16.20:43:37::SCWPlatform::DSA absoulate path C:/Users/openfpga/Desktop/project/golden/example3/vitis_ide_v1/7k325t_platform/hw/system_wrapper.xsa
TRACE::2024-09-16.20:43:37::SCWPlatform::DSA directory C:/Users/openfpga/Desktop/project/golden/example3/vitis_ide_v1/7k325t_platform/hw
TRACE::2024-09-16.20:43:37::SCWPlatform:: Platform Path C:/Users/openfpga/Desktop/project/golden/example3/vitis_ide_v1/7k325t_platform/hw/system_wrapper.xsa
TRACE::2024-09-16.20:43:37::SCWPlatform:: Unique name xilinx:::0.0
TRACE::2024-09-16.20:43:37::SCWPlatform::Trying to set the existing hwdb with name system_wrapper_0
TRACE::2024-09-16.20:43:37::SCWPlatform::Opened existing hwdb system_wrapper_0
TRACE::2024-09-16.20:43:37::SCWPlatform::Found the Hw Db part of the input DSA
TRACE::2024-09-16.20:43:37::SCWMssOS::Checking the sw design at  C:/Users/openfpga/Desktop/project/golden/example3/vitis_ide_v1/7k325t_platform/microblaze_0/standalone_domain/bsp/system.mss
TRACE::2024-09-16.20:43:37::SCWMssOS::DEBUG:  swdes dump  C:/Users/openfpga/Desktop/project/golden/example3/vitis_ide_v1/7k325t_platform/microblaze_0/standalone_domain/bsp/system.mss|system||

TRACE::2024-09-16.20:43:37::SCWMssOS::Sw design exists and opened at  C:/Users/openfpga/Desktop/project/golden/example3/vitis_ide_v1/7k325t_platform/microblaze_0/standalone_domain/bsp/system.mss
TRACE::2024-09-16.20:43:37::SCWPlatform::Trying to open the hw design at C:/Users/openfpga/Desktop/project/golden/example3/vitis_ide_v1/7k325t_platform/hw/system_wrapper.xsa
TRACE::2024-09-16.20:43:37::SCWPlatform::DSA given C:/Users/openfpga/Desktop/project/golden/example3/vitis_ide_v1/7k325t_platform/hw/system_wrapper.xsa
TRACE::2024-09-16.20:43:37::SCWPlatform::DSA absoulate path C:/Users/openfpga/Desktop/project/golden/example3/vitis_ide_v1/7k325t_platform/hw/system_wrapper.xsa
TRACE::2024-09-16.20:43:37::SCWPlatform::DSA directory C:/Users/openfpga/Desktop/project/golden/example3/vitis_ide_v1/7k325t_platform/hw
TRACE::2024-09-16.20:43:37::SCWPlatform:: Platform Path C:/Users/openfpga/Desktop/project/golden/example3/vitis_ide_v1/7k325t_platform/hw/system_wrapper.xsa
TRACE::2024-09-16.20:43:37::SCWPlatform:: Unique name xilinx:::0.0
TRACE::2024-09-16.20:43:37::SCWPlatform::Trying to set the existing hwdb with name system_wrapper_0
TRACE::2024-09-16.20:43:37::SCWPlatform::Opened existing hwdb system_wrapper_0
TRACE::2024-09-16.20:43:37::SCWPlatform::Found the Hw Db part of the input DSA
TRACE::2024-09-16.20:43:37::SCWMssOS::Checking the sw design at  C:/Users/openfpga/Desktop/project/golden/example3/vitis_ide_v1/7k325t_platform/microblaze_0/standalone_domain/bsp/system.mss
TRACE::2024-09-16.20:43:37::SCWMssOS::DEBUG:  swdes dump  C:/Users/openfpga/Desktop/project/golden/example3/vitis_ide_v1/7k325t_platform/microblaze_0/standalone_domain/bsp/system.mss|system||

TRACE::2024-09-16.20:43:37::SCWMssOS::Sw design exists and opened at  C:/Users/openfpga/Desktop/project/golden/example3/vitis_ide_v1/7k325t_platform/microblaze_0/standalone_domain/bsp/system.mss
TRACE::2024-09-16.20:43:37::SCWPlatform::Trying to open the hw design at C:/Users/openfpga/Desktop/project/golden/example3/vitis_ide_v1/7k325t_platform/hw/system_wrapper.xsa
TRACE::2024-09-16.20:43:37::SCWPlatform::DSA given C:/Users/openfpga/Desktop/project/golden/example3/vitis_ide_v1/7k325t_platform/hw/system_wrapper.xsa
TRACE::2024-09-16.20:43:37::SCWPlatform::DSA absoulate path C:/Users/openfpga/Desktop/project/golden/example3/vitis_ide_v1/7k325t_platform/hw/system_wrapper.xsa
TRACE::2024-09-16.20:43:37::SCWPlatform::DSA directory C:/Users/openfpga/Desktop/project/golden/example3/vitis_ide_v1/7k325t_platform/hw
TRACE::2024-09-16.20:43:37::SCWPlatform:: Platform Path C:/Users/openfpga/Desktop/project/golden/example3/vitis_ide_v1/7k325t_platform/hw/system_wrapper.xsa
TRACE::2024-09-16.20:43:37::SCWPlatform:: Unique name xilinx:::0.0
TRACE::2024-09-16.20:43:37::SCWPlatform::Trying to set the existing hwdb with name system_wrapper_0
TRACE::2024-09-16.20:43:37::SCWPlatform::Opened existing hwdb system_wrapper_0
TRACE::2024-09-16.20:43:37::SCWPlatform::Found the Hw Db part of the input DSA
TRACE::2024-09-16.20:43:37::SCWMssOS::Checking the sw design at  C:/Users/openfpga/Desktop/project/golden/example3/vitis_ide_v1/7k325t_platform/microblaze_0/standalone_domain/bsp/system.mss
TRACE::2024-09-16.20:43:37::SCWMssOS::DEBUG:  swdes dump  C:/Users/openfpga/Desktop/project/golden/example3/vitis_ide_v1/7k325t_platform/microblaze_0/standalone_domain/bsp/system.mss|system||

TRACE::2024-09-16.20:43:37::SCWMssOS::Sw design exists and opened at  C:/Users/openfpga/Desktop/project/golden/example3/vitis_ide_v1/7k325t_platform/microblaze_0/standalone_domain/bsp/system.mss
TRACE::2024-09-16.20:43:37::SCWMssOS::Saving the mss changes C:/Users/openfpga/Desktop/project/golden/example3/vitis_ide_v1/7k325t_platform/microblaze_0/standalone_domain/bsp/system.mss
TRACE::2024-09-16.20:43:37::SCWMssOS::Found a swdesign opened with the mssfile.
TRACE::2024-09-16.20:43:37::SCWMssOS::Completed writemss as part of save.
TRACE::2024-09-16.20:43:37::SCWMssOS::Commit changes completed.
TRACE::2024-09-16.20:43:37::SCWPlatform::Trying to open the hw design at C:/Users/openfpga/Desktop/project/golden/example3/vitis_ide_v1/7k325t_platform/hw/system_wrapper.xsa
TRACE::2024-09-16.20:43:37::SCWPlatform::DSA given C:/Users/openfpga/Desktop/project/golden/example3/vitis_ide_v1/7k325t_platform/hw/system_wrapper.xsa
TRACE::2024-09-16.20:43:37::SCWPlatform::DSA absoulate path C:/Users/openfpga/Desktop/project/golden/example3/vitis_ide_v1/7k325t_platform/hw/system_wrapper.xsa
TRACE::2024-09-16.20:43:37::SCWPlatform::DSA directory C:/Users/openfpga/Desktop/project/golden/example3/vitis_ide_v1/7k325t_platform/hw
TRACE::2024-09-16.20:43:37::SCWPlatform:: Platform Path C:/Users/openfpga/Desktop/project/golden/example3/vitis_ide_v1/7k325t_platform/hw/system_wrapper.xsa
TRACE::2024-09-16.20:43:37::SCWPlatform:: Unique name xilinx:::0.0
TRACE::2024-09-16.20:43:37::SCWPlatform::Trying to set the existing hwdb with name system_wrapper_0
TRACE::2024-09-16.20:43:37::SCWPlatform::Opened existing hwdb system_wrapper_0
TRACE::2024-09-16.20:43:37::SCWPlatform::Found the Hw Db part of the input DSA
TRACE::2024-09-16.20:43:37::SCWMssOS::Checking the sw design at  C:/Users/openfpga/Desktop/project/golden/example3/vitis_ide_v1/7k325t_platform/microblaze_0/standalone_domain/bsp/system.mss
TRACE::2024-09-16.20:43:37::SCWMssOS::DEBUG:  swdes dump  C:/Users/openfpga/Desktop/project/golden/example3/vitis_ide_v1/7k325t_platform/microblaze_0/standalone_domain/bsp/system.mss|system||

TRACE::2024-09-16.20:43:37::SCWMssOS::Sw design exists and opened at  C:/Users/openfpga/Desktop/project/golden/example3/vitis_ide_v1/7k325t_platform/microblaze_0/standalone_domain/bsp/system.mss
TRACE::2024-09-16.20:43:37::SCWPlatform::Trying to open the hw design at C:/Users/openfpga/Desktop/project/golden/example3/vitis_ide_v1/7k325t_platform/hw/system_wrapper.xsa
TRACE::2024-09-16.20:43:37::SCWPlatform::DSA given C:/Users/openfpga/Desktop/project/golden/example3/vitis_ide_v1/7k325t_platform/hw/system_wrapper.xsa
TRACE::2024-09-16.20:43:37::SCWPlatform::DSA absoulate path C:/Users/openfpga/Desktop/project/golden/example3/vitis_ide_v1/7k325t_platform/hw/system_wrapper.xsa
TRACE::2024-09-16.20:43:37::SCWPlatform::DSA directory C:/Users/openfpga/Desktop/project/golden/example3/vitis_ide_v1/7k325t_platform/hw
TRACE::2024-09-16.20:43:37::SCWPlatform:: Platform Path C:/Users/openfpga/Desktop/project/golden/example3/vitis_ide_v1/7k325t_platform/hw/system_wrapper.xsa
TRACE::2024-09-16.20:43:37::SCWPlatform:: Unique name xilinx:::0.0
TRACE::2024-09-16.20:43:37::SCWPlatform::Trying to set the existing hwdb with name system_wrapper_0
TRACE::2024-09-16.20:43:37::SCWPlatform::Opened existing hwdb system_wrapper_0
TRACE::2024-09-16.20:43:37::SCWPlatform::Found the Hw Db part of the input DSA
TRACE::2024-09-16.20:43:37::SCWMssOS::Checking the sw design at  C:/Users/openfpga/Desktop/project/golden/example3/vitis_ide_v1/7k325t_platform/microblaze_0/standalone_domain/bsp/system.mss
TRACE::2024-09-16.20:43:37::SCWMssOS::DEBUG:  swdes dump  C:/Users/openfpga/Desktop/project/golden/example3/vitis_ide_v1/7k325t_platform/microblaze_0/standalone_domain/bsp/system.mss|system||

TRACE::2024-09-16.20:43:37::SCWMssOS::Sw design exists and opened at  C:/Users/openfpga/Desktop/project/golden/example3/vitis_ide_v1/7k325t_platform/microblaze_0/standalone_domain/bsp/system.mss
TRACE::2024-09-16.20:43:37::SCWPlatform::Trying to open the hw design at C:/Users/openfpga/Desktop/project/golden/example3/vitis_ide_v1/7k325t_platform/hw/system_wrapper.xsa
TRACE::2024-09-16.20:43:37::SCWPlatform::DSA given C:/Users/openfpga/Desktop/project/golden/example3/vitis_ide_v1/7k325t_platform/hw/system_wrapper.xsa
TRACE::2024-09-16.20:43:37::SCWPlatform::DSA absoulate path C:/Users/openfpga/Desktop/project/golden/example3/vitis_ide_v1/7k325t_platform/hw/system_wrapper.xsa
TRACE::2024-09-16.20:43:37::SCWPlatform::DSA directory C:/Users/openfpga/Desktop/project/golden/example3/vitis_ide_v1/7k325t_platform/hw
TRACE::2024-09-16.20:43:38::SCWPlatform:: Platform Path C:/Users/openfpga/Desktop/project/golden/example3/vitis_ide_v1/7k325t_platform/hw/system_wrapper.xsa
TRACE::2024-09-16.20:43:38::SCWPlatform:: Unique name xilinx:::0.0
TRACE::2024-09-16.20:43:38::SCWPlatform::Trying to set the existing hwdb with name system_wrapper_0
TRACE::2024-09-16.20:43:38::SCWPlatform::Opened existing hwdb system_wrapper_0
TRACE::2024-09-16.20:43:38::SCWPlatform::Found the Hw Db part of the input DSA
TRACE::2024-09-16.20:43:38::SCWMssOS::Checking the sw design at  C:/Users/openfpga/Desktop/project/golden/example3/vitis_ide_v1/7k325t_platform/microblaze_0/standalone_domain/bsp/system.mss
TRACE::2024-09-16.20:43:38::SCWMssOS::DEBUG:  swdes dump  C:/Users/openfpga/Desktop/project/golden/example3/vitis_ide_v1/7k325t_platform/microblaze_0/standalone_domain/bsp/system.mss|system||

TRACE::2024-09-16.20:43:38::SCWMssOS::Sw design exists and opened at  C:/Users/openfpga/Desktop/project/golden/example3/vitis_ide_v1/7k325t_platform/microblaze_0/standalone_domain/bsp/system.mss
TRACE::2024-09-16.20:43:38::SCWWriter::formatted JSON is {
	"platformName":	"7k325t_platform",
	"sprVersion":	"2.0",
	"mode":	"gui",
	"dsaType":	"Fixed",
	"platformDesc":	"7k325t_platform",
	"platHandOff":	"C:/Users/openfpga/Desktop/project/golden/example3/vitis_ide_v1/system_wrapper.xsa",
	"platIntHandOff":	"<platformDir>/hw/system_wrapper.xsa",
	"deviceType":	"FPGA",
	"platIsPrebuiltAutogen":	"false",
	"platIsNoBootBsp":	"false",
	"hasFsblMakeHasChanges":	"false",
	"hasPmufwMakeHasChanges":	"false",
	"platPreBuiltFlag":	false,
	"platformSamplesDir":	"",
	"platActiveSys":	"7k325t_platform",
	"systems":	[{
			"systemName":	"7k325t_platform",
			"systemDesc":	"7k325t_platform",
			"sysIsBootAutoGen":	"true",
			"systemDispName":	"7k325t_platform",
			"sysActiveDom":	"standalone_domain",
			"sysDefaultDom":	"standalone_domain",
			"domains":	[{
					"domainName":	"standalone_domain",
					"domainDispName":	"standalone on microblaze_0",
					"domainDesc":	"standalone_domain",
					"processors":	"microblaze_0",
					"os":	"standalone",
					"sdxOs":	"standalone",
					"debugEnable":	"False",
					"domRuntimes":	["cpp"],
					"swRepo":	"",
					"mssOsVer":	"9.1",
					"mssFile":	"",
					"md5Digest":	"c15e7256e97ae32fab444175d626eb6f",
					"compatibleApp":	"",
					"domType":	"mssDomain",
					"arch":	"32-bit",
					"appSettings":	{
						"appCompilerFlags":	"",
						"appLinkerFlags":	""
					},
					"addedLibs":	[],
					"libOptions":	{
						"libsContainingOptions":	[]
					},
					"prebuiltLibs":	{
						"prebuiltIncPath":	[],
						"prebuiltLibPath":	[]
					},
					"isolation":	{
					}
				}]
		}]
}
TRACE::2024-09-16.20:43:38::SCWMssOS::Saving the mss changes C:/Users/openfpga/Desktop/project/golden/example3/vitis_ide_v1/7k325t_platform/microblaze_0/standalone_domain/bsp/system.mss
TRACE::2024-09-16.20:43:38::SCWMssOS::Found a swdesign opened with the mssfile.
TRACE::2024-09-16.20:43:38::SCWMssOS::Completed writemss as part of save.
TRACE::2024-09-16.20:43:38::SCWMssOS::Commit changes completed.
TRACE::2024-09-16.20:43:38::SCWPlatform::Trying to open the hw design at C:/Users/openfpga/Desktop/project/golden/example3/vitis_ide_v1/7k325t_platform/hw/system_wrapper.xsa
TRACE::2024-09-16.20:43:38::SCWPlatform::DSA given C:/Users/openfpga/Desktop/project/golden/example3/vitis_ide_v1/7k325t_platform/hw/system_wrapper.xsa
TRACE::2024-09-16.20:43:38::SCWPlatform::DSA absoulate path C:/Users/openfpga/Desktop/project/golden/example3/vitis_ide_v1/7k325t_platform/hw/system_wrapper.xsa
TRACE::2024-09-16.20:43:38::SCWPlatform::DSA directory C:/Users/openfpga/Desktop/project/golden/example3/vitis_ide_v1/7k325t_platform/hw
TRACE::2024-09-16.20:43:38::SCWPlatform:: Platform Path C:/Users/openfpga/Desktop/project/golden/example3/vitis_ide_v1/7k325t_platform/hw/system_wrapper.xsa
TRACE::2024-09-16.20:43:38::SCWPlatform:: Unique name xilinx:::0.0
TRACE::2024-09-16.20:43:38::SCWPlatform::Trying to set the existing hwdb with name system_wrapper_0
TRACE::2024-09-16.20:43:38::SCWPlatform::Opened existing hwdb system_wrapper_0
TRACE::2024-09-16.20:43:38::SCWPlatform::Found the Hw Db part of the input DSA
TRACE::2024-09-16.20:43:38::SCWMssOS::Checking the sw design at  C:/Users/openfpga/Desktop/project/golden/example3/vitis_ide_v1/7k325t_platform/microblaze_0/standalone_domain/bsp/system.mss
TRACE::2024-09-16.20:43:38::SCWMssOS::DEBUG:  swdes dump  C:/Users/openfpga/Desktop/project/golden/example3/vitis_ide_v1/7k325t_platform/microblaze_0/standalone_domain/bsp/system.mss|system||

TRACE::2024-09-16.20:43:38::SCWMssOS::Sw design exists and opened at  C:/Users/openfpga/Desktop/project/golden/example3/vitis_ide_v1/7k325t_platform/microblaze_0/standalone_domain/bsp/system.mss
TRACE::2024-09-16.20:43:38::SCWPlatform::Trying to open the hw design at C:/Users/openfpga/Desktop/project/golden/example3/vitis_ide_v1/7k325t_platform/hw/system_wrapper.xsa
TRACE::2024-09-16.20:43:38::SCWPlatform::DSA given C:/Users/openfpga/Desktop/project/golden/example3/vitis_ide_v1/7k325t_platform/hw/system_wrapper.xsa
TRACE::2024-09-16.20:43:38::SCWPlatform::DSA absoulate path C:/Users/openfpga/Desktop/project/golden/example3/vitis_ide_v1/7k325t_platform/hw/system_wrapper.xsa
TRACE::2024-09-16.20:43:38::SCWPlatform::DSA directory C:/Users/openfpga/Desktop/project/golden/example3/vitis_ide_v1/7k325t_platform/hw
TRACE::2024-09-16.20:43:38::SCWPlatform:: Platform Path C:/Users/openfpga/Desktop/project/golden/example3/vitis_ide_v1/7k325t_platform/hw/system_wrapper.xsa
TRACE::2024-09-16.20:43:38::SCWPlatform:: Unique name xilinx:::0.0
TRACE::2024-09-16.20:43:38::SCWPlatform::Trying to set the existing hwdb with name system_wrapper_0
TRACE::2024-09-16.20:43:38::SCWPlatform::Opened existing hwdb system_wrapper_0
TRACE::2024-09-16.20:43:38::SCWPlatform::Found the Hw Db part of the input DSA
TRACE::2024-09-16.20:43:38::SCWMssOS::Checking the sw design at  C:/Users/openfpga/Desktop/project/golden/example3/vitis_ide_v1/7k325t_platform/microblaze_0/standalone_domain/bsp/system.mss
TRACE::2024-09-16.20:43:38::SCWMssOS::DEBUG:  swdes dump  C:/Users/openfpga/Desktop/project/golden/example3/vitis_ide_v1/7k325t_platform/microblaze_0/standalone_domain/bsp/system.mss|system||

TRACE::2024-09-16.20:43:38::SCWMssOS::Sw design exists and opened at  C:/Users/openfpga/Desktop/project/golden/example3/vitis_ide_v1/7k325t_platform/microblaze_0/standalone_domain/bsp/system.mss
TRACE::2024-09-16.20:43:38::SCWPlatform::Trying to open the hw design at C:/Users/openfpga/Desktop/project/golden/example3/vitis_ide_v1/7k325t_platform/hw/system_wrapper.xsa
TRACE::2024-09-16.20:43:38::SCWPlatform::DSA given C:/Users/openfpga/Desktop/project/golden/example3/vitis_ide_v1/7k325t_platform/hw/system_wrapper.xsa
TRACE::2024-09-16.20:43:38::SCWPlatform::DSA absoulate path C:/Users/openfpga/Desktop/project/golden/example3/vitis_ide_v1/7k325t_platform/hw/system_wrapper.xsa
TRACE::2024-09-16.20:43:38::SCWPlatform::DSA directory C:/Users/openfpga/Desktop/project/golden/example3/vitis_ide_v1/7k325t_platform/hw
TRACE::2024-09-16.20:43:38::SCWPlatform:: Platform Path C:/Users/openfpga/Desktop/project/golden/example3/vitis_ide_v1/7k325t_platform/hw/system_wrapper.xsa
TRACE::2024-09-16.20:43:38::SCWPlatform:: Unique name xilinx:::0.0
TRACE::2024-09-16.20:43:38::SCWPlatform::Trying to set the existing hwdb with name system_wrapper_0
TRACE::2024-09-16.20:43:38::SCWPlatform::Opened existing hwdb system_wrapper_0
TRACE::2024-09-16.20:43:38::SCWPlatform::Found the Hw Db part of the input DSA
TRACE::2024-09-16.20:43:38::SCWMssOS::Checking the sw design at  C:/Users/openfpga/Desktop/project/golden/example3/vitis_ide_v1/7k325t_platform/microblaze_0/standalone_domain/bsp/system.mss
TRACE::2024-09-16.20:43:38::SCWMssOS::DEBUG:  swdes dump  C:/Users/openfpga/Desktop/project/golden/example3/vitis_ide_v1/7k325t_platform/microblaze_0/standalone_domain/bsp/system.mss|system||

TRACE::2024-09-16.20:43:38::SCWMssOS::Sw design exists and opened at  C:/Users/openfpga/Desktop/project/golden/example3/vitis_ide_v1/7k325t_platform/microblaze_0/standalone_domain/bsp/system.mss
TRACE::2024-09-16.20:43:38::SCWWriter::formatted JSON is {
	"platformName":	"7k325t_platform",
	"sprVersion":	"2.0",
	"mode":	"gui",
	"dsaType":	"Fixed",
	"platformDesc":	"7k325t_platform",
	"platHandOff":	"C:/Users/openfpga/Desktop/project/golden/example3/vitis_ide_v1/system_wrapper.xsa",
	"platIntHandOff":	"<platformDir>/hw/system_wrapper.xsa",
	"deviceType":	"FPGA",
	"platIsPrebuiltAutogen":	"false",
	"platIsNoBootBsp":	"false",
	"hasFsblMakeHasChanges":	"false",
	"hasPmufwMakeHasChanges":	"false",
	"platPreBuiltFlag":	false,
	"platformSamplesDir":	"",
	"platActiveSys":	"7k325t_platform",
	"systems":	[{
			"systemName":	"7k325t_platform",
			"systemDesc":	"7k325t_platform",
			"sysIsBootAutoGen":	"true",
			"systemDispName":	"7k325t_platform",
			"sysActiveDom":	"standalone_domain",
			"sysDefaultDom":	"standalone_domain",
			"domains":	[{
					"domainName":	"standalone_domain",
					"domainDispName":	"standalone on microblaze_0",
					"domainDesc":	"standalone_domain",
					"processors":	"microblaze_0",
					"os":	"standalone",
					"sdxOs":	"standalone",
					"debugEnable":	"False",
					"domRuntimes":	["cpp"],
					"swRepo":	"",
					"mssOsVer":	"9.1",
					"mssFile":	"",
					"md5Digest":	"c15e7256e97ae32fab444175d626eb6f",
					"compatibleApp":	"",
					"domType":	"mssDomain",
					"arch":	"32-bit",
					"appSettings":	{
						"appCompilerFlags":	"",
						"appLinkerFlags":	""
					},
					"addedLibs":	[],
					"libOptions":	{
						"libsContainingOptions":	[]
					},
					"prebuiltLibs":	{
						"prebuiltIncPath":	[],
						"prebuiltLibPath":	[]
					},
					"isolation":	{
					}
				}]
		}]
}
TRACE::2024-09-16.20:43:38::SCWPlatform::Clearing the existing platform
TRACE::2024-09-16.20:43:38::SCWSystem::Clearing the existing sysconfig
TRACE::2024-09-16.20:43:38::SCWMssOS::Removing the swdes entry for  C:/Users/openfpga/Desktop/project/golden/example3/vitis_ide_v1/7k325t_platform/microblaze_0/standalone_domain/bsp/system.mss
TRACE::2024-09-16.20:43:38::SCWSystem::Clearing the domains completed.
TRACE::2024-09-16.20:43:38::SCWPlatform::Clearing the opened hw db.
TRACE::2024-09-16.20:43:38::SCWPlatform::DSA given C:/Users/openfpga/Desktop/project/golden/example3/vitis_ide_v1/7k325t_platform/hw/system_wrapper.xsa
TRACE::2024-09-16.20:43:38::SCWPlatform::DSA absoulate path C:/Users/openfpga/Desktop/project/golden/example3/vitis_ide_v1/7k325t_platform/hw/system_wrapper.xsa
TRACE::2024-09-16.20:43:38::SCWPlatform:: Platform location is C:/Users/openfpga/Desktop/project/golden/example3/vitis_ide_v1/7k325t_platform/hw
TRACE::2024-09-16.20:43:38::SCWPlatform:: Platform Path C:/Users/openfpga/Desktop/project/golden/example3/vitis_ide_v1/7k325t_platform/hw/system_wrapper.xsa
TRACE::2024-09-16.20:43:38::SCWPlatform:: Unique name xilinx:::0.0
TRACE::2024-09-16.20:43:38::SCWPlatform::Removing the HwDB with name C:/Users/openfpga/Desktop/project/golden/example3/vitis_ide_v1/7k325t_platform/hw/system_wrapper.xsa
TRACE::2024-09-16.20:43:38::SCWPlatform::Trying to open the hw design at C:/Users/openfpga/Desktop/project/golden/example3/vitis_ide_v1/7k325t_platform/hw/system_wrapper.xsa
TRACE::2024-09-16.20:43:38::SCWPlatform::DSA given C:/Users/openfpga/Desktop/project/golden/example3/vitis_ide_v1/7k325t_platform/hw/system_wrapper.xsa
TRACE::2024-09-16.20:43:38::SCWPlatform::DSA absoulate path C:/Users/openfpga/Desktop/project/golden/example3/vitis_ide_v1/7k325t_platform/hw/system_wrapper.xsa
TRACE::2024-09-16.20:43:38::SCWPlatform::DSA directory C:/Users/openfpga/Desktop/project/golden/example3/vitis_ide_v1/7k325t_platform/hw
TRACE::2024-09-16.20:43:38::SCWPlatform:: Platform Path C:/Users/openfpga/Desktop/project/golden/example3/vitis_ide_v1/7k325t_platform/hw/system_wrapper.xsa
TRACE::2024-09-16.20:43:38::SCWPlatform:: Unique name xilinx:::0.0
TRACE::2024-09-16.20:43:38::SCWPlatform::Do not have an existing db opened. 
TRACE::2024-09-16.20:43:38::SCWPlatform::Opened new HwDB with name system_wrapper_1
TRACE::2024-09-16.20:43:38::SCWReader::Active system found as  7k325t_platform
TRACE::2024-09-16.20:43:38::SCWReader::Handling sysconfig 7k325t_platform
TRACE::2024-09-16.20:43:38::SCWDomain::checking for install qemu data   : 
TRACE::2024-09-16.20:43:38::SCWPlatform::Trying to open the hw design at C:/Users/openfpga/Desktop/project/golden/example3/vitis_ide_v1/7k325t_platform/hw/system_wrapper.xsa
TRACE::2024-09-16.20:43:38::SCWPlatform::DSA given C:/Users/openfpga/Desktop/project/golden/example3/vitis_ide_v1/7k325t_platform/hw/system_wrapper.xsa
TRACE::2024-09-16.20:43:38::SCWPlatform::DSA absoulate path C:/Users/openfpga/Desktop/project/golden/example3/vitis_ide_v1/7k325t_platform/hw/system_wrapper.xsa
TRACE::2024-09-16.20:43:38::SCWPlatform::DSA directory C:/Users/openfpga/Desktop/project/golden/example3/vitis_ide_v1/7k325t_platform/hw
TRACE::2024-09-16.20:43:38::SCWPlatform:: Platform Path C:/Users/openfpga/Desktop/project/golden/example3/vitis_ide_v1/7k325t_platform/hw/system_wrapper.xsa
TRACE::2024-09-16.20:43:38::SCWPlatform:: Unique name xilinx:::0.0
TRACE::2024-09-16.20:43:38::SCWPlatform::Trying to set the existing hwdb with name system_wrapper_1
TRACE::2024-09-16.20:43:38::SCWPlatform::Opened existing hwdb system_wrapper_1
TRACE::2024-09-16.20:43:38::SCWPlatform::Found the Hw Db part of the input DSA
TRACE::2024-09-16.20:43:38::SCWPlatform::Trying to open the hw design at C:/Users/openfpga/Desktop/project/golden/example3/vitis_ide_v1/7k325t_platform/hw/system_wrapper.xsa
TRACE::2024-09-16.20:43:38::SCWPlatform::DSA given C:/Users/openfpga/Desktop/project/golden/example3/vitis_ide_v1/7k325t_platform/hw/system_wrapper.xsa
TRACE::2024-09-16.20:43:38::SCWPlatform::DSA absoulate path C:/Users/openfpga/Desktop/project/golden/example3/vitis_ide_v1/7k325t_platform/hw/system_wrapper.xsa
TRACE::2024-09-16.20:43:38::SCWPlatform::DSA directory C:/Users/openfpga/Desktop/project/golden/example3/vitis_ide_v1/7k325t_platform/hw
TRACE::2024-09-16.20:43:38::SCWPlatform:: Platform Path C:/Users/openfpga/Desktop/project/golden/example3/vitis_ide_v1/7k325t_platform/hw/system_wrapper.xsa
TRACE::2024-09-16.20:43:38::SCWPlatform:: Unique name xilinx:::0.0
TRACE::2024-09-16.20:43:38::SCWPlatform::Trying to set the existing hwdb with name system_wrapper_1
TRACE::2024-09-16.20:43:38::SCWPlatform::Opened existing hwdb system_wrapper_1
TRACE::2024-09-16.20:43:38::SCWPlatform::Found the Hw Db part of the input DSA
TRACE::2024-09-16.20:43:38::SCWPlatform::Trying to open the hw design at C:/Users/openfpga/Desktop/project/golden/example3/vitis_ide_v1/7k325t_platform/hw/system_wrapper.xsa
TRACE::2024-09-16.20:43:38::SCWPlatform::DSA given C:/Users/openfpga/Desktop/project/golden/example3/vitis_ide_v1/7k325t_platform/hw/system_wrapper.xsa
TRACE::2024-09-16.20:43:38::SCWPlatform::DSA absoulate path C:/Users/openfpga/Desktop/project/golden/example3/vitis_ide_v1/7k325t_platform/hw/system_wrapper.xsa
TRACE::2024-09-16.20:43:38::SCWPlatform::DSA directory C:/Users/openfpga/Desktop/project/golden/example3/vitis_ide_v1/7k325t_platform/hw
TRACE::2024-09-16.20:43:38::SCWPlatform:: Platform Path C:/Users/openfpga/Desktop/project/golden/example3/vitis_ide_v1/7k325t_platform/hw/system_wrapper.xsa
TRACE::2024-09-16.20:43:38::SCWPlatform:: Unique name xilinx:::0.0
TRACE::2024-09-16.20:43:38::SCWPlatform::Trying to set the existing hwdb with name system_wrapper_1
TRACE::2024-09-16.20:43:38::SCWPlatform::Opened existing hwdb system_wrapper_1
TRACE::2024-09-16.20:43:38::SCWPlatform::Found the Hw Db part of the input DSA
TRACE::2024-09-16.20:43:38::SCWPlatform::Trying to open the hw design at C:/Users/openfpga/Desktop/project/golden/example3/vitis_ide_v1/7k325t_platform/hw/system_wrapper.xsa
TRACE::2024-09-16.20:43:38::SCWPlatform::DSA given C:/Users/openfpga/Desktop/project/golden/example3/vitis_ide_v1/7k325t_platform/hw/system_wrapper.xsa
TRACE::2024-09-16.20:43:38::SCWPlatform::DSA absoulate path C:/Users/openfpga/Desktop/project/golden/example3/vitis_ide_v1/7k325t_platform/hw/system_wrapper.xsa
TRACE::2024-09-16.20:43:38::SCWPlatform::DSA directory C:/Users/openfpga/Desktop/project/golden/example3/vitis_ide_v1/7k325t_platform/hw
TRACE::2024-09-16.20:43:38::SCWPlatform:: Platform Path C:/Users/openfpga/Desktop/project/golden/example3/vitis_ide_v1/7k325t_platform/hw/system_wrapper.xsa
TRACE::2024-09-16.20:43:38::SCWPlatform:: Unique name xilinx:::0.0
TRACE::2024-09-16.20:43:38::SCWPlatform::Trying to set the existing hwdb with name system_wrapper_1
TRACE::2024-09-16.20:43:38::SCWPlatform::Opened existing hwdb system_wrapper_1
TRACE::2024-09-16.20:43:38::SCWPlatform::Found the Hw Db part of the input DSA
TRACE::2024-09-16.20:43:38::SCWMssOS::Checking the sw design at  C:/Users/openfpga/Desktop/project/golden/example3/vitis_ide_v1/7k325t_platform/microblaze_0/standalone_domain/bsp/system.mss
TRACE::2024-09-16.20:43:38::SCWMssOS::DEBUG:  swdes dump  
TRACE::2024-09-16.20:43:38::SCWMssOS::No sw design opened at  C:/Users/openfpga/Desktop/project/golden/example3/vitis_ide_v1/7k325t_platform/microblaze_0/standalone_domain/bsp/system.mss
TRACE::2024-09-16.20:43:38::SCWMssOS::mss exists loading the mss file  C:/Users/openfpga/Desktop/project/golden/example3/vitis_ide_v1/7k325t_platform/microblaze_0/standalone_domain/bsp/system.mss
TRACE::2024-09-16.20:43:38::SCWMssOS::Opened the sw design from mss  C:/Users/openfpga/Desktop/project/golden/example3/vitis_ide_v1/7k325t_platform/microblaze_0/standalone_domain/bsp/system.mss
TRACE::2024-09-16.20:43:38::SCWMssOS::Adding the swdes entry C:/Users/openfpga/Desktop/project/golden/example3/vitis_ide_v1/7k325t_platform/microblaze_0/standalone_domain/bsp/system.mss with des name system
TRACE::2024-09-16.20:43:38::SCWMssOS::updating the scw layer about changes
TRACE::2024-09-16.20:43:38::SCWMssOS::Opened the sw design.  C:/Users/openfpga/Desktop/project/golden/example3/vitis_ide_v1/7k325t_platform/microblaze_0/standalone_domain/bsp/system.mss
TRACE::2024-09-16.20:43:38::SCWMssOS::Saving the mss changes C:/Users/openfpga/Desktop/project/golden/example3/vitis_ide_v1/7k325t_platform/microblaze_0/standalone_domain/bsp/system.mss
TRACE::2024-09-16.20:43:38::SCWMssOS::Found a swdesign opened with the mssfile.
TRACE::2024-09-16.20:43:38::SCWMssOS::Completed writemss as part of save.
TRACE::2024-09-16.20:43:38::SCWMssOS::Commit changes completed.
TRACE::2024-09-16.20:43:38::SCWReader::Adding prebuilt librarypaths as   
TRACE::2024-09-16.20:43:38::SCWReader::Adding prebuilt incpaths  as   
TRACE::2024-09-16.20:43:38::SCWPlatform::Trying to open the hw design at C:/Users/openfpga/Desktop/project/golden/example3/vitis_ide_v1/7k325t_platform/hw/system_wrapper.xsa
TRACE::2024-09-16.20:43:38::SCWPlatform::DSA given C:/Users/openfpga/Desktop/project/golden/example3/vitis_ide_v1/7k325t_platform/hw/system_wrapper.xsa
TRACE::2024-09-16.20:43:38::SCWPlatform::DSA absoulate path C:/Users/openfpga/Desktop/project/golden/example3/vitis_ide_v1/7k325t_platform/hw/system_wrapper.xsa
TRACE::2024-09-16.20:43:38::SCWPlatform::DSA directory C:/Users/openfpga/Desktop/project/golden/example3/vitis_ide_v1/7k325t_platform/hw
TRACE::2024-09-16.20:43:38::SCWPlatform:: Platform Path C:/Users/openfpga/Desktop/project/golden/example3/vitis_ide_v1/7k325t_platform/hw/system_wrapper.xsa
TRACE::2024-09-16.20:43:38::SCWPlatform:: Unique name xilinx:::0.0
TRACE::2024-09-16.20:43:38::SCWPlatform::Trying to set the existing hwdb with name system_wrapper_1
TRACE::2024-09-16.20:43:38::SCWPlatform::Opened existing hwdb system_wrapper_1
TRACE::2024-09-16.20:43:38::SCWPlatform::Found the Hw Db part of the input DSA
TRACE::2024-09-16.20:43:38::SCWMssOS::Checking the sw design at  C:/Users/openfpga/Desktop/project/golden/example3/vitis_ide_v1/7k325t_platform/microblaze_0/standalone_domain/bsp/system.mss
TRACE::2024-09-16.20:43:38::SCWMssOS::DEBUG:  swdes dump  C:/Users/openfpga/Desktop/project/golden/example3/vitis_ide_v1/7k325t_platform/microblaze_0/standalone_domain/bsp/system.mss|system||

TRACE::2024-09-16.20:43:38::SCWMssOS::Sw design exists and opened at  C:/Users/openfpga/Desktop/project/golden/example3/vitis_ide_v1/7k325t_platform/microblaze_0/standalone_domain/bsp/system.mss
TRACE::2024-09-16.20:43:38::SCWReader::No isolation master present  
LOG::2024-09-16.20:45:57::SCWPlatform::Started generating the artifacts platform 7k325t_platform
TRACE::2024-09-16.20:45:57::SCWPlatform::Sanity checking of platform is completed
LOG::2024-09-16.20:45:57::SCWPlatform::Started generating the artifacts for system configuration 7k325t_platform
LOG::2024-09-16.20:45:57::SCWSystem::Checking the domain standalone_domain
LOG::2024-09-16.20:45:57::SCWSystem::Not a boot domain 
LOG::2024-09-16.20:45:57::SCWSystem::Started Processing the domain standalone_domain
TRACE::2024-09-16.20:45:57::SCWDomain::Generating domain artifcats
TRACE::2024-09-16.20:45:57::SCWMssOS::Generating standalone artifcats
TRACE::2024-09-16.20:45:57::SCWMssOS:: Copying the user libraries. 
TRACE::2024-09-16.20:45:57::SCWPlatform::Trying to open the hw design at C:/Users/openfpga/Desktop/project/golden/example3/vitis_ide_v1/7k325t_platform/hw/system_wrapper.xsa
TRACE::2024-09-16.20:45:57::SCWPlatform::DSA given C:/Users/openfpga/Desktop/project/golden/example3/vitis_ide_v1/7k325t_platform/hw/system_wrapper.xsa
TRACE::2024-09-16.20:45:57::SCWPlatform::DSA absoulate path C:/Users/openfpga/Desktop/project/golden/example3/vitis_ide_v1/7k325t_platform/hw/system_wrapper.xsa
TRACE::2024-09-16.20:45:57::SCWPlatform::DSA directory C:/Users/openfpga/Desktop/project/golden/example3/vitis_ide_v1/7k325t_platform/hw
TRACE::2024-09-16.20:45:57::SCWPlatform:: Platform Path C:/Users/openfpga/Desktop/project/golden/example3/vitis_ide_v1/7k325t_platform/hw/system_wrapper.xsa
TRACE::2024-09-16.20:45:57::SCWPlatform:: Unique name xilinx:::0.0
TRACE::2024-09-16.20:45:57::SCWPlatform::Trying to set the existing hwdb with name system_wrapper_1
TRACE::2024-09-16.20:45:57::SCWPlatform::Opened existing hwdb system_wrapper_1
TRACE::2024-09-16.20:45:57::SCWPlatform::Found the Hw Db part of the input DSA
TRACE::2024-09-16.20:45:57::SCWMssOS::Checking the sw design at  C:/Users/openfpga/Desktop/project/golden/example3/vitis_ide_v1/7k325t_platform/microblaze_0/standalone_domain/bsp/system.mss
TRACE::2024-09-16.20:45:57::SCWMssOS::DEBUG:  swdes dump  C:/Users/openfpga/Desktop/project/golden/example3/vitis_ide_v1/7k325t_platform/microblaze_0/standalone_domain/bsp/system.mss|system||

TRACE::2024-09-16.20:45:57::SCWMssOS::Sw design exists and opened at  C:/Users/openfpga/Desktop/project/golden/example3/vitis_ide_v1/7k325t_platform/microblaze_0/standalone_domain/bsp/system.mss
TRACE::2024-09-16.20:45:57::SCWMssOS::Completed writing the mss file at C:/Users/openfpga/Desktop/project/golden/example3/vitis_ide_v1/7k325t_platform/microblaze_0/standalone_domain/bsp
TRACE::2024-09-16.20:45:57::SCWMssOS::Mss edits present, copying mssfile into export location C:/Users/openfpga/Desktop/project/golden/example3/vitis_ide_v1/7k325t_platform/microblaze_0/standalone_domain/bsp/system.mss
TRACE::2024-09-16.20:45:57::SCWMssOS::bsp generated is upto date with the mss file. Skipping bsp generation.
TRACE::2024-09-16.20:45:57::SCWMssOS::BSP is already built. skipping the bsp build ... 
TRACE::2024-09-16.20:45:57::SCWDomain::Building the domain as part of full build :  standalone_domain
TRACE::2024-09-16.20:45:57::SCWMssOS::doing bsp build ... 
TRACE::2024-09-16.20:45:57::SCWMssOS::System Command Ran  C: & cd  C:/Users/openfpga/Desktop/project/golden/example3/vitis_ide_v1/7k325t_platform/microblaze_0/standalone_domain/bsp & make 
TRACE::2024-09-16.20:45:57::SCWMssOS::make --no-print-directory seq_libs

TRACE::2024-09-16.20:45:57::SCWMssOS::'Finished building libraries sequentially.'

TRACE::2024-09-16.20:45:57::SCWMssOS::make -j 18 --no-print-directory par_libs

TRACE::2024-09-16.20:45:57::SCWMssOS::"Running Make include in microblaze_0/libsrc/bram_v4_10/src"

TRACE::2024-09-16.20:45:57::SCWMssOS::make -C microblaze_0/libsrc/bram_v4_10/src -s include  "SHELL=CMD" "COMPILER=mb-gcc" "ASSEMBLER=mb-as" "ARCHIVER=mb-ar" "COMPIL
TRACE::2024-09-16.20:45:57::SCWMssOS::ER_FLAGS=  -O2 -c -mcpu=v11.0 -mlittle-endian -mxl-soft-mul" "EXTRA_COMPILER_FLAGS=-g -ffunction-sections -fdata-sections -Wall
TRACE::2024-09-16.20:45:57::SCWMssOS:: -Wextra -fno-tree-loop-distribute-patterns"

TRACE::2024-09-16.20:45:57::SCWMssOS::"Running Make include in microblaze_0/libsrc/cpu_v2_18/src"

TRACE::2024-09-16.20:45:57::SCWMssOS::make -C microblaze_0/libsrc/cpu_v2_18/src -s include  "SHELL=CMD" "COMPILER=mb-gcc" "ASSEMBLER=mb-as" "ARCHIVER=mb-ar" "COMPILE
TRACE::2024-09-16.20:45:57::SCWMssOS::R_FLAGS=  -O2 -c -mcpu=v11.0 -mlittle-endian -mxl-soft-mul" "EXTRA_COMPILER_FLAGS=-g -ffunction-sections -fdata-sections -Wall 
TRACE::2024-09-16.20:45:57::SCWMssOS::-Wextra -fno-tree-loop-distribute-patterns"

TRACE::2024-09-16.20:45:57::SCWMssOS::"Running Make include in microblaze_0/libsrc/gpio_v4_11/src"

TRACE::2024-09-16.20:45:57::SCWMssOS::make -C microblaze_0/libsrc/gpio_v4_11/src -s include  "SHELL=CMD" "COMPILER=mb-gcc" "ASSEMBLER=mb-as" "ARCHIVER=mb-ar" "COMPIL
TRACE::2024-09-16.20:45:57::SCWMssOS::ER_FLAGS=  -O2 -c -mcpu=v11.0 -mlittle-endian -mxl-soft-mul" "EXTRA_COMPILER_FLAGS=-g -ffunction-sections -fdata-sections -Wall
TRACE::2024-09-16.20:45:57::SCWMssOS:: -Wextra -fno-tree-loop-distribute-patterns"

TRACE::2024-09-16.20:45:57::SCWMssOS::"Running Make include in microblaze_0/libsrc/hwicap_v11_6/src"

TRACE::2024-09-16.20:45:57::SCWMssOS::make -C microblaze_0/libsrc/hwicap_v11_6/src -s include  "SHELL=CMD" "COMPILER=mb-gcc" "ASSEMBLER=mb-as" "ARCHIVER=mb-ar" "COMP
TRACE::2024-09-16.20:45:57::SCWMssOS::ILER_FLAGS=  -O2 -c -mcpu=v11.0 -mlittle-endian -mxl-soft-mul" "EXTRA_COMPILER_FLAGS=-g -ffunction-sections -fdata-sections -Wa
TRACE::2024-09-16.20:45:57::SCWMssOS::ll -Wextra -fno-tree-loop-distribute-patterns"

TRACE::2024-09-16.20:45:57::SCWMssOS::"Running Make include in microblaze_0/libsrc/intc_v3_18/src"

TRACE::2024-09-16.20:45:57::SCWMssOS::make -C microblaze_0/libsrc/intc_v3_18/src -s include  "SHELL=CMD" "COMPILER=mb-gcc" "ASSEMBLER=mb-as" "ARCHIVER=mb-ar" "COMPIL
TRACE::2024-09-16.20:45:57::SCWMssOS::ER_FLAGS=  -O2 -c -mcpu=v11.0 -mlittle-endian -mxl-soft-mul" "EXTRA_COMPILER_FLAGS=-g -ffunction-sections -fdata-sections -Wall
TRACE::2024-09-16.20:45:57::SCWMssOS:: -Wextra -fno-tree-loop-distribute-patterns"

TRACE::2024-09-16.20:45:57::SCWMssOS::"Running Make include in microblaze_0/libsrc/standalone_v9_1/src"

TRACE::2024-09-16.20:45:57::SCWMssOS::make -C microblaze_0/libsrc/standalone_v9_1/src -s include  "SHELL=CMD" "COMPILER=mb-gcc" "ASSEMBLER=mb-as" "ARCHIVER=mb-ar" "C
TRACE::2024-09-16.20:45:57::SCWMssOS::OMPILER_FLAGS=  -O2 -c -mcpu=v11.0 -mlittle-endian -mxl-soft-mul" "EXTRA_COMPILER_FLAGS=-g -ffunction-sections -fdata-sections 
TRACE::2024-09-16.20:45:57::SCWMssOS::-Wall -Wextra -fno-tree-loop-distribute-patterns"

TRACE::2024-09-16.20:45:57::SCWMssOS::"Running Make include in microblaze_0/libsrc/tmrctr_v4_12/src"

TRACE::2024-09-16.20:45:57::SCWMssOS::make -C microblaze_0/libsrc/tmrctr_v4_12/src -s include  "SHELL=CMD" "COMPILER=mb-gcc" "ASSEMBLER=mb-as" "ARCHIVER=mb-ar" "COMP
TRACE::2024-09-16.20:45:57::SCWMssOS::ILER_FLAGS=  -O2 -c -mcpu=v11.0 -mlittle-endian -mxl-soft-mul" "EXTRA_COMPILER_FLAGS=-g -ffunction-sections -fdata-sections -Wa
TRACE::2024-09-16.20:45:57::SCWMssOS::ll -Wextra -fno-tree-loop-distribute-patterns"

TRACE::2024-09-16.20:45:57::SCWMssOS::"Running Make include in microblaze_0/libsrc/uartlite_v3_10/src"

TRACE::2024-09-16.20:45:57::SCWMssOS::make -C microblaze_0/libsrc/uartlite_v3_10/src -s include  "SHELL=CMD" "COMPILER=mb-gcc" "ASSEMBLER=mb-as" "ARCHIVER=mb-ar" "CO
TRACE::2024-09-16.20:45:57::SCWMssOS::MPILER_FLAGS=  -O2 -c -mcpu=v11.0 -mlittle-endian -mxl-soft-mul" "EXTRA_COMPILER_FLAGS=-g -ffunction-sections -fdata-sections -
TRACE::2024-09-16.20:45:57::SCWMssOS::Wall -Wextra -fno-tree-loop-distribute-patterns"

TRACE::2024-09-16.20:45:57::SCWMssOS::"Running Make libs in microblaze_0/libsrc/bram_v4_10/src"

TRACE::2024-09-16.20:45:57::SCWMssOS::make -C microblaze_0/libsrc/bram_v4_10/src -s libs  "SHELL=CMD" "COMPILER=mb-gcc" "ASSEMBLER=mb-as" "ARCHIVER=mb-ar" "COMPILER_
TRACE::2024-09-16.20:45:57::SCWMssOS::FLAGS=  -O2 -c -mcpu=v11.0 -mlittle-endian -mxl-soft-mul" "EXTRA_COMPILER_FLAGS=-g -ffunction-sections -fdata-sections -Wall -W
TRACE::2024-09-16.20:45:57::SCWMssOS::extra -fno-tree-loop-distribute-patterns"

TRACE::2024-09-16.20:45:57::SCWMssOS::"Running Make libs in microblaze_0/libsrc/cpu_v2_18/src"

TRACE::2024-09-16.20:45:57::SCWMssOS::make -C microblaze_0/libsrc/cpu_v2_18/src -s libs  "SHELL=CMD" "COMPILER=mb-gcc" "ASSEMBLER=mb-as" "ARCHIVER=mb-ar" "COMPILER_F
TRACE::2024-09-16.20:45:57::SCWMssOS::LAGS=  -O2 -c -mcpu=v11.0 -mlittle-endian -mxl-soft-mul" "EXTRA_COMPILER_FLAGS=-g -ffunction-sections -fdata-sections -Wall -We
TRACE::2024-09-16.20:45:57::SCWMssOS::xtra -fno-tree-loop-distribute-patterns"

TRACE::2024-09-16.20:45:57::SCWMssOS::"Running Make libs in microblaze_0/libsrc/gpio_v4_11/src"

TRACE::2024-09-16.20:45:57::SCWMssOS::make -C microblaze_0/libsrc/gpio_v4_11/src -s libs  "SHELL=CMD" "COMPILER=mb-gcc" "ASSEMBLER=mb-as" "ARCHIVER=mb-ar" "COMPILER_
TRACE::2024-09-16.20:45:57::SCWMssOS::FLAGS=  -O2 -c -mcpu=v11.0 -mlittle-endian -mxl-soft-mul" "EXTRA_COMPILER_FLAGS=-g -ffunction-sections -fdata-sections -Wall -W
TRACE::2024-09-16.20:45:57::SCWMssOS::extra -fno-tree-loop-distribute-patterns"

TRACE::2024-09-16.20:45:57::SCWMssOS::"Running Make libs in microblaze_0/libsrc/hwicap_v11_6/src"

TRACE::2024-09-16.20:45:57::SCWMssOS::make -C microblaze_0/libsrc/hwicap_v11_6/src -s libs  "SHELL=CMD" "COMPILER=mb-gcc" "ASSEMBLER=mb-as" "ARCHIVER=mb-ar" "COMPILE
TRACE::2024-09-16.20:45:57::SCWMssOS::R_FLAGS=  -O2 -c -mcpu=v11.0 -mlittle-endian -mxl-soft-mul" "EXTRA_COMPILER_FLAGS=-g -ffunction-sections -fdata-sections -Wall 
TRACE::2024-09-16.20:45:57::SCWMssOS::-Wextra -fno-tree-loop-distribute-patterns"

TRACE::2024-09-16.20:45:57::SCWMssOS::"Running Make libs in microblaze_0/libsrc/intc_v3_18/src"

TRACE::2024-09-16.20:45:58::SCWMssOS::make -C microblaze_0/libsrc/intc_v3_18/src -s libs  "SHELL=CMD" "COMPILER=mb-gcc" "ASSEMBLER=mb-as" "ARCHIVER=mb-ar" "COMPILER_
TRACE::2024-09-16.20:45:58::SCWMssOS::FLAGS=  -O2 -c -mcpu=v11.0 -mlittle-endian -mxl-soft-mul" "EXTRA_COMPILER_FLAGS=-g -ffunction-sections -fdata-sections -Wall -W
TRACE::2024-09-16.20:45:58::SCWMssOS::extra -fno-tree-loop-distribute-patterns"

TRACE::2024-09-16.20:45:58::SCWMssOS::"Running Make libs in microblaze_0/libsrc/standalone_v9_1/src"

TRACE::2024-09-16.20:45:58::SCWMssOS::make -C microblaze_0/libsrc/standalone_v9_1/src -s libs  "SHELL=CMD" "COMPILER=mb-gcc" "ASSEMBLER=mb-as" "ARCHIVER=mb-ar" "COMP
TRACE::2024-09-16.20:45:58::SCWMssOS::ILER_FLAGS=  -O2 -c -mcpu=v11.0 -mlittle-endian -mxl-soft-mul" "EXTRA_COMPILER_FLAGS=-g -ffunction-sections -fdata-sections -Wa
TRACE::2024-09-16.20:45:58::SCWMssOS::ll -Wextra -fno-tree-loop-distribute-patterns"

TRACE::2024-09-16.20:45:58::SCWMssOS::"Running Make libs in microblaze_0/libsrc/tmrctr_v4_12/src"

TRACE::2024-09-16.20:45:58::SCWMssOS::make -C microblaze_0/libsrc/tmrctr_v4_12/src -s libs  "SHELL=CMD" "COMPILER=mb-gcc" "ASSEMBLER=mb-as" "ARCHIVER=mb-ar" "COMPILE
TRACE::2024-09-16.20:45:58::SCWMssOS::R_FLAGS=  -O2 -c -mcpu=v11.0 -mlittle-endian -mxl-soft-mul" "EXTRA_COMPILER_FLAGS=-g -ffunction-sections -fdata-sections -Wall 
TRACE::2024-09-16.20:45:58::SCWMssOS::-Wextra -fno-tree-loop-distribute-patterns"

TRACE::2024-09-16.20:45:58::SCWMssOS::"Running Make libs in microblaze_0/libsrc/uartlite_v3_10/src"

TRACE::2024-09-16.20:45:58::SCWMssOS::make -C microblaze_0/libsrc/uartlite_v3_10/src -s libs  "SHELL=CMD" "COMPILER=mb-gcc" "ASSEMBLER=mb-as" "ARCHIVER=mb-ar" "COMPI
TRACE::2024-09-16.20:45:58::SCWMssOS::LER_FLAGS=  -O2 -c -mcpu=v11.0 -mlittle-endian -mxl-soft-mul" "EXTRA_COMPILER_FLAGS=-g -ffunction-sections -fdata-sections -Wal
TRACE::2024-09-16.20:45:58::SCWMssOS::l -Wextra -fno-tree-loop-distribute-patterns"

TRACE::2024-09-16.20:45:58::SCWMssOS::"DEBUG NON_LTO_OBJECTS is ../../../lib/microblaze_interrupt_handler.o"

TRACE::2024-09-16.20:45:58::SCWMssOS::'Finished building libraries parallelly.'

TRACE::2024-09-16.20:45:58::SCWMssOS::make --no-print-directory archive

TRACE::2024-09-16.20:45:58::SCWMssOS::mb-ar -r  microblaze_0/lib/libxil.a microblaze_0/lib/_exit.o microblaze_0/lib/errno.o microblaze_0/lib/fcntl.o microblaze_0/lib
TRACE::2024-09-16.20:45:58::SCWMssOS::/hw_exception_handler.o microblaze_0/lib/inbyte.o microblaze_0/lib/microblaze_disable_dcache.o microblaze_0/lib/microblaze_disa
TRACE::2024-09-16.20:45:58::SCWMssOS::ble_exceptions.o microblaze_0/lib/microblaze_disable_icache.o microblaze_0/lib/microblaze_disable_interrupts.o microblaze_0/lib
TRACE::2024-09-16.20:45:58::SCWMssOS::/microblaze_enable_dcache.o microblaze_0/lib/microblaze_enable_exceptions.o microblaze_0/lib/microblaze_enable_icache.o microbl
TRACE::2024-09-16.20:45:58::SCWMssOS::aze_0/lib/microblaze_enable_interrupts.o microblaze_0/lib/microblaze_exception_handler.o microblaze_0/lib/microblaze_flush_cach
TRACE::2024-09-16.20:45:58::SCWMssOS::e_ext.o microblaze_0/lib/microblaze_flush_cache_ext_range.o microblaze_0/lib/microblaze_flush_dcache.o microblaze_0/lib/microbl
TRACE::2024-09-16.20:45:58::SCWMssOS::aze_flush_dcache_range.o microblaze_0/lib/microblaze_init_dcache_range.o microblaze_0/lib/microblaze_init_icache_range.o microb
TRACE::2024-09-16.20:45:58::SCWMssOS::laze_0/lib/microblaze_interrupt_handler.o microblaze_0/lib/microblaze_interrupts_g.o microblaze_0/lib/microblaze_invalidate_cac
TRACE::2024-09-16.20:45:58::SCWMssOS::he_ext.o microblaze_0/lib/microblaze_invalidate_cache_ext_range.o microblaze_0/lib/microblaze_invalidate_dcache.o microblaze_0/
TRACE::2024-09-16.20:45:58::SCWMssOS::lib/microblaze_invalidate_dcache_range.o microblaze_0/lib/microblaze_invalidate_icache.o microblaze_0/lib/microblaze_invalidate
TRACE::2024-09-16.20:45:58::SCWMssOS::_icache_range.o microblaze_0/lib/microblaze_scrub.o microblaze_0/lib/microblaze_selftest.o microblaze_0/lib/microblaze_sleep.o 
TRACE::2024-09-16.20:45:58::SCWMssOS::microblaze_0/lib/microblaze_update_dcache.o microblaze_0/lib/microblaze_update_icache.o microblaze_0/lib/outbyte.o microblaze_0
TRACE::2024-09-16.20:45:58::SCWMssOS::/lib/print.o microblaze_0/lib/pvr.o microblaze_0/lib/xbram.o microblaze_0/lib/xbram_g.o microblaze_0/lib/xbram_intr.o microblaz
TRACE::2024-09-16.20:45:58::SCWMssOS::e_0/lib/xbram_selftest.o microblaze_0/lib/xbram_sinit.o microblaze_0/lib/xgpio.o microblaze_0/lib/xgpio_extra.o microblaze_0/li
TRACE::2024-09-16.20:45:58::SCWMssOS::b/xgpio_g.o microblaze_0/lib/xgpio_intr.o microblaze_0/lib/xgpio_selftest.o microblaze_0/lib/xgpio_sinit.o microblaze_0/lib/xhw
TRACE::2024-09-16.20:45:58::SCWMssOS::icap.o microblaze_0/lib/xhwicap_device_read_frame.o microblaze_0/lib/xhwicap_device_write_frame.o microblaze_0/lib/xhwicap_g.o 
TRACE::2024-09-16.20:45:58::SCWMssOS::microblaze_0/lib/xhwicap_intr.o microblaze_0/lib/xhwicap_selftest.o microblaze_0/lib/xhwicap_sinit.o microblaze_0/lib/xhwicap_s
TRACE::2024-09-16.20:45:58::SCWMssOS::rp.o microblaze_0/lib/xil_assert.o microblaze_0/lib/xil_cache.o microblaze_0/lib/xil_clocking.o microblaze_0/lib/xil_exception.
TRACE::2024-09-16.20:45:58::SCWMssOS::o microblaze_0/lib/xil_mem.o microblaze_0/lib/xil_misc_psreset_api.o microblaze_0/lib/xil_printf.o microblaze_0/lib/xil_sleepco
TRACE::2024-09-16.20:45:58::SCWMssOS::mmon.o microblaze_0/lib/xil_testcache.o microblaze_0/lib/xil_testio.o microblaze_0/lib/xil_testmem.o microblaze_0/lib/xil_util.
TRACE::2024-09-16.20:45:58::SCWMssOS::o microblaze_0/lib/xintc.o microblaze_0/lib/xintc_g.o microblaze_0/lib/xintc_intr.o microblaze_0/lib/xintc_l.o microblaze_0/lib
TRACE::2024-09-16.20:45:58::SCWMssOS::/xintc_options.o microblaze_0/lib/xintc_selftest.o microblaze_0/lib/xinterrupt_wrap.o microblaze_0/lib/xio.o microblaze_0/lib/x
TRACE::2024-09-16.20:45:58::SCWMssOS::platform_info.o microblaze_0/lib/xpm_init.o microblaze_0/lib/xtmrctr.o microblaze_0/lib/xtmrctr_g.o microblaze_0/lib/xtmrctr_in
TRACE::2024-09-16.20:45:58::SCWMssOS::tr.o microblaze_0/lib/xtmrctr_l.o microblaze_0/lib/xtmrctr_options.o microblaze_0/lib/xtmrctr_selftest.o microblaze_0/lib/xtmrc
TRACE::2024-09-16.20:45:58::SCWMssOS::tr_sinit.o microblaze_0/lib/xtmrctr_stats.o microblaze_0/lib/xuartlite.o microblaze_0/lib/xuartlite_g.o microblaze_0/lib/xuartl
TRACE::2024-09-16.20:45:58::SCWMssOS::ite_intr.o microblaze_0/lib/xuartlite_l.o microblaze_0/lib/xuartlite_selftest.o microblaze_0/lib/xuartlite_sinit.o microblaze_0
TRACE::2024-09-16.20:45:58::SCWMssOS::/lib/xuartlite_stats.o

TRACE::2024-09-16.20:45:58::SCWMssOS::'Finished building libraries'

TRACE::2024-09-16.20:45:58::SCWMssOS::Copying to export directory.
TRACE::2024-09-16.20:45:59::SCWMssOS:: Checking if to create the Supporting Applications
TRACE::2024-09-16.20:45:59::SCWMssOS:: No Linux domain exists, trying to generate FSBL 
LOG::2024-09-16.20:45:59::SCWSystem::Completed Processing the domain standalone_domain
LOG::2024-09-16.20:45:59::SCWSystem::Completed Processing the sysconfig 7k325t_platform
LOG::2024-09-16.20:45:59::SCWPlatform::Completed generating the artifacts for system configuration 7k325t_platform
TRACE::2024-09-16.20:45:59::SCWPlatform::Started preparing the platform 
TRACE::2024-09-16.20:45:59::SCWSystem::Writing the bif file for system config 7k325t_platform
TRACE::2024-09-16.20:45:59::SCWSystem::dir created 
TRACE::2024-09-16.20:45:59::SCWSystem::Writing the bif 
TRACE::2024-09-16.20:45:59::SCWPlatform::Started writing the spfm file 
TRACE::2024-09-16.20:45:59::SCWPlatform::Started writing the xpfm file 
TRACE::2024-09-16.20:45:59::SCWPlatform::Completed generating the platform
TRACE::2024-09-16.20:45:59::SCWMssOS::Saving the mss changes C:/Users/openfpga/Desktop/project/golden/example3/vitis_ide_v1/7k325t_platform/microblaze_0/standalone_domain/bsp/system.mss
TRACE::2024-09-16.20:45:59::SCWMssOS::Found a swdesign opened with the mssfile.
TRACE::2024-09-16.20:45:59::SCWMssOS::Completed writemss as part of save.
TRACE::2024-09-16.20:45:59::SCWMssOS::Commit changes completed.
TRACE::2024-09-16.20:45:59::SCWPlatform::Trying to open the hw design at C:/Users/openfpga/Desktop/project/golden/example3/vitis_ide_v1/7k325t_platform/hw/system_wrapper.xsa
TRACE::2024-09-16.20:45:59::SCWPlatform::DSA given C:/Users/openfpga/Desktop/project/golden/example3/vitis_ide_v1/7k325t_platform/hw/system_wrapper.xsa
TRACE::2024-09-16.20:45:59::SCWPlatform::DSA absoulate path C:/Users/openfpga/Desktop/project/golden/example3/vitis_ide_v1/7k325t_platform/hw/system_wrapper.xsa
TRACE::2024-09-16.20:45:59::SCWPlatform::DSA directory C:/Users/openfpga/Desktop/project/golden/example3/vitis_ide_v1/7k325t_platform/hw
TRACE::2024-09-16.20:45:59::SCWPlatform:: Platform Path C:/Users/openfpga/Desktop/project/golden/example3/vitis_ide_v1/7k325t_platform/hw/system_wrapper.xsa
TRACE::2024-09-16.20:45:59::SCWPlatform:: Unique name xilinx:::0.0
TRACE::2024-09-16.20:45:59::SCWPlatform::Trying to set the existing hwdb with name system_wrapper_1
TRACE::2024-09-16.20:45:59::SCWPlatform::Opened existing hwdb system_wrapper_1
TRACE::2024-09-16.20:45:59::SCWPlatform::Found the Hw Db part of the input DSA
TRACE::2024-09-16.20:45:59::SCWMssOS::Checking the sw design at  C:/Users/openfpga/Desktop/project/golden/example3/vitis_ide_v1/7k325t_platform/microblaze_0/standalone_domain/bsp/system.mss
TRACE::2024-09-16.20:45:59::SCWMssOS::DEBUG:  swdes dump  C:/Users/openfpga/Desktop/project/golden/example3/vitis_ide_v1/7k325t_platform/microblaze_0/standalone_domain/bsp/system.mss|system||

TRACE::2024-09-16.20:45:59::SCWMssOS::Sw design exists and opened at  C:/Users/openfpga/Desktop/project/golden/example3/vitis_ide_v1/7k325t_platform/microblaze_0/standalone_domain/bsp/system.mss
TRACE::2024-09-16.20:45:59::SCWWriter::formatted JSON is {
	"platformName":	"7k325t_platform",
	"sprVersion":	"2.0",
	"mode":	"gui",
	"dsaType":	"Fixed",
	"platformDesc":	"7k325t_platform",
	"platHandOff":	"C:/Users/openfpga/Desktop/project/golden/example3/vitis_ide_v1/system_wrapper.xsa",
	"platIntHandOff":	"<platformDir>/hw/system_wrapper.xsa",
	"deviceType":	"FPGA",
	"platIsPrebuiltAutogen":	"false",
	"platIsNoBootBsp":	"false",
	"hasFsblMakeHasChanges":	"false",
	"hasPmufwMakeHasChanges":	"false",
	"platPreBuiltFlag":	false,
	"platformSamplesDir":	"",
	"platActiveSys":	"7k325t_platform",
	"systems":	[{
			"systemName":	"7k325t_platform",
			"systemDesc":	"7k325t_platform",
			"sysIsBootAutoGen":	"true",
			"systemDispName":	"7k325t_platform",
			"sysActiveDom":	"standalone_domain",
			"sysDefaultDom":	"standalone_domain",
			"domains":	[{
					"domainName":	"standalone_domain",
					"domainDispName":	"standalone on microblaze_0",
					"domainDesc":	"standalone_domain",
					"processors":	"microblaze_0",
					"os":	"standalone",
					"sdxOs":	"standalone",
					"debugEnable":	"False",
					"domRuntimes":	["cpp"],
					"swRepo":	"",
					"mssOsVer":	"9.1",
					"mssFile":	"",
					"md5Digest":	"c15e7256e97ae32fab444175d626eb6f",
					"compatibleApp":	"",
					"domType":	"mssDomain",
					"arch":	"32-bit",
					"appSettings":	{
						"appCompilerFlags":	"",
						"appLinkerFlags":	""
					},
					"addedLibs":	[],
					"libOptions":	{
						"libsContainingOptions":	[]
					},
					"prebuiltLibs":	{
						"prebuiltIncPath":	[],
						"prebuiltLibPath":	[]
					},
					"isolation":	{
					}
				}]
		}]
}
KEYINFO::2024-09-16.20:45:59::SCWPlatform::updated the xpfm file.
TRACE::2024-09-16.20:45:59::SCWPlatform::Trying to open the hw design at C:/Users/openfpga/Desktop/project/golden/example3/vitis_ide_v1/7k325t_platform/hw/system_wrapper.xsa
TRACE::2024-09-16.20:45:59::SCWPlatform::DSA given C:/Users/openfpga/Desktop/project/golden/example3/vitis_ide_v1/7k325t_platform/hw/system_wrapper.xsa
TRACE::2024-09-16.20:45:59::SCWPlatform::DSA absoulate path C:/Users/openfpga/Desktop/project/golden/example3/vitis_ide_v1/7k325t_platform/hw/system_wrapper.xsa
TRACE::2024-09-16.20:45:59::SCWPlatform::DSA directory C:/Users/openfpga/Desktop/project/golden/example3/vitis_ide_v1/7k325t_platform/hw
TRACE::2024-09-16.20:45:59::SCWPlatform:: Platform Path C:/Users/openfpga/Desktop/project/golden/example3/vitis_ide_v1/7k325t_platform/hw/system_wrapper.xsa
TRACE::2024-09-16.20:45:59::SCWPlatform:: Unique name xilinx:::0.0
TRACE::2024-09-16.20:45:59::SCWPlatform::Trying to set the existing hwdb with name system_wrapper_1
TRACE::2024-09-16.20:45:59::SCWPlatform::Opened existing hwdb system_wrapper_1
TRACE::2024-09-16.20:45:59::SCWPlatform::Found the Hw Db part of the input DSA
TRACE::2024-09-16.20:45:59::SCWMssOS::Checking the sw design at  C:/Users/openfpga/Desktop/project/golden/example3/vitis_ide_v1/7k325t_platform/microblaze_0/standalone_domain/bsp/system.mss
TRACE::2024-09-16.20:45:59::SCWMssOS::DEBUG:  swdes dump  C:/Users/openfpga/Desktop/project/golden/example3/vitis_ide_v1/7k325t_platform/microblaze_0/standalone_domain/bsp/system.mss|system||

TRACE::2024-09-16.20:45:59::SCWMssOS::Sw design exists and opened at  C:/Users/openfpga/Desktop/project/golden/example3/vitis_ide_v1/7k325t_platform/microblaze_0/standalone_domain/bsp/system.mss
TRACE::2024-09-17.10:58:14::SCWPlatform::Trying to open the hw design at C:/Users/openfpga/Desktop/project/golden/example3/vitis_ide_v1/7k325t_platform/hw/system_wrapper.xsa
TRACE::2024-09-17.10:58:14::SCWPlatform::DSA given C:/Users/openfpga/Desktop/project/golden/example3/vitis_ide_v1/7k325t_platform/hw/system_wrapper.xsa
TRACE::2024-09-17.10:58:14::SCWPlatform::DSA absoulate path C:/Users/openfpga/Desktop/project/golden/example3/vitis_ide_v1/7k325t_platform/hw/system_wrapper.xsa
TRACE::2024-09-17.10:58:14::SCWPlatform::DSA directory C:/Users/openfpga/Desktop/project/golden/example3/vitis_ide_v1/7k325t_platform/hw
TRACE::2024-09-17.10:58:14::SCWPlatform:: Platform Path C:/Users/openfpga/Desktop/project/golden/example3/vitis_ide_v1/7k325t_platform/hw/system_wrapper.xsa
TRACE::2024-09-17.10:58:14::SCWPlatform:: Unique name xilinx:::0.0
TRACE::2024-09-17.10:58:14::SCWPlatform::Trying to set the existing hwdb with name system_wrapper_1
TRACE::2024-09-17.10:58:14::SCWPlatform::Opened existing hwdb system_wrapper_1
TRACE::2024-09-17.10:58:14::SCWPlatform::Found the Hw Db part of the input DSA
TRACE::2024-09-17.10:58:14::SCWMssOS::Checking the sw design at  C:/Users/openfpga/Desktop/project/golden/example3/vitis_ide_v1/7k325t_platform/microblaze_0/standalone_domain/bsp/system.mss
TRACE::2024-09-17.10:58:14::SCWMssOS::DEBUG:  swdes dump  C:/Users/openfpga/Desktop/project/golden/example3/vitis_ide_v1/7k325t_platform/microblaze_0/standalone_domain/bsp/system.mss|system||

TRACE::2024-09-17.10:58:14::SCWMssOS::Sw design exists and opened at  C:/Users/openfpga/Desktop/project/golden/example3/vitis_ide_v1/7k325t_platform/microblaze_0/standalone_domain/bsp/system.mss
TRACE::2024-09-17.10:58:14::SCWMssOS::In reload Mss file.
TRACE::2024-09-17.10:58:14::SCWPlatform::Trying to open the hw design at C:/Users/openfpga/Desktop/project/golden/example3/vitis_ide_v1/7k325t_platform/hw/system_wrapper.xsa
TRACE::2024-09-17.10:58:14::SCWPlatform::DSA given C:/Users/openfpga/Desktop/project/golden/example3/vitis_ide_v1/7k325t_platform/hw/system_wrapper.xsa
TRACE::2024-09-17.10:58:14::SCWPlatform::DSA absoulate path C:/Users/openfpga/Desktop/project/golden/example3/vitis_ide_v1/7k325t_platform/hw/system_wrapper.xsa
TRACE::2024-09-17.10:58:14::SCWPlatform::DSA directory C:/Users/openfpga/Desktop/project/golden/example3/vitis_ide_v1/7k325t_platform/hw
TRACE::2024-09-17.10:58:14::SCWPlatform:: Platform Path C:/Users/openfpga/Desktop/project/golden/example3/vitis_ide_v1/7k325t_platform/hw/system_wrapper.xsa
TRACE::2024-09-17.10:58:14::SCWPlatform:: Unique name xilinx:::0.0
TRACE::2024-09-17.10:58:14::SCWPlatform::Trying to set the existing hwdb with name system_wrapper_1
TRACE::2024-09-17.10:58:14::SCWPlatform::Opened existing hwdb system_wrapper_1
TRACE::2024-09-17.10:58:14::SCWPlatform::Found the Hw Db part of the input DSA
TRACE::2024-09-17.10:58:14::SCWMssOS::Checking the sw design at  C:/Users/openfpga/Desktop/project/golden/example3/vitis_ide_v1/7k325t_platform/microblaze_0/standalone_domain/bsp/system.mss
TRACE::2024-09-17.10:58:14::SCWMssOS::DEBUG:  swdes dump  
TRACE::2024-09-17.10:58:14::SCWMssOS::No sw design opened at  C:/Users/openfpga/Desktop/project/golden/example3/vitis_ide_v1/7k325t_platform/microblaze_0/standalone_domain/bsp/system.mss
TRACE::2024-09-17.10:58:14::SCWMssOS::mss exists loading the mss file  C:/Users/openfpga/Desktop/project/golden/example3/vitis_ide_v1/7k325t_platform/microblaze_0/standalone_domain/bsp/system.mss
TRACE::2024-09-17.10:58:14::SCWMssOS::Opened the sw design from mss  C:/Users/openfpga/Desktop/project/golden/example3/vitis_ide_v1/7k325t_platform/microblaze_0/standalone_domain/bsp/system.mss
TRACE::2024-09-17.10:58:14::SCWMssOS::Adding the swdes entry C:/Users/openfpga/Desktop/project/golden/example3/vitis_ide_v1/7k325t_platform/microblaze_0/standalone_domain/bsp/system.mss with des name system
TRACE::2024-09-17.10:58:14::SCWMssOS::updating the scw layer about changes
TRACE::2024-09-17.10:58:14::SCWMssOS::Opened the sw design.  C:/Users/openfpga/Desktop/project/golden/example3/vitis_ide_v1/7k325t_platform/microblaze_0/standalone_domain/bsp/system.mss
TRACE::2024-09-17.10:58:14::SCWMssOS::Saving the mss changes C:/Users/openfpga/Desktop/project/golden/example3/vitis_ide_v1/7k325t_platform/microblaze_0/standalone_domain/bsp/system.mss
TRACE::2024-09-17.10:58:14::SCWMssOS::Found a swdesign opened with the mssfile.
TRACE::2024-09-17.10:58:14::SCWMssOS::Completed writemss as part of save.
TRACE::2024-09-17.10:58:14::SCWMssOS::Commit changes completed.
TRACE::2024-09-17.10:58:14::SCWPlatform::Trying to open the hw design at C:/Users/openfpga/Desktop/project/golden/example3/vitis_ide_v1/7k325t_platform/hw/system_wrapper.xsa
TRACE::2024-09-17.10:58:14::SCWPlatform::DSA given C:/Users/openfpga/Desktop/project/golden/example3/vitis_ide_v1/7k325t_platform/hw/system_wrapper.xsa
TRACE::2024-09-17.10:58:14::SCWPlatform::DSA absoulate path C:/Users/openfpga/Desktop/project/golden/example3/vitis_ide_v1/7k325t_platform/hw/system_wrapper.xsa
TRACE::2024-09-17.10:58:14::SCWPlatform::DSA directory C:/Users/openfpga/Desktop/project/golden/example3/vitis_ide_v1/7k325t_platform/hw
TRACE::2024-09-17.10:58:14::SCWPlatform:: Platform Path C:/Users/openfpga/Desktop/project/golden/example3/vitis_ide_v1/7k325t_platform/hw/system_wrapper.xsa
TRACE::2024-09-17.10:58:14::SCWPlatform:: Unique name xilinx:::0.0
TRACE::2024-09-17.10:58:14::SCWPlatform::Trying to set the existing hwdb with name system_wrapper_1
TRACE::2024-09-17.10:58:14::SCWPlatform::Opened existing hwdb system_wrapper_1
TRACE::2024-09-17.10:58:14::SCWPlatform::Found the Hw Db part of the input DSA
TRACE::2024-09-17.10:58:14::SCWMssOS::Checking the sw design at  C:/Users/openfpga/Desktop/project/golden/example3/vitis_ide_v1/7k325t_platform/microblaze_0/standalone_domain/bsp/system.mss
TRACE::2024-09-17.10:58:14::SCWMssOS::DEBUG:  swdes dump  C:/Users/openfpga/Desktop/project/golden/example3/vitis_ide_v1/7k325t_platform/microblaze_0/standalone_domain/bsp/system.mss|system||

TRACE::2024-09-17.10:58:14::SCWMssOS::Sw design exists and opened at  C:/Users/openfpga/Desktop/project/golden/example3/vitis_ide_v1/7k325t_platform/microblaze_0/standalone_domain/bsp/system.mss
TRACE::2024-09-17.10:58:14::SCWMssOS::Removing the swdes entry for  C:/Users/openfpga/Desktop/project/golden/example3/vitis_ide_v1/7k325t_platform/microblaze_0/standalone_domain/bsp/system.mss
