#-----------------------------------------------------------
# Vivado v2024.1 (64-bit)
# SW Build 5076996 on Wed May 22 18:37:14 MDT 2024
# IP Build 5075265 on Wed May 22 21:45:21 MDT 2024
# SharedData Build 5076995 on Wed May 22 18:29:18 MDT 2024
# Start of session at: Mon Sep 16 13:42:38 2024
# Process ID: 18684
# Current directory: C:/Users/openfpga/Desktop/project/Binary/example2_5
# Command line: vivado.exe -notrace -mode batch -source ./tcl/gen.tcl
# Log file: C:/Users/openfpga/Desktop/project/Binary/example2_5/vivado.log
# Journal file: C:/Users/openfpga/Desktop/project/Binary/example2_5\vivado.jou
# Running On        :DESKTOP-E0LD1A9
# Platform          :Windows Server 2016 or Windows 10
# Operating System  :19045
# Processor Detail  :12th Gen Intel(R) Core(TM) i7-12700K
# CPU Frequency     :3610 MHz
# CPU Physical cores:12
# CPU Logical cores :20
# Host memory       :51317 MB
# Swap memory       :7516 MB
# Total Virtual     :58833 MB
# Available Virtual :39240 MB
#-----------------------------------------------------------
source ./tcl/gen.tcl -notrace
Command: write_cfgmem -format mcs -size 16 -interface SPIx4 -loadbit {up 0x00000000 "./src/golden.bit" up 0x00800000 "./src/multiboot.bit" } -checksum -force -file ./mcs/generate.mcs
Creating config memory files...
Creating bitstream load up from address 0x00000000
Loading bitfile ./src/golden.bit
Creating bitstream load up from address 0x00800000
Loading bitfile ./src/multiboot.bit
Writing file ./mcs/generate.mcs
Writing log file ./mcs/generate.prm
===================================
Configuration Memory information
===================================
File Format        MCS
Interface          SPIX4
Size               16M
Start Address      0x00000000
End Address        0x00FFFFFF
Checksum           0xE05861A2
Fill Value         0xFF

Addr1         Addr2         Date                    File(s)                Checksum
0x00000000    0x000FF00B    Sep 16 13:29:15 2024    ./src/golden.bit       0x00A74DF6
0x00800000    0x0090265B    Sep 16 13:41:07 2024    ./src/multiboot.bit    0x00A76544
File Checksum Total                                                        0x014EB33A
0 Infos, 0 Warnings, 0 Critical Warnings and 0 Errors encountered.
write_cfgmem completed successfully
INFO: [Common 17-206] Exiting Vivado at Mon Sep 16 13:42:42 2024...
