
*** Running vivado
    with args -log top.vds -m64 -product Vivado -mode batch -messageDb vivado.pb -notrace -source top.tcl



****** Vivado v2024.1 (64-bit)
  **** SW Build 5076996 on Wed May 22 18:37:14 MDT 2024
  **** IP Build 5075265 on Wed May 22 21:45:21 MDT 2024
  **** SharedData Build 5076995 on Wed May 22 18:29:18 MDT 2024
  **** Start of session at: Tue Sep 24 12:35:54 2024
    ** Copyright 1986-2022 Xilinx, Inc. All Rights Reserved.
    ** Copyright 2022-2024 Advanced Micro Devices, Inc. All Rights Reserved.

source top.tcl -notrace
create_project: Time (s): cpu = 00:00:05 ; elapsed = 00:00:06 . Memory (MB): peak = 550.988 ; gain = 199.871
INFO: [IP_Flow 19-234] Refreshing IP repositories
INFO: [IP_Flow 19-1700] Loaded user IP repository 'e:/project/ip/icape2_ctrl_v1.1'.
INFO: [IP_Flow 19-2313] Loaded Vivado IP repository 'D:/Xilinx/Vivado/2024.1/data/ip'.
Command: read_checkpoint -auto_incremental -incremental E:/project/multiboot/example6_2/project_1.srcs/utils_1/imports/synth_1/top.dcp
INFO: [Vivado 12-5825] Read reference checkpoint from E:/project/multiboot/example6_2/project_1.srcs/utils_1/imports/synth_1/top.dcp for incremental synthesis
INFO: [Vivado 12-7989] Please ensure there are no constraint changes
Command: synth_design -top top -part xc7vx690tffg1927-2
Starting synth_design
Attempting to get a license for feature 'Synthesis' and/or device 'xc7vx690t'
INFO: [Common 17-349] Got license for feature 'Synthesis' and/or device 'xc7vx690t'
INFO: [Device 21-403] Loading part xc7vx690tffg1927-2
INFO: [Device 21-9227] Part: xc7vx690tffg1927-2 does not have CEAM library.
INFO: [Designutils 20-5440] No compile time benefit to using incremental synthesis; A full resynthesis will be run
INFO: [Designutils 20-4379] Flow is switching to default flow due to incremental criteria not met. If you would like to alter this behaviour and have the flow terminate instead, please set the following parameter config_implementation {autoIncr.Synth.RejectBehavior Terminate}
INFO: [Synth 8-7079] Multithreading enabled for synth_design using a maximum of 2 processes.
INFO: [Synth 8-7078] Launching helper process for spawning children vivado processes
INFO: [Synth 8-7075] Helper process launched with PID 14420
---------------------------------------------------------------------------------
Starting RTL Elaboration : Time (s): cpu = 00:00:04 ; elapsed = 00:00:05 . Memory (MB): peak = 1641.211 ; gain = 447.938
---------------------------------------------------------------------------------
WARNING: [Synth 8-11065] parameter 'CNT_10MS' becomes localparam in 'key_jitter' with formal parameter declaration list [E:/project/multiboot/example6_2/project_1.srcs/sources_1/new/key_jitter.v:33]
WARNING: [Synth 8-11065] parameter 'KEY_S0' becomes localparam in 'key_jitter' with formal parameter declaration list [E:/project/multiboot/example6_2/project_1.srcs/sources_1/new/key_jitter.v:34]
WARNING: [Synth 8-11065] parameter 'KEY_S1' becomes localparam in 'key_jitter' with formal parameter declaration list [E:/project/multiboot/example6_2/project_1.srcs/sources_1/new/key_jitter.v:35]
WARNING: [Synth 8-11065] parameter 'KEY_S2' becomes localparam in 'key_jitter' with formal parameter declaration list [E:/project/multiboot/example6_2/project_1.srcs/sources_1/new/key_jitter.v:36]
WARNING: [Synth 8-11065] parameter 'KEY_S3' becomes localparam in 'key_jitter' with formal parameter declaration list [E:/project/multiboot/example6_2/project_1.srcs/sources_1/new/key_jitter.v:37]
INFO: [Synth 8-11241] undeclared symbol 'key_cap', assumed default net type 'wire' [E:/project/multiboot/example6_2/project_1.srcs/sources_1/new/top.v:41]
INFO: [Synth 8-6157] synthesizing module 'top' [E:/project/multiboot/example6_2/project_1.srcs/sources_1/new/top.v:3]
INFO: [Synth 8-6157] synthesizing module 'IBUFDS' [D:/Xilinx/Vivado/2024.1/scripts/rt/data/unisim_comp.v:73658]
	Parameter DIFF_TERM bound to: TRUE - type: string 
	Parameter IBUF_LOW_PWR bound to: TRUE - type: string 
	Parameter IOSTANDARD bound to: DEFAULT - type: string 
INFO: [Synth 8-6155] done synthesizing module 'IBUFDS' (0#1) [D:/Xilinx/Vivado/2024.1/scripts/rt/data/unisim_comp.v:73658]
INFO: [Synth 8-6157] synthesizing module 'key_jitter' [E:/project/multiboot/example6_2/project_1.srcs/sources_1/new/key_jitter.v:23]
	Parameter CLK_FREQ bound to: 200000000 - type: integer 
INFO: [Synth 8-6155] done synthesizing module 'key_jitter' (0#1) [E:/project/multiboot/example6_2/project_1.srcs/sources_1/new/key_jitter.v:23]
WARNING: [Synth 8-4446] all outputs are unconnected for this instance and logic may be removed [E:/project/multiboot/example6_2/project_1.srcs/sources_1/new/top.v:46]
INFO: [Synth 8-6157] synthesizing module 'icape2_ctrl_0' [E:/project/multiboot/example6_2/project_1.runs/synth_1/.Xil/Vivado-12352-MININT-7LTFL4B/realtime/icape2_ctrl_0_stub.v:6]
INFO: [Synth 8-6155] done synthesizing module 'icape2_ctrl_0' (0#1) [E:/project/multiboot/example6_2/project_1.runs/synth_1/.Xil/Vivado-12352-MININT-7LTFL4B/realtime/icape2_ctrl_0_stub.v:6]
INFO: [Synth 8-6157] synthesizing module 'led_blink' [E:/project/multiboot/example6_2/project_1.srcs/sources_1/new/led_blink.v:1]
INFO: [Synth 8-6155] done synthesizing module 'led_blink' (0#1) [E:/project/multiboot/example6_2/project_1.srcs/sources_1/new/led_blink.v:1]
INFO: [Synth 8-6157] synthesizing module 'uart_top' [E:/project/multiboot/example6_2/project_1.srcs/sources_1/new/uart_top.v:3]
INFO: [Synth 8-6157] synthesizing module 'uiuart_tx' [E:/project/multiboot/example6_2/project_1.srcs/sources_1/new/uiuart_tx.v:4]
	Parameter BAUD_DIV bound to: 1735 - type: integer 
INFO: [Synth 8-6155] done synthesizing module 'uiuart_tx' (0#1) [E:/project/multiboot/example6_2/project_1.srcs/sources_1/new/uiuart_tx.v:4]
INFO: [Synth 8-6155] done synthesizing module 'uart_top' (0#1) [E:/project/multiboot/example6_2/project_1.srcs/sources_1/new/uart_top.v:3]
INFO: [Synth 8-6155] done synthesizing module 'top' (0#1) [E:/project/multiboot/example6_2/project_1.srcs/sources_1/new/top.v:3]
WARNING: [Synth 8-7129] Port key[0] in module top is either unconnected or has no load
---------------------------------------------------------------------------------
Finished RTL Elaboration : Time (s): cpu = 00:00:06 ; elapsed = 00:00:07 . Memory (MB): peak = 1754.141 ; gain = 560.867
---------------------------------------------------------------------------------
---------------------------------------------------------------------------------
Start Handling Custom Attributes
---------------------------------------------------------------------------------
---------------------------------------------------------------------------------
Finished Handling Custom Attributes : Time (s): cpu = 00:00:06 ; elapsed = 00:00:07 . Memory (MB): peak = 1754.141 ; gain = 560.867
---------------------------------------------------------------------------------
---------------------------------------------------------------------------------
Finished RTL Optimization Phase 1 : Time (s): cpu = 00:00:06 ; elapsed = 00:00:07 . Memory (MB): peak = 1754.141 ; gain = 560.867
---------------------------------------------------------------------------------
Netlist sorting complete. Time (s): cpu = 00:00:00 ; elapsed = 00:00:00.006 . Memory (MB): peak = 1754.141 ; gain = 0.000
INFO: [Netlist 29-17] Analyzing 1 Unisim elements for replacement
INFO: [Netlist 29-28] Unisim Transformation completed in 0 CPU seconds
INFO: [Project 1-570] Preparing netlist for logic optimization

Processing XDC Constraints
Initializing timing engine
Parsing XDC File [e:/project/multiboot/example6_2/project_1.gen/sources_1/ip/icape2_ctrl_0/icape2_ctrl_0/icape2_ctrl_0_in_context.xdc] for cell 'icape2_inst'
Finished Parsing XDC File [e:/project/multiboot/example6_2/project_1.gen/sources_1/ip/icape2_ctrl_0/icape2_ctrl_0/icape2_ctrl_0_in_context.xdc] for cell 'icape2_inst'
Parsing XDC File [E:/project/multiboot/example6_2/project_1.srcs/constrs_1/new/sys.xdc]
Finished Parsing XDC File [E:/project/multiboot/example6_2/project_1.srcs/constrs_1/new/sys.xdc]
INFO: [Project 1-236] Implementation specific constraints were found while reading constraint file [E:/project/multiboot/example6_2/project_1.srcs/constrs_1/new/sys.xdc]. These constraints will be ignored for synthesis but will be used in implementation. Impacted constraints are listed in the file [.Xil/top_propImpl.xdc].
Resolution: To avoid this warning, move constraints listed in [.Xil/top_propImpl.xdc] to another XDC file and exclude this new file from synthesis with the used_in_synthesis property (File Properties dialog in GUI) and re-run elaboration/synthesis.
Completed Processing XDC Constraints

Netlist sorting complete. Time (s): cpu = 00:00:00 ; elapsed = 00:00:00.001 . Memory (MB): peak = 1866.906 ; gain = 0.000
INFO: [Project 1-111] Unisim Transformation Summary:
No Unisim elements were transformed.

Constraint Validation Runtime : Time (s): cpu = 00:00:00 ; elapsed = 00:00:00.006 . Memory (MB): peak = 1866.906 ; gain = 0.000
INFO: [Designutils 20-5440] No compile time benefit to using incremental synthesis; A full resynthesis will be run
INFO: [Designutils 20-4379] Flow is switching to default flow due to incremental criteria not met. If you would like to alter this behaviour and have the flow terminate instead, please set the following parameter config_implementation {autoIncr.Synth.RejectBehavior Terminate}
---------------------------------------------------------------------------------
Finished Constraint Validation : Time (s): cpu = 00:00:16 ; elapsed = 00:00:16 . Memory (MB): peak = 1866.906 ; gain = 673.633
---------------------------------------------------------------------------------
---------------------------------------------------------------------------------
Start Loading Part and Timing Information
---------------------------------------------------------------------------------
Loading part: xc7vx690tffg1927-2
---------------------------------------------------------------------------------
Finished Loading Part and Timing Information : Time (s): cpu = 00:00:16 ; elapsed = 00:00:16 . Memory (MB): peak = 1866.906 ; gain = 673.633
---------------------------------------------------------------------------------
---------------------------------------------------------------------------------
Start Applying 'set_property' XDC Constraints
---------------------------------------------------------------------------------
Applied set_property KEEP_HIERARCHY = SOFT for icape2_inst. (constraint file  auto generated constraint).
---------------------------------------------------------------------------------
Finished applying 'set_property' XDC Constraints : Time (s): cpu = 00:00:16 ; elapsed = 00:00:16 . Memory (MB): peak = 1866.906 ; gain = 673.633
---------------------------------------------------------------------------------
INFO: [Synth 8-802] inferred FSM for state register 'key_s_reg' in module 'key_jitter'
INFO: [Synth 8-802] inferred FSM for state register 'S_UART_TX_reg' in module 'uart_top'
INFO: [Synth 8-6159] Found Keep on FSM register 'key_s_reg' in module 'key_jitter', re-encoding will not be performed
---------------------------------------------------------------------------------------------------
                   State |                     New Encoding |                Previous Encoding 
---------------------------------------------------------------------------------------------------
                  KEY_S0 |                               00 |                               00
                  KEY_S1 |                               01 |                               01
                  KEY_S2 |                               10 |                               10
                  KEY_S3 |                               11 |                               11
---------------------------------------------------------------------------------------------------
---------------------------------------------------------------------------------------------------
                   State |                     New Encoding |                Previous Encoding 
---------------------------------------------------------------------------------------------------
                 iSTATE2 |                               00 |                               00
                  iSTATE |                               01 |                               01
                 iSTATE0 |                               10 |                               10
                 iSTATE1 |                               11 |                               11
---------------------------------------------------------------------------------------------------
INFO: [Synth 8-3354] encoded FSM with state register 'S_UART_TX_reg' using encoding 'sequential' in module 'uart_top'
---------------------------------------------------------------------------------
Finished RTL Optimization Phase 2 : Time (s): cpu = 00:00:16 ; elapsed = 00:00:17 . Memory (MB): peak = 1866.906 ; gain = 673.633
---------------------------------------------------------------------------------
---------------------------------------------------------------------------------
Start RTL Component Statistics 
---------------------------------------------------------------------------------
Detailed RTL Component Info : 
+---Adders : 
	   2 Input   32 Bit       Adders := 1     
	   2 Input   11 Bit       Adders := 1     
	   2 Input    5 Bit       Adders := 1     
	   2 Input    4 Bit       Adders := 1     
+---Registers : 
	               32 Bit    Registers := 1     
	               11 Bit    Registers := 1     
	               10 Bit    Registers := 1     
	                8 Bit    Registers := 12    
	                5 Bit    Registers := 1     
	                4 Bit    Registers := 1     
	                2 Bit    Registers := 1     
	                1 Bit    Registers := 5     
+---Muxes : 
	   2 Input   10 Bit        Muxes := 1     
	   2 Input    5 Bit        Muxes := 1     
	   4 Input    2 Bit        Muxes := 2     
	   2 Input    2 Bit        Muxes := 7     
	   2 Input    1 Bit        Muxes := 2     
	   3 Input    1 Bit        Muxes := 1     
	   4 Input    1 Bit        Muxes := 6     
---------------------------------------------------------------------------------
Finished RTL Component Statistics 
---------------------------------------------------------------------------------
---------------------------------------------------------------------------------
Start Part Resource Summary
---------------------------------------------------------------------------------
Part Resources:
DSPs: 3600 (col length:200)
BRAMs: 2940 (col length: RAMB18 200 RAMB36 100)
---------------------------------------------------------------------------------
Finished Part Resource Summary
---------------------------------------------------------------------------------
---------------------------------------------------------------------------------
Start Cross Boundary and Area Optimization
---------------------------------------------------------------------------------
WARNING: [Synth 8-7080] Parallel synthesis criteria is not met
WARNING: [Synth 8-7129] Port key[0] in module top is either unconnected or has no load
---------------------------------------------------------------------------------
Finished Cross Boundary and Area Optimization : Time (s): cpu = 00:00:18 ; elapsed = 00:00:19 . Memory (MB): peak = 1866.906 ; gain = 673.633
---------------------------------------------------------------------------------
---------------------------------------------------------------------------------
Start Applying XDC Timing Constraints
---------------------------------------------------------------------------------
---------------------------------------------------------------------------------
Finished Applying XDC Timing Constraints : Time (s): cpu = 00:00:25 ; elapsed = 00:00:26 . Memory (MB): peak = 1866.906 ; gain = 673.633
---------------------------------------------------------------------------------
---------------------------------------------------------------------------------
Start Timing Optimization
---------------------------------------------------------------------------------
---------------------------------------------------------------------------------
Finished Timing Optimization : Time (s): cpu = 00:00:26 ; elapsed = 00:00:26 . Memory (MB): peak = 1866.906 ; gain = 673.633
---------------------------------------------------------------------------------
---------------------------------------------------------------------------------
Start Technology Mapping
---------------------------------------------------------------------------------
---------------------------------------------------------------------------------
Finished Technology Mapping : Time (s): cpu = 00:00:26 ; elapsed = 00:00:26 . Memory (MB): peak = 1866.906 ; gain = 673.633
---------------------------------------------------------------------------------
---------------------------------------------------------------------------------
Start IO Insertion
---------------------------------------------------------------------------------
---------------------------------------------------------------------------------
Start Flattening Before IO Insertion
---------------------------------------------------------------------------------
---------------------------------------------------------------------------------
Finished Flattening Before IO Insertion
---------------------------------------------------------------------------------
---------------------------------------------------------------------------------
Start Final Netlist Cleanup
---------------------------------------------------------------------------------
---------------------------------------------------------------------------------
Finished Final Netlist Cleanup
---------------------------------------------------------------------------------
---------------------------------------------------------------------------------
Finished IO Insertion : Time (s): cpu = 00:00:30 ; elapsed = 00:00:31 . Memory (MB): peak = 1866.906 ; gain = 673.633
---------------------------------------------------------------------------------
---------------------------------------------------------------------------------
Start Renaming Generated Instances
---------------------------------------------------------------------------------
---------------------------------------------------------------------------------
Finished Renaming Generated Instances : Time (s): cpu = 00:00:30 ; elapsed = 00:00:31 . Memory (MB): peak = 1866.906 ; gain = 673.633
---------------------------------------------------------------------------------
---------------------------------------------------------------------------------
Start Rebuilding User Hierarchy
---------------------------------------------------------------------------------
---------------------------------------------------------------------------------
Finished Rebuilding User Hierarchy : Time (s): cpu = 00:00:30 ; elapsed = 00:00:31 . Memory (MB): peak = 1866.906 ; gain = 673.633
---------------------------------------------------------------------------------
---------------------------------------------------------------------------------
Start Renaming Generated Ports
---------------------------------------------------------------------------------
---------------------------------------------------------------------------------
Finished Renaming Generated Ports : Time (s): cpu = 00:00:30 ; elapsed = 00:00:31 . Memory (MB): peak = 1866.906 ; gain = 673.633
---------------------------------------------------------------------------------
---------------------------------------------------------------------------------
Start Handling Custom Attributes
---------------------------------------------------------------------------------
---------------------------------------------------------------------------------
Finished Handling Custom Attributes : Time (s): cpu = 00:00:30 ; elapsed = 00:00:31 . Memory (MB): peak = 1866.906 ; gain = 673.633
---------------------------------------------------------------------------------
---------------------------------------------------------------------------------
Start Renaming Generated Nets
---------------------------------------------------------------------------------
---------------------------------------------------------------------------------
Finished Renaming Generated Nets : Time (s): cpu = 00:00:30 ; elapsed = 00:00:31 . Memory (MB): peak = 1866.906 ; gain = 673.633
---------------------------------------------------------------------------------
---------------------------------------------------------------------------------
Start Writing Synthesis Report
---------------------------------------------------------------------------------

Report BlackBoxes: 
+------+--------------+----------+
|      |BlackBox name |Instances |
+------+--------------+----------+
|1     |icape2_ctrl_0 |         1|
+------+--------------+----------+

Report Cell Usage: 
+------+------------+------+
|      |Cell        |Count |
+------+------------+------+
|1     |icape2_ctrl |     1|
|2     |BUFG        |     1|
|3     |CARRY4      |    26|
|4     |LUT1        |     8|
|5     |LUT2        |     6|
|6     |LUT3        |     6|
|7     |LUT4        |    21|
|8     |LUT5        |    22|
|9     |LUT6        |    21|
|10    |FDRE        |   146|
|11    |IBUF        |     1|
|12    |IBUFDS      |     1|
|13    |OBUF        |     2|
+------+------------+------+
---------------------------------------------------------------------------------
Finished Writing Synthesis Report : Time (s): cpu = 00:00:30 ; elapsed = 00:00:31 . Memory (MB): peak = 1866.906 ; gain = 673.633
---------------------------------------------------------------------------------
Synthesis finished with 0 errors, 0 critical warnings and 2 warnings.
Synthesis Optimization Runtime : Time (s): cpu = 00:00:20 ; elapsed = 00:00:27 . Memory (MB): peak = 1866.906 ; gain = 560.867
Synthesis Optimization Complete : Time (s): cpu = 00:00:30 ; elapsed = 00:00:31 . Memory (MB): peak = 1866.906 ; gain = 673.633
INFO: [Project 1-571] Translating synthesized netlist
Netlist sorting complete. Time (s): cpu = 00:00:00 ; elapsed = 00:00:00.002 . Memory (MB): peak = 1866.906 ; gain = 0.000
INFO: [Netlist 29-17] Analyzing 27 Unisim elements for replacement
INFO: [Netlist 29-28] Unisim Transformation completed in 0 CPU seconds
INFO: [Project 1-570] Preparing netlist for logic optimization
INFO: [Opt 31-138] Pushed 0 inverter(s) to 0 load pin(s).
Netlist sorting complete. Time (s): cpu = 00:00:00 ; elapsed = 00:00:00 . Memory (MB): peak = 1866.906 ; gain = 0.000
INFO: [Project 1-111] Unisim Transformation Summary:
No Unisim elements were transformed.

Synth Design complete | Checksum: 266ea19c
INFO: [Common 17-83] Releasing license: Synthesis
46 Infos, 9 Warnings, 0 Critical Warnings and 0 Errors encountered.
synth_design completed successfully
synth_design: Time (s): cpu = 00:00:43 ; elapsed = 00:00:44 . Memory (MB): peak = 1866.906 ; gain = 1301.891
Write ShapeDB Complete: Time (s): cpu = 00:00:00 ; elapsed = 00:00:00.001 . Memory (MB): peak = 1866.906 ; gain = 0.000
INFO: [Common 17-1381] The checkpoint 'E:/project/multiboot/example6_2/project_1.runs/synth_1/top.dcp' has been generated.
INFO: [Vivado 12-24828] Executing command : report_utilization -file top_utilization_synth.rpt -pb top_utilization_synth.pb
INFO: [Common 17-206] Exiting Vivado at Tue Sep 24 12:36:47 2024...
