
*** Running vivado
    with args -log system_ilmb_v10_1.vds -m64 -product Vivado -mode batch -messageDb vivado.pb -notrace -source system_ilmb_v10_1.tcl



****** Vivado v2024.1 (64-bit)
  **** SW Build 5076996 on Wed May 22 18:37:14 MDT 2024
  **** IP Build 5075265 on Wed May 22 21:45:21 MDT 2024
  **** SharedData Build 5076995 on Wed May 22 18:29:18 MDT 2024
  **** Start of session at: Fri Sep 20 09:09:33 2024
    ** Copyright 1986-2022 Xilinx, Inc. All Rights Reserved.
    ** Copyright 2022-2024 Advanced Micro Devices, Inc. All Rights Reserved.

source system_ilmb_v10_1.tcl -notrace
create_project: Time (s): cpu = 00:00:08 ; elapsed = 00:00:08 . Memory (MB): peak = 551.957 ; gain = 198.754
INFO: [IP_Flow 19-6924] IPCACHE: Running cache check for IP inst: system_ilmb_v10_1
INFO: [IP_Flow 19-6922] IPCACHE: Exporting cached entry db3814ff9a57d209 to dir: E:/project/golden/example6/project_1.runs/system_ilmb_v10_1_synth_1
INFO: [IP_Flow 19-6928] IPCACHE: copied cached file e:/project/golden/example6/project_1.cache/ip/2024.1/d/b/db3814ff9a57d209/system_dlmb_v10_1.dcp to E:/project/golden/example6/project_1.runs/system_ilmb_v10_1_synth_1/system_ilmb_v10_1.dcp.
INFO: [IP_Flow 19-6928] IPCACHE: copied cached file e:/project/golden/example6/project_1.cache/ip/2024.1/d/b/db3814ff9a57d209/system_dlmb_v10_1_sim_netlist.v to E:/project/golden/example6/project_1.runs/system_ilmb_v10_1_synth_1/system_ilmb_v10_1_sim_netlist.v.
INFO: [IP_Flow 19-6928] IPCACHE: copied cached file e:/project/golden/example6/project_1.cache/ip/2024.1/d/b/db3814ff9a57d209/system_dlmb_v10_1_sim_netlist.vhdl to E:/project/golden/example6/project_1.runs/system_ilmb_v10_1_synth_1/system_ilmb_v10_1_sim_netlist.vhdl.
INFO: [IP_Flow 19-6928] IPCACHE: copied cached file e:/project/golden/example6/project_1.cache/ip/2024.1/d/b/db3814ff9a57d209/system_dlmb_v10_1_stub.v to E:/project/golden/example6/project_1.runs/system_ilmb_v10_1_synth_1/system_ilmb_v10_1_stub.v.
INFO: [IP_Flow 19-6928] IPCACHE: copied cached file e:/project/golden/example6/project_1.cache/ip/2024.1/d/b/db3814ff9a57d209/system_dlmb_v10_1_stub.vhdl to E:/project/golden/example6/project_1.runs/system_ilmb_v10_1_synth_1/system_ilmb_v10_1_stub.vhdl.
INFO: [IP_Flow 19-4838] Using cached IP synthesis design for IP system_ilmb_v10_1, cache-ID = db3814ff9a57d209.
INFO: [Common 17-206] Exiting Vivado at Fri Sep 20 09:09:45 2024...
